[ 2017-12-17T00:12:01+08:00 ] 211.138.125.213 /
INFO: [ app_init ] --START--
INFO: Run Behavior\BuildLiteBehavior [ RunTime:0.000016s ]
INFO: [ app_init ] --END-- [ RunTime:0.000110s ]
INFO: [ app_begin ] --START--
INFO: Run Behavior\ReadHtmlCacheBehavior [ RunTime:0.000042s ]
INFO: [ app_begin ] --END-- [ RunTime:0.000095s ]
SQL: SHOW COLUMNS FROM `fuwu` [ RunTime:0.0034s ]
NOTIC: [8] Undefined variable: where /bweb/www.buy297.com/wangxin/Home/Controller/IndexController.class.php 第 11 行.
SQL: SELECT COUNT(*) AS tp_count FROM `fuwu` LIMIT 1   [ RunTime:0.0031s ]
SQL: SHOW COLUMNS FROM `fuwushang` [ RunTime:0.0032s ]
SQL: SELECT COUNT(*) AS tp_count FROM `fuwushang` WHERE `biaoshi` = 1 LIMIT 1   [ RunTime:0.0031s ]
NOTIC: [2] Missing argument 1 for Think\Model::where(), called in /bweb/www.buy297.com/wangxin/Home/Controller/IndexController.class.php on line 18 and defined /bweb/www.buy297.com/ThinkPHP/Library/Think/Model.class.php 第 1797 行.
NOTIC: [8] Undefined variable: where /bweb/www.buy297.com/ThinkPHP/Library/Think/Model.class.php 第 1805 行.
NOTIC: [8] Undefined variable: where /bweb/www.buy297.com/ThinkPHP/Library/Think/Model.class.php 第 1808 行.
NOTIC: [8] Undefined variable: where /bweb/www.buy297.com/ThinkPHP/Library/Think/Model.class.php 第 1816 行.
SQL: SELECT * FROM `fuwu` ORDER BY id asc LIMIT 0,6   [ RunTime:0.0031s ]
SQL: SELECT * FROM `fuwushang` WHERE `biaoshi` = 1 ORDER BY id asc LIMIT 0,3   [ RunTime:0.0031s ]
SQL: SHOW COLUMNS FROM `wzxx` [ RunTime:0.0034s ]
NOTIC: [2] Missing argument 1 for Think\Model::where(), called in /bweb/www.buy297.com/wangxin/Home/Controller/IndexController.class.php on line 27 and defined /bweb/www.buy297.com/ThinkPHP/Library/Think/Model.class.php 第 1797 行.
NOTIC: [8] Undefined variable: where /bweb/www.buy297.com/ThinkPHP/Library/Think/Model.class.php 第 1805 行.
NOTIC: [8] Undefined variable: where /bweb/www.buy297.com/ThinkPHP/Library/Think/Model.class.php 第 1808 行.
NOTIC: [8] Undefined variable: where /bweb/www.buy297.com/ThinkPHP/Library/Think/Model.class.php 第 1816 行.
SQL: SELECT * FROM `wzxx` LIMIT 1   [ RunTime:0.0031s ]
SQL: SHOW COLUMNS FROM `users` [ RunTime:0.0032s ]
SQL: SELECT `id`,`yuan` FROM `users`  [ RunTime:0.0030s ]
SQL: SHOW COLUMNS FROM `huodong` [ RunTime:0.0031s ]
NOTIC: [8] Undefined variable: where /bweb/www.buy297.com/wangxin/Home/Controller/IndexController.class.php 第 31 行.
SQL: SELECT `title`,`id`,`orders` FROM `huodong` ORDER BY orders desc  [ RunTime:0.0031s ]
NOTIC: [8] Undefined variable: page /bweb/www.buy297.com/wangxin/Home/Controller/IndexController.class.php 第 32 行.
NOTIC: [8] Undefined variable: pages /bweb/www.buy297.com/wangxin/Home/Controller/IndexController.class.php 第 33 行.
INFO: [ view_parse ] --START--
INFO: [ template_filter ] --START--
INFO: Run Behavior\ContentReplaceBehavior [ RunTime:0.000100s ]
INFO: [ template_filter ] --END-- [ RunTime:0.000159s ]
INFO: Run Behavior\ParseTemplateBehavior [ RunTime:0.007154s ]
INFO: [ view_parse ] --END-- [ RunTime:0.007211s ]
INFO: [ view_filter ] --START--
INFO: Run Behavior\WriteHtmlCacheBehavior [ RunTime:0.000045s ]
INFO: [ view_filter ] --END-- [ RunTime:0.000087s ]
INFO: [ app_end ] --START--
INFO: Run Behavior\ShowPageTraceBehavior [ RunTime:0.000042s ]
INFO: [ app_end ] --END-- [ RunTime:0.000090s ]

[ 2017-12-17T01:29:42+08:00 ] 211.138.125.213 /
INFO: [ app_init ] --START--
INFO: Run Behavior\BuildLiteBehavior [ RunTime:0.000016s ]
INFO: [ app_init ] --END-- [ RunTime:0.000106s ]
INFO: [ app_begin ] --START--
INFO: Run Behavior\ReadHtmlCacheBehavior [ RunTime:0.000040s ]
INFO: [ app_begin ] --END-- [ RunTime:0.000092s ]
SQL: SHOW COLUMNS FROM `fuwu` [ RunTime:0.0038s ]
NOTIC: [8] Undefined variable: where /bweb/www.buy297.com/wangxin/Home/Controller/IndexController.class.php 第 11 行.
SQL: SELECT COUNT(*) AS tp_count FROM `fuwu` LIMIT 1   [ RunTime:0.0037s ]
SQL: SHOW COLUMNS FROM `fuwushang` [ RunTime:0.0038s ]
SQL: SELECT COUNT(*) AS tp_count FROM `fuwushang` WHERE `biaoshi` = 1 LIMIT 1   [ RunTime:0.0035s ]
NOTIC: [2] Missing argument 1 for Think\Model::where(), called in /bweb/www.buy297.com/wangxin/Home/Controller/IndexController.class.php on line 18 and defined /bweb/www.buy297.com/ThinkPHP/Library/Think/Model.class.php 第 1797 行.
NOTIC: [8] Undefined variable: where /bweb/www.buy297.com/ThinkPHP/Library/Think/Model.class.php 第 1805 行.
NOTIC: [8] Undefined variable: where /bweb/www.buy297.com/ThinkPHP/Library/Think/Model.class.php 第 1808 行.
NOTIC: [8] Undefined variable: where /bweb/www.buy297.com/ThinkPHP/Library/Think/Model.class.php 第 1816 行.
SQL: SELECT * FROM `fuwu` ORDER BY id asc LIMIT 0,6   [ RunTime:0.0035s ]
SQL: SELECT * FROM `fuwushang` WHERE `biaoshi` = 1 ORDER BY id asc LIMIT 0,3   [ RunTime:0.0036s ]
SQL: SHOW COLUMNS FROM `wzxx` [ RunTime:0.0037s ]
NOTIC: [2] Missing argument 1 for Think\Model::where(), called in /bweb/www.buy297.com/wangxin/Home/Controller/IndexController.class.php on line 27 and defined /bweb/www.buy297.com/ThinkPHP/Library/Think/Model.class.php 第 1797 行.
NOTIC: [8] Undefined variable: where /bweb/www.buy297.com/ThinkPHP/Library/Think/Model.class.php 第 1805 行.
NOTIC: [8] Undefined variable: where /bweb/www.buy297.com/ThinkPHP/Library/Think/Model.class.php 第 1808 行.
NOTIC: [8] Undefined variable: where /bweb/www.buy297.com/ThinkPHP/Library/Think/Model.class.php 第 1816 行.
SQL: SELECT * FROM `wzxx` LIMIT 1   [ RunTime:0.0035s ]
SQL: SHOW COLUMNS FROM `users` [ RunTime:0.0036s ]
SQL: SELECT `id`,`yuan` FROM `users`  [ RunTime:0.0034s ]
SQL: SHOW COLUMNS FROM `huodong` [ RunTime:0.0037s ]
NOTIC: [8] Undefined variable: where /bweb/www.buy297.com/wangxin/Home/Controller/IndexController.class.php 第 31 行.
SQL: SELECT `title`,`id`,`orders` FROM `huodong` ORDER BY orders desc  [ RunTime:0.0035s ]
NOTIC: [8] Undefined variable: page /bweb/www.buy297.com/wangxin/Home/Controller/IndexController.class.php 第 32 行.
NOTIC: [8] Undefined variable: pages /bweb/www.buy297.com/wangxin/Home/Controller/IndexController.class.php 第 33 行.
INFO: [ view_parse ] --START--
INFO: [ template_filter ] --START--
INFO: Run Behavior\ContentReplaceBehavior [ RunTime:0.000095s ]
INFO: [ template_filter ] --END-- [ RunTime:0.000151s ]
INFO: Run Behavior\ParseTemplateBehavior [ RunTime:0.007138s ]
INFO: [ view_parse ] --END-- [ RunTime:0.007192s ]
INFO: [ view_filter ] --START--
INFO: Run Behavior\WriteHtmlCacheBehavior [ RunTime:0.000044s ]
INFO: [ view_filter ] --END-- [ RunTime:0.000086s ]
INFO: [ app_end ] --START--
INFO: Run Behavior\ShowPageTraceBehavior [ RunTime:0.000043s ]
INFO: [ app_end ] --END-- [ RunTime:0.000104s ]

[ 2017-12-17T05:34:45+08:00 ] 211.138.125.213 /
INFO: [ app_init ] --START--
INFO: Run Behavior\BuildLiteBehavior [ RunTime:0.000016s ]
INFO: [ app_init ] --END-- [ RunTime:0.000428s ]
INFO: [ app_begin ] --START--
INFO: Run Behavior\ReadHtmlCacheBehavior [ RunTime:0.000573s ]
INFO: [ app_begin ] --END-- [ RunTime:0.000637s ]
SQL: SHOW COLUMNS FROM `fuwu` [ RunTime:0.0039s ]
NOTIC: [8] Undefined variable: where /bweb/www.buy297.com/wangxin/Home/Controller/IndexController.class.php 第 11 行.
SQL: SELECT COUNT(*) AS tp_count FROM `fuwu` LIMIT 1   [ RunTime:0.0036s ]
SQL: SHOW COLUMNS FROM `fuwushang` [ RunTime:0.0038s ]
SQL: SELECT COUNT(*) AS tp_count FROM `fuwushang` WHERE `biaoshi` = 1 LIMIT 1   [ RunTime:0.0036s ]
NOTIC: [2] Missing argument 1 for Think\Model::where(), called in /bweb/www.buy297.com/wangxin/Home/Controller/IndexController.class.php on line 18 and defined /bweb/www.buy297.com/ThinkPHP/Library/Think/Model.class.php 第 1797 行.
NOTIC: [8] Undefined variable: where /bweb/www.buy297.com/ThinkPHP/Library/Think/Model.class.php 第 1805 行.
NOTIC: [8] Undefined variable: where /bweb/www.buy297.com/ThinkPHP/Library/Think/Model.class.php 第 1808 行.
NOTIC: [8] Undefined variable: where /bweb/www.buy297.com/ThinkPHP/Library/Think/Model.class.php 第 1816 行.
SQL: SELECT * FROM `fuwu` ORDER BY id asc LIMIT 0,6   [ RunTime:0.0036s ]
SQL: SELECT * FROM `fuwushang` WHERE `biaoshi` = 1 ORDER BY id asc LIMIT 0,3   [ RunTime:0.0036s ]
SQL: SHOW COLUMNS FROM `wzxx` [ RunTime:0.0038s ]
NOTIC: [2] Missing argument 1 for Think\Model::where(), called in /bweb/www.buy297.com/wangxin/Home/Controller/IndexController.class.php on line 27 and defined /bweb/www.buy297.com/ThinkPHP/Library/Think/Model.class.php 第 1797 行.
NOTIC: [8] Undefined variable: where /bweb/www.buy297.com/ThinkPHP/Library/Think/Model.class.php 第 1805 行.
NOTIC: [8] Undefined variable: where /bweb/www.buy297.com/ThinkPHP/Library/Think/Model.class.php 第 1808 行.
NOTIC: [8] Undefined variable: where /bweb/www.buy297.com/ThinkPHP/Library/Think/Model.class.php 第 1816 行.
SQL: SELECT * FROM `wzxx` LIMIT 1   [ RunTime:0.0036s ]
SQL: SHOW COLUMNS FROM `users` [ RunTime:0.0038s ]
SQL: SELECT `id`,`yuan` FROM `users`  [ RunTime:0.0036s ]
SQL: SHOW COLUMNS FROM `huodong` [ RunTime:0.0037s ]
NOTIC: [8] Undefined variable: where /bweb/www.buy297.com/wangxin/Home/Controller/IndexController.class.php 第 31 行.
SQL: SELECT `title`,`id`,`orders` FROM `huodong` ORDER BY orders desc  [ RunTime:0.0036s ]
NOTIC: [8] Undefined variable: page /bweb/www.buy297.com/wangxin/Home/Controller/IndexController.class.php 第 32 行.
NOTIC: [8] Undefined variable: pages /bweb/www.buy297.com/wangxin/Home/Controller/IndexController.class.php 第 33 行.
INFO: [ view_parse ] --START--
INFO: [ template_filter ] --START--
INFO: Run Behavior\ContentReplaceBehavior [ RunTime:0.000100s ]
INFO: [ template_filter ] --END-- [ RunTime:0.000166s ]
INFO: Run Behavior\ParseTemplateBehavior [ RunTime:0.012690s ]
INFO: [ view_parse ] --END-- [ RunTime:0.012745s ]
INFO: [ view_filter ] --START--
INFO: Run Behavior\WriteHtmlCacheBehavior [ RunTime:0.000191s ]
INFO: [ view_filter ] --END-- [ RunTime:0.000242s ]
INFO: [ app_end ] --START--
INFO: Run Behavior\ShowPageTraceBehavior [ RunTime:0.000593s ]
INFO: [ app_end ] --END-- [ RunTime:0.000651s ]

[ 2017-12-17T08:28:29+08:00 ] 211.138.125.213 /
INFO: [ app_init ] --START--
INFO: Run Behavior\BuildLiteBehavior [ RunTime:0.000017s ]
INFO: [ app_init ] --END-- [ RunTime:0.000116s ]
INFO: [ app_begin ] --START--
INFO: Run Behavior\ReadHtmlCacheBehavior [ RunTime:0.000045s ]
INFO: [ app_begin ] --END-- [ RunTime:0.000103s ]
SQL: SHOW COLUMNS FROM `fuwu` [ RunTime:0.0035s ]
NOTIC: [8] Undefined variable: where /bweb/www.buy297.com/wangxin/Home/Controller/IndexController.class.php 第 11 行.
SQL: SELECT COUNT(*) AS tp_count FROM `fuwu` LIMIT 1   [ RunTime:0.0043s ]
SQL: SHOW COLUMNS FROM `fuwushang` [ RunTime:0.0034s ]
SQL: SELECT COUNT(*) AS tp_count FROM `fuwushang` WHERE `biaoshi` = 1 LIMIT 1   [ RunTime:0.0032s ]
NOTIC: [2] Missing argument 1 for Think\Model::where(), called in /bweb/www.buy297.com/wangxin/Home/Controller/IndexController.class.php on line 18 and defined /bweb/www.buy297.com/ThinkPHP/Library/Think/Model.class.php 第 1797 行.
NOTIC: [8] Undefined variable: where /bweb/www.buy297.com/ThinkPHP/Library/Think/Model.class.php 第 1805 行.
NOTIC: [8] Undefined variable: where /bweb/www.buy297.com/ThinkPHP/Library/Think/Model.class.php 第 1808 行.
NOTIC: [8] Undefined variable: where /bweb/www.buy297.com/ThinkPHP/Library/Think/Model.class.php 第 1816 行.
SQL: SELECT * FROM `fuwu` ORDER BY id asc LIMIT 0,6   [ RunTime:0.0032s ]
SQL: SELECT * FROM `fuwushang` WHERE `biaoshi` = 1 ORDER BY id asc LIMIT 0,3   [ RunTime:0.0032s ]
SQL: SHOW COLUMNS FROM `wzxx` [ RunTime:0.0034s ]
NOTIC: [2] Missing argument 1 for Think\Model::where(), called in /bweb/www.buy297.com/wangxin/Home/Controller/IndexController.class.php on line 27 and defined /bweb/www.buy297.com/ThinkPHP/Library/Think/Model.class.php 第 1797 行.
NOTIC: [8] Undefined variable: where /bweb/www.buy297.com/ThinkPHP/Library/Think/Model.class.php 第 1805 行.
NOTIC: [8] Undefined variable: where /bweb/www.buy297.com/ThinkPHP/Library/Think/Model.class.php 第 1808 行.
NOTIC: [8] Undefined variable: where /bweb/www.buy297.com/ThinkPHP/Library/Think/Model.class.php 第 1816 行.
SQL: SELECT * FROM `wzxx` LIMIT 1   [ RunTime:0.0032s ]
SQL: SHOW COLUMNS FROM `users` [ RunTime:0.0034s ]
SQL: SELECT `id`,`yuan` FROM `users`  [ RunTime:0.0032s ]
SQL: SHOW COLUMNS FROM `huodong` [ RunTime:0.0034s ]
NOTIC: [8] Undefined variable: where /bweb/www.buy297.com/wangxin/Home/Controller/IndexController.class.php 第 31 行.
SQL: SELECT `title`,`id`,`orders` FROM `huodong` ORDER BY orders desc  [ RunTime:0.0032s ]
NOTIC: [8] Undefined variable: page /bweb/www.buy297.com/wangxin/Home/Controller/IndexController.class.php 第 32 行.
NOTIC: [8] Undefined variable: pages /bweb/www.buy297.com/wangxin/Home/Controller/IndexController.class.php 第 33 行.
INFO: [ view_parse ] --START--
INFO: [ template_filter ] --START--
INFO: Run Behavior\ContentReplaceBehavior [ RunTime:0.000088s ]
INFO: [ template_filter ] --END-- [ RunTime:0.000147s ]
INFO: Run Behavior\ParseTemplateBehavior [ RunTime:0.007154s ]
INFO: [ view_parse ] --END-- [ RunTime:0.007209s ]
INFO: [ view_filter ] --START--
INFO: Run Behavior\WriteHtmlCacheBehavior [ RunTime:0.000056s ]
INFO: [ view_filter ] --END-- [ RunTime:0.000102s ]
INFO: [ app_end ] --START--
INFO: Run Behavior\ShowPageTraceBehavior [ RunTime:0.000045s ]
INFO: [ app_end ] --END-- [ RunTime:0.000102s ]

[ 2017-12-17T10:33:41+08:00 ] 211.138.125.213 /
INFO: [ app_init ] --START--
INFO: Run Behavior\BuildLiteBehavior [ RunTime:0.000015s ]
INFO: [ app_init ] --END-- [ RunTime:0.000115s ]
INFO: [ app_begin ] --START--
INFO: Run Behavior\ReadHtmlCacheBehavior [ RunTime:0.000040s ]
INFO: [ app_begin ] --END-- [ RunTime:0.000091s ]
SQL: SHOW COLUMNS FROM `fuwu` [ RunTime:0.0039s ]
NOTIC: [8] Undefined variable: where /bweb/www.buy297.com/wangxin/Home/Controller/IndexController.class.php 第 11 行.
SQL: SELECT COUNT(*) AS tp_count FROM `fuwu` LIMIT 1   [ RunTime:0.0035s ]
SQL: SHOW COLUMNS FROM `fuwushang` [ RunTime:0.0038s ]
SQL: SELECT COUNT(*) AS tp_count FROM `fuwushang` WHERE `biaoshi` = 1 LIMIT 1   [ RunTime:0.0036s ]
NOTIC: [2] Missing argument 1 for Think\Model::where(), called in /bweb/www.buy297.com/wangxin/Home/Controller/IndexController.class.php on line 18 and defined /bweb/www.buy297.com/ThinkPHP/Library/Think/Model.class.php 第 1797 行.
NOTIC: [8] Undefined variable: where /bweb/www.buy297.com/ThinkPHP/Library/Think/Model.class.php 第 1805 行.
NOTIC: [8] Undefined variable: where /bweb/www.buy297.com/ThinkPHP/Library/Think/Model.class.php 第 1808 行.
NOTIC: [8] Undefined variable: where /bweb/www.buy297.com/ThinkPHP/Library/Think/Model.class.php 第 1816 行.
SQL: SELECT * FROM `fuwu` ORDER BY id asc LIMIT 0,6   [ RunTime:0.0046s ]
SQL: SELECT * FROM `fuwushang` WHERE `biaoshi` = 1 ORDER BY id asc LIMIT 0,3   [ RunTime:0.0036s ]
SQL: SHOW COLUMNS FROM `wzxx` [ RunTime:0.0038s ]
NOTIC: [2] Missing argument 1 for Think\Model::where(), called in /bweb/www.buy297.com/wangxin/Home/Controller/IndexController.class.php on line 27 and defined /bweb/www.buy297.com/ThinkPHP/Library/Think/Model.class.php 第 1797 行.
NOTIC: [8] Undefined variable: where /bweb/www.buy297.com/ThinkPHP/Library/Think/Model.class.php 第 1805 行.
NOTIC: [8] Undefined variable: where /bweb/www.buy297.com/ThinkPHP/Library/Think/Model.class.php 第 1808 行.
NOTIC: [8] Undefined variable: where /bweb/www.buy297.com/ThinkPHP/Library/Think/Model.class.php 第 1816 行.
SQL: SELECT * FROM `wzxx` LIMIT 1   [ RunTime:0.0036s ]
SQL: SHOW COLUMNS FROM `users` [ RunTime:0.0037s ]
SQL: SELECT `id`,`yuan` FROM `users`  [ RunTime:0.0036s ]
SQL: SHOW COLUMNS FROM `huodong` [ RunTime:0.0039s ]
NOTIC: [8] Undefined variable: where /bweb/www.buy297.com/wangxin/Home/Controller/IndexController.class.php 第 31 行.
SQL: SELECT `title`,`id`,`orders` FROM `huodong` ORDER BY orders desc  [ RunTime:0.0036s ]
NOTIC: [8] Undefined variable: page /bweb/www.buy297.com/wangxin/Home/Controller/IndexController.class.php 第 32 行.
NOTIC: [8] Undefined variable: pages /bweb/www.buy297.com/wangxin/Home/Controller/IndexController.class.php 第 33 行.
INFO: [ view_parse ] --START--
INFO: [ template_filter ] --START--
INFO: Run Behavior\ContentReplaceBehavior [ RunTime:0.000087s ]
INFO: [ template_filter ] --END-- [ RunTime:0.000143s ]
INFO: Run Behavior\ParseTemplateBehavior [ RunTime:0.007124s ]
INFO: [ view_parse ] --END-- [ RunTime:0.007179s ]
INFO: [ view_filter ] --START--
INFO: Run Behavior\WriteHtmlCacheBehavior [ RunTime:0.000043s ]
INFO: [ view_filter ] --END-- [ RunTime:0.000084s ]
INFO: [ app_end ] --START--
INFO: Run Behavior\ShowPageTraceBehavior [ RunTime:0.000042s ]
INFO: [ app_end ] --END-- [ RunTime:0.000099s ]

[ 2017-12-17T10:58:54+08:00 ] 106.11.227.223 /
INFO: [ app_init ] --START--
INFO: Run Behavior\BuildLiteBehavior [ RunTime:0.000018s ]
INFO: [ app_init ] --END-- [ RunTime:0.000139s ]
INFO: [ app_begin ] --START--
INFO: Run Behavior\ReadHtmlCacheBehavior [ RunTime:0.000074s ]
INFO: [ app_begin ] --END-- [ RunTime:0.000136s ]
SQL: SHOW COLUMNS FROM `fuwu` [ RunTime:0.0038s ]
NOTIC: [8] Undefined variable: where /bweb/www.buy297.com/wangxin/Home/Controller/IndexController.class.php 第 11 行.
SQL: SELECT COUNT(*) AS tp_count FROM `fuwu` LIMIT 1   [ RunTime:0.0033s ]
SQL: SHOW COLUMNS FROM `fuwushang` [ RunTime:0.0035s ]
SQL: SELECT COUNT(*) AS tp_count FROM `fuwushang` WHERE `biaoshi` = 1 LIMIT 1   [ RunTime:0.0033s ]
NOTIC: [2] Missing argument 1 for Think\Model::where(), called in /bweb/www.buy297.com/wangxin/Home/Controller/IndexController.class.php on line 18 and defined /bweb/www.buy297.com/ThinkPHP/Library/Think/Model.class.php 第 1797 行.
NOTIC: [8] Undefined variable: where /bweb/www.buy297.com/ThinkPHP/Library/Think/Model.class.php 第 1805 行.
NOTIC: [8] Undefined variable: where /bweb/www.buy297.com/ThinkPHP/Library/Think/Model.class.php 第 1808 行.
NOTIC: [8] Undefined variable: where /bweb/www.buy297.com/ThinkPHP/Library/Think/Model.class.php 第 1816 行.
SQL: SELECT * FROM `fuwu` ORDER BY id asc LIMIT 0,6   [ RunTime:0.0033s ]
SQL: SELECT * FROM `fuwushang` WHERE `biaoshi` = 1 ORDER BY id asc LIMIT 0,3   [ RunTime:0.0033s ]
SQL: SHOW COLUMNS FROM `wzxx` [ RunTime:0.0037s ]
NOTIC: [2] Missing argument 1 for Think\Model::where(), called in /bweb/www.buy297.com/wangxin/Home/Controller/IndexController.class.php on line 27 and defined /bweb/www.buy297.com/ThinkPHP/Library/Think/Model.class.php 第 1797 行.
NOTIC: [8] Undefined variable: where /bweb/www.buy297.com/ThinkPHP/Library/Think/Model.class.php 第 1805 行.
NOTIC: [8] Undefined variable: where /bweb/www.buy297.com/ThinkPHP/Library/Think/Model.class.php 第 1808 行.
NOTIC: [8] Undefined variable: where /bweb/www.buy297.com/ThinkPHP/Library/Think/Model.class.php 第 1816 行.
SQL: SELECT * FROM `wzxx` LIMIT 1   [ RunTime:0.0033s ]
SQL: SHOW COLUMNS FROM `users` [ RunTime:0.0034s ]
SQL: SELECT `id`,`yuan` FROM `users`  [ RunTime:0.0034s ]
SQL: SHOW COLUMNS FROM `huodong` [ RunTime:0.0034s ]
NOTIC: [8] Undefined variable: where /bweb/www.buy297.com/wangxin/Home/Controller/IndexController.class.php 第 31 行.
SQL: SELECT `title`,`id`,`orders` FROM `huodong` ORDER BY orders desc  [ RunTime:0.0033s ]
NOTIC: [8] Undefined variable: page /bweb/www.buy297.com/wangxin/Home/Controller/IndexController.class.php 第 32 行.
NOTIC: [8] Undefined variable: pages /bweb/www.buy297.com/wangxin/Home/Controller/IndexController.class.php 第 33 行.
INFO: [ view_parse ] --START--
INFO: [ template_filter ] --START--
INFO: Run Behavior\ContentReplaceBehavior [ RunTime:0.000090s ]
INFO: [ template_filter ] --END-- [ RunTime:0.000150s ]
INFO: Run Behavior\ParseTemplateBehavior [ RunTime:0.007598s ]
INFO: [ view_parse ] --END-- [ RunTime:0.007656s ]
INFO: [ view_filter ] --START--
INFO: Run Behavior\WriteHtmlCacheBehavior [ RunTime:0.000048s ]
INFO: [ view_filter ] --END-- [ RunTime:0.000091s ]
INFO: [ app_end ] --START--
INFO: Run Behavior\ShowPageTraceBehavior [ RunTime:0.000047s ]
INFO: [ app_end ] --END-- [ RunTime:0.000097s ]

[ 2017-12-17T11:31:32+08:00 ] 112.17.243.13 /index.php/Home/index/index.html?from=singlemessage&isappinstalled=0
INFO: [ app_init ] --START--
INFO: Run Behavior\BuildLiteBehavior [ RunTime:0.000019s ]
INFO: [ app_init ] --END-- [ RunTime:0.000142s ]
INFO: [ app_begin ] --START--
INFO: Run Behavior\ReadHtmlCacheBehavior [ RunTime:0.000076s ]
INFO: [ app_begin ] --END-- [ RunTime:0.000140s ]
SQL: SHOW COLUMNS FROM `fuwu` [ RunTime:0.0036s ]
NOTIC: [8] Undefined variable: where /bweb/www.buy297.com/wangxin/Home/Controller/IndexController.class.php 第 11 行.
SQL: SELECT COUNT(*) AS tp_count FROM `fuwu` LIMIT 1   [ RunTime:0.0033s ]
SQL: SHOW COLUMNS FROM `fuwushang` [ RunTime:0.0035s ]
SQL: SELECT COUNT(*) AS tp_count FROM `fuwushang` WHERE `biaoshi` = 1 LIMIT 1   [ RunTime:0.0033s ]
NOTIC: [2] Missing argument 1 for Think\Model::where(), called in /bweb/www.buy297.com/wangxin/Home/Controller/IndexController.class.php on line 18 and defined /bweb/www.buy297.com/ThinkPHP/Library/Think/Model.class.php 第 1797 行.
NOTIC: [8] Undefined variable: where /bweb/www.buy297.com/ThinkPHP/Library/Think/Model.class.php 第 1805 行.
NOTIC: [8] Undefined variable: where /bweb/www.buy297.com/ThinkPHP/Library/Think/Model.class.php 第 1808 行.
NOTIC: [8] Undefined variable: where /bweb/www.buy297.com/ThinkPHP/Library/Think/Model.class.php 第 1816 行.
SQL: SELECT * FROM `fuwu` ORDER BY id asc LIMIT 0,6   [ RunTime:0.0033s ]
SQL: SELECT * FROM `fuwushang` WHERE `biaoshi` = 1 ORDER BY id asc LIMIT 0,3   [ RunTime:0.0033s ]
SQL: SHOW COLUMNS FROM `wzxx` [ RunTime:0.0034s ]
NOTIC: [2] Missing argument 1 for Think\Model::where(), called in /bweb/www.buy297.com/wangxin/Home/Controller/IndexController.class.php on line 27 and defined /bweb/www.buy297.com/ThinkPHP/Library/Think/Model.class.php 第 1797 行.
NOTIC: [8] Undefined variable: where /bweb/www.buy297.com/ThinkPHP/Library/Think/Model.class.php 第 1805 行.
NOTIC: [8] Undefined variable: where /bweb/www.buy297.com/ThinkPHP/Library/Think/Model.class.php 第 1808 行.
NOTIC: [8] Undefined variable: where /bweb/www.buy297.com/ThinkPHP/Library/Think/Model.class.php 第 1816 行.
SQL: SELECT * FROM `wzxx` LIMIT 1   [ RunTime:0.0032s ]
SQL: SHOW COLUMNS FROM `users` [ RunTime:0.0034s ]
SQL: SELECT `id`,`yuan` FROM `users`  [ RunTime:0.0032s ]
SQL: SHOW COLUMNS FROM `huodong` [ RunTime:0.0033s ]
NOTIC: [8] Undefined variable: where /bweb/www.buy297.com/wangxin/Home/Controller/IndexController.class.php 第 31 行.
SQL: SELECT `title`,`id`,`orders` FROM `huodong` ORDER BY orders desc  [ RunTime:0.0032s ]
NOTIC: [8] Undefined variable: page /bweb/www.buy297.com/wangxin/Home/Controller/IndexController.class.php 第 32 行.
NOTIC: [8] Undefined variable: pages /bweb/www.buy297.com/wangxin/Home/Controller/IndexController.class.php 第 33 行.
INFO: [ view_parse ] --START--
INFO: [ template_filter ] --START--
INFO: Run Behavior\ContentReplaceBehavior [ RunTime:0.000097s ]
INFO: [ template_filter ] --END-- [ RunTime:0.000158s ]
INFO: Run Behavior\ParseTemplateBehavior [ RunTime:0.007480s ]
INFO: [ view_parse ] --END-- [ RunTime:0.007535s ]
INFO: [ view_filter ] --START--
INFO: Run Behavior\WriteHtmlCacheBehavior [ RunTime:0.000047s ]
INFO: [ view_filter ] --END-- [ RunTime:0.000090s ]
INFO: [ app_end ] --START--
INFO: Run Behavior\ShowPageTraceBehavior [ RunTime:0.000062s ]
INFO: [ app_end ] --END-- [ RunTime:0.000112s ]

[ 2017-12-17T12:31:17+08:00 ] 211.138.125.213 /
INFO: [ app_init ] --START--
INFO: Run Behavior\BuildLiteBehavior [ RunTime:0.000018s ]
INFO: [ app_init ] --END-- [ RunTime:0.000157s ]
INFO: [ app_begin ] --START--
INFO: Run Behavior\ReadHtmlCacheBehavior [ RunTime:0.000073s ]
INFO: [ app_begin ] --END-- [ RunTime:0.000130s ]
SQL: SHOW COLUMNS FROM `fuwu` [ RunTime:0.0036s ]
NOTIC: [8] Undefined variable: where /bweb/www.buy297.com/wangxin/Home/Controller/IndexController.class.php 第 11 行.
SQL: SELECT COUNT(*) AS tp_count FROM `fuwu` LIMIT 1   [ RunTime:0.0033s ]
SQL: SHOW COLUMNS FROM `fuwushang` [ RunTime:0.0034s ]
SQL: SELECT COUNT(*) AS tp_count FROM `fuwushang` WHERE `biaoshi` = 1 LIMIT 1   [ RunTime:0.0033s ]
NOTIC: [2] Missing argument 1 for Think\Model::where(), called in /bweb/www.buy297.com/wangxin/Home/Controller/IndexController.class.php on line 18 and defined /bweb/www.buy297.com/ThinkPHP/Library/Think/Model.class.php 第 1797 行.
NOTIC: [8] Undefined variable: where /bweb/www.buy297.com/ThinkPHP/Library/Think/Model.class.php 第 1805 行.
NOTIC: [8] Undefined variable: where /bweb/www.buy297.com/ThinkPHP/Library/Think/Model.class.php 第 1808 行.
NOTIC: [8] Undefined variable: where /bweb/www.buy297.com/ThinkPHP/Library/Think/Model.class.php 第 1816 行.
SQL: SELECT * FROM `fuwu` ORDER BY id asc LIMIT 0,6   [ RunTime:0.0034s ]
SQL: SELECT * FROM `fuwushang` WHERE `biaoshi` = 1 ORDER BY id asc LIMIT 0,3   [ RunTime:0.0033s ]
SQL: SHOW COLUMNS FROM `wzxx` [ RunTime:0.0034s ]
NOTIC: [2] Missing argument 1 for Think\Model::where(), called in /bweb/www.buy297.com/wangxin/Home/Controller/IndexController.class.php on line 27 and defined /bweb/www.buy297.com/ThinkPHP/Library/Think/Model.class.php 第 1797 行.
NOTIC: [8] Undefined variable: where /bweb/www.buy297.com/ThinkPHP/Library/Think/Model.class.php 第 1805 行.
NOTIC: [8] Undefined variable: where /bweb/www.buy297.com/ThinkPHP/Library/Think/Model.class.php 第 1808 行.
NOTIC: [8] Undefined variable: where /bweb/www.buy297.com/ThinkPHP/Library/Think/Model.class.php 第 1816 行.
SQL: SELECT * FROM `wzxx` LIMIT 1   [ RunTime:0.0032s ]
SQL: SHOW COLUMNS FROM `users` [ RunTime:0.0034s ]
SQL: SELECT `id`,`yuan` FROM `users`  [ RunTime:0.0032s ]
SQL: SHOW COLUMNS FROM `huodong` [ RunTime:0.0034s ]
NOTIC: [8] Undefined variable: where /bweb/www.buy297.com/wangxin/Home/Controller/IndexController.class.php 第 31 行.
SQL: SELECT `title`,`id`,`orders` FROM `huodong` ORDER BY orders desc  [ RunTime:0.0032s ]
NOTIC: [8] Undefined variable: page /bweb/www.buy297.com/wangxin/Home/Controller/IndexController.class.php 第 32 行.
NOTIC: [8] Undefined variable: pages /bweb/www.buy297.com/wangxin/Home/Controller/IndexController.class.php 第 33 行.
INFO: [ view_parse ] --START--
INFO: [ template_filter ] --START--
INFO: Run Behavior\ContentReplaceBehavior [ RunTime:0.000098s ]
INFO: [ template_filter ] --END-- [ RunTime:0.000160s ]
INFO: Run Behavior\ParseTemplateBehavior [ RunTime:0.007846s ]
INFO: [ view_parse ] --END-- [ RunTime:0.007904s ]
INFO: [ view_filter ] --START--
INFO: Run Behavior\WriteHtmlCacheBehavior [ RunTime:0.000048s ]
INFO: [ view_filter ] --END-- [ RunTime:0.000091s ]
INFO: [ app_end ] --START--
INFO: Run Behavior\ShowPageTraceBehavior [ RunTime:0.000056s ]
INFO: [ app_end ] --END-- [ RunTime:0.000107s ]

[ 2017-12-17T15:05:46+08:00 ] 211.138.125.213 /
INFO: [ app_init ] --START--
INFO: Run Behavior\BuildLiteBehavior [ RunTime:0.000028s ]
INFO: [ app_init ] --END-- [ RunTime:0.000210s ]
INFO: [ app_begin ] --START--
INFO: Run Behavior\ReadHtmlCacheBehavior [ RunTime:0.000104s ]
INFO: [ app_begin ] --END-- [ RunTime:0.000200s ]
SQL: SHOW COLUMNS FROM `fuwu` [ RunTime:0.0036s ]
NOTIC: [8] Undefined variable: where /bweb/www.buy297.com/wangxin/Home/Controller/IndexController.class.php 第 11 行.
SQL: SELECT COUNT(*) AS tp_count FROM `fuwu` LIMIT 1   [ RunTime:0.0032s ]
SQL: SHOW COLUMNS FROM `fuwushang` [ RunTime:0.0036s ]
SQL: SELECT COUNT(*) AS tp_count FROM `fuwushang` WHERE `biaoshi` = 1 LIMIT 1   [ RunTime:0.0032s ]
NOTIC: [2] Missing argument 1 for Think\Model::where(), called in /bweb/www.buy297.com/wangxin/Home/Controller/IndexController.class.php on line 18 and defined /bweb/www.buy297.com/ThinkPHP/Library/Think/Model.class.php 第 1797 行.
NOTIC: [8] Undefined variable: where /bweb/www.buy297.com/ThinkPHP/Library/Think/Model.class.php 第 1805 行.
NOTIC: [8] Undefined variable: where /bweb/www.buy297.com/ThinkPHP/Library/Think/Model.class.php 第 1808 行.
NOTIC: [8] Undefined variable: where /bweb/www.buy297.com/ThinkPHP/Library/Think/Model.class.php 第 1816 行.
SQL: SELECT * FROM `fuwu` ORDER BY id asc LIMIT 0,6   [ RunTime:0.0032s ]
SQL: SELECT * FROM `fuwushang` WHERE `biaoshi` = 1 ORDER BY id asc LIMIT 0,3   [ RunTime:0.0033s ]
SQL: SHOW COLUMNS FROM `wzxx` [ RunTime:0.0034s ]
NOTIC: [2] Missing argument 1 for Think\Model::where(), called in /bweb/www.buy297.com/wangxin/Home/Controller/IndexController.class.php on line 27 and defined /bweb/www.buy297.com/ThinkPHP/Library/Think/Model.class.php 第 1797 行.
NOTIC: [8] Undefined variable: where /bweb/www.buy297.com/ThinkPHP/Library/Think/Model.class.php 第 1805 行.
NOTIC: [8] Undefined variable: where /bweb/www.buy297.com/ThinkPHP/Library/Think/Model.class.php 第 1808 行.
NOTIC: [8] Undefined variable: where /bweb/www.buy297.com/ThinkPHP/Library/Think/Model.class.php 第 1816 行.
SQL: SELECT * FROM `wzxx` LIMIT 1   [ RunTime:0.0045s ]
SQL: SHOW COLUMNS FROM `users` [ RunTime:0.0035s ]
SQL: SELECT `id`,`yuan` FROM `users`  [ RunTime:0.0031s ]
SQL: SHOW COLUMNS FROM `huodong` [ RunTime:0.0034s ]
NOTIC: [8] Undefined variable: where /bweb/www.buy297.com/wangxin/Home/Controller/IndexController.class.php 第 31 行.
SQL: SELECT `title`,`id`,`orders` FROM `huodong` ORDER BY orders desc  [ RunTime:0.0032s ]
NOTIC: [8] Undefined variable: page /bweb/www.buy297.com/wangxin/Home/Controller/IndexController.class.php 第 32 行.
NOTIC: [8] Undefined variable: pages /bweb/www.buy297.com/wangxin/Home/Controller/IndexController.class.php 第 33 行.
INFO: [ view_parse ] --START--
INFO: [ template_filter ] --START--
INFO: Run Behavior\ContentReplaceBehavior [ RunTime:0.000098s ]
INFO: [ template_filter ] --END-- [ RunTime:0.000166s ]
INFO: Run Behavior\ParseTemplateBehavior [ RunTime:0.007594s ]
INFO: [ view_parse ] --END-- [ RunTime:0.007650s ]
INFO: [ view_filter ] --START--
INFO: Run Behavior\WriteHtmlCacheBehavior [ RunTime:0.000049s ]
INFO: [ view_filter ] --END-- [ RunTime:0.000091s ]
INFO: [ app_end ] --START--
INFO: Run Behavior\ShowPageTraceBehavior [ RunTime:0.000048s ]
INFO: [ app_end ] --END-- [ RunTime:0.000108s ]

[ 2017-12-17T17:32:14+08:00 ] 211.138.125.213 /
INFO: [ app_init ] --START--
INFO: Run Behavior\BuildLiteBehavior [ RunTime:0.000016s ]
INFO: [ app_init ] --END-- [ RunTime:0.000108s ]
INFO: [ app_begin ] --START--
INFO: Run Behavior\ReadHtmlCacheBehavior [ RunTime:0.000041s ]
INFO: [ app_begin ] --END-- [ RunTime:0.000092s ]
SQL: SHOW COLUMNS FROM `fuwu` [ RunTime:0.0034s ]
NOTIC: [8] Undefined variable: where /bweb/www.buy297.com/wangxin/Home/Controller/IndexController.class.php 第 11 行.
SQL: SELECT COUNT(*) AS tp_count FROM `fuwu` LIMIT 1   [ RunTime:0.0031s ]
SQL: SHOW COLUMNS FROM `fuwushang` [ RunTime:0.0034s ]
SQL: SELECT COUNT(*) AS tp_count FROM `fuwushang` WHERE `biaoshi` = 1 LIMIT 1   [ RunTime:0.0031s ]
NOTIC: [2] Missing argument 1 for Think\Model::where(), called in /bweb/www.buy297.com/wangxin/Home/Controller/IndexController.class.php on line 18 and defined /bweb/www.buy297.com/ThinkPHP/Library/Think/Model.class.php 第 1797 行.
NOTIC: [8] Undefined variable: where /bweb/www.buy297.com/ThinkPHP/Library/Think/Model.class.php 第 1805 行.
NOTIC: [8] Undefined variable: where /bweb/www.buy297.com/ThinkPHP/Library/Think/Model.class.php 第 1808 行.
NOTIC: [8] Undefined variable: where /bweb/www.buy297.com/ThinkPHP/Library/Think/Model.class.php 第 1816 行.
SQL: SELECT * FROM `fuwu` ORDER BY id asc LIMIT 0,6   [ RunTime:0.0032s ]
SQL: SELECT * FROM `fuwushang` WHERE `biaoshi` = 1 ORDER BY id asc LIMIT 0,3   [ RunTime:0.0033s ]
SQL: SHOW COLUMNS FROM `wzxx` [ RunTime:0.0033s ]
NOTIC: [2] Missing argument 1 for Think\Model::where(), called in /bweb/www.buy297.com/wangxin/Home/Controller/IndexController.class.php on line 27 and defined /bweb/www.buy297.com/ThinkPHP/Library/Think/Model.class.php 第 1797 行.
NOTIC: [8] Undefined variable: where /bweb/www.buy297.com/ThinkPHP/Library/Think/Model.class.php 第 1805 行.
NOTIC: [8] Undefined variable: where /bweb/www.buy297.com/ThinkPHP/Library/Think/Model.class.php 第 1808 行.
NOTIC: [8] Undefined variable: where /bweb/www.buy297.com/ThinkPHP/Library/Think/Model.class.php 第 1816 行.
SQL: SELECT * FROM `wzxx` LIMIT 1   [ RunTime:0.0031s ]
SQL: SHOW COLUMNS FROM `users` [ RunTime:0.0033s ]
SQL: SELECT `id`,`yuan` FROM `users`  [ RunTime:0.0031s ]
SQL: SHOW COLUMNS FROM `huodong` [ RunTime:0.0032s ]
NOTIC: [8] Undefined variable: where /bweb/www.buy297.com/wangxin/Home/Controller/IndexController.class.php 第 31 行.
SQL: SELECT `title`,`id`,`orders` FROM `huodong` ORDER BY orders desc  [ RunTime:0.0031s ]
NOTIC: [8] Undefined variable: page /bweb/www.buy297.com/wangxin/Home/Controller/IndexController.class.php 第 32 行.
NOTIC: [8] Undefined variable: pages /bweb/www.buy297.com/wangxin/Home/Controller/IndexController.class.php 第 33 行.
INFO: [ view_parse ] --START--
INFO: [ template_filter ] --START--
INFO: Run Behavior\ContentReplaceBehavior [ RunTime:0.000099s ]
INFO: [ template_filter ] --END-- [ RunTime:0.000158s ]
INFO: Run Behavior\ParseTemplateBehavior [ RunTime:0.007093s ]
INFO: [ view_parse ] --END-- [ RunTime:0.007147s ]
INFO: [ view_filter ] --START--
INFO: Run Behavior\WriteHtmlCacheBehavior [ RunTime:0.000043s ]
INFO: [ view_filter ] --END-- [ RunTime:0.000085s ]
INFO: [ app_end ] --START--
INFO: Run Behavior\ShowPageTraceBehavior [ RunTime:0.000041s ]
INFO: [ app_end ] --END-- [ RunTime:0.000088s ]

[ 2017-12-17T19:55:37+08:00 ] 211.138.125.213 /
INFO: [ app_init ] --START--
INFO: Run Behavior\BuildLiteBehavior [ RunTime:0.000016s ]
INFO: [ app_init ] --END-- [ RunTime:0.000122s ]
INFO: [ app_begin ] --START--
INFO: Run Behavior\ReadHtmlCacheBehavior [ RunTime:0.000043s ]
INFO: [ app_begin ] --END-- [ RunTime:0.000096s ]
SQL: SHOW COLUMNS FROM `fuwu` [ RunTime:0.0036s ]
NOTIC: [8] Undefined variable: where /bweb/www.buy297.com/wangxin/Home/Controller/IndexController.class.php 第 11 行.
SQL: SELECT COUNT(*) AS tp_count FROM `fuwu` LIMIT 1   [ RunTime:0.0033s ]
SQL: SHOW COLUMNS FROM `fuwushang` [ RunTime:0.0035s ]
SQL: SELECT COUNT(*) AS tp_count FROM `fuwushang` WHERE `biaoshi` = 1 LIMIT 1   [ RunTime:0.0033s ]
NOTIC: [2] Missing argument 1 for Think\Model::where(), called in /bweb/www.buy297.com/wangxin/Home/Controller/IndexController.class.php on line 18 and defined /bweb/www.buy297.com/ThinkPHP/Library/Think/Model.class.php 第 1797 行.
NOTIC: [8] Undefined variable: where /bweb/www.buy297.com/ThinkPHP/Library/Think/Model.class.php 第 1805 行.
NOTIC: [8] Undefined variable: where /bweb/www.buy297.com/ThinkPHP/Library/Think/Model.class.php 第 1808 行.
NOTIC: [8] Undefined variable: where /bweb/www.buy297.com/ThinkPHP/Library/Think/Model.class.php 第 1816 行.
SQL: SELECT * FROM `fuwu` ORDER BY id asc LIMIT 0,6   [ RunTime:0.0033s ]
SQL: SELECT * FROM `fuwushang` WHERE `biaoshi` = 1 ORDER BY id asc LIMIT 0,3   [ RunTime:0.0033s ]
SQL: SHOW COLUMNS FROM `wzxx` [ RunTime:0.0035s ]
NOTIC: [2] Missing argument 1 for Think\Model::where(), called in /bweb/www.buy297.com/wangxin/Home/Controller/IndexController.class.php on line 27 and defined /bweb/www.buy297.com/ThinkPHP/Library/Think/Model.class.php 第 1797 行.
NOTIC: [8] Undefined variable: where /bweb/www.buy297.com/ThinkPHP/Library/Think/Model.class.php 第 1805 行.
NOTIC: [8] Undefined variable: where /bweb/www.buy297.com/ThinkPHP/Library/Think/Model.class.php 第 1808 行.
NOTIC: [8] Undefined variable: where /bweb/www.buy297.com/ThinkPHP/Library/Think/Model.class.php 第 1816 行.
SQL: SELECT * FROM `wzxx` LIMIT 1   [ RunTime:0.0033s ]
SQL: SHOW COLUMNS FROM `users` [ RunTime:0.0034s ]
SQL: SELECT `id`,`yuan` FROM `users`  [ RunTime:0.0033s ]
SQL: SHOW COLUMNS FROM `huodong` [ RunTime:0.0034s ]
NOTIC: [8] Undefined variable: where /bweb/www.buy297.com/wangxin/Home/Controller/IndexController.class.php 第 31 行.
SQL: SELECT `title`,`id`,`orders` FROM `huodong` ORDER BY orders desc  [ RunTime:0.0032s ]
NOTIC: [8] Undefined variable: page /bweb/www.buy297.com/wangxin/Home/Controller/IndexController.class.php 第 32 行.
NOTIC: [8] Undefined variable: pages /bweb/www.buy297.com/wangxin/Home/Controller/IndexController.class.php 第 33 行.
INFO: [ view_parse ] --START--
INFO: [ template_filter ] --START--
INFO: Run Behavior\ContentReplaceBehavior [ RunTime:0.000101s ]
INFO: [ template_filter ] --END-- [ RunTime:0.000162s ]
INFO: Run Behavior\ParseTemplateBehavior [ RunTime:0.007272s ]
INFO: [ view_parse ] --END-- [ RunTime:0.007328s ]
INFO: [ view_filter ] --START--
INFO: Run Behavior\WriteHtmlCacheBehavior [ RunTime:0.000045s ]
INFO: [ view_filter ] --END-- [ RunTime:0.000088s ]
INFO: [ app_end ] --START--
INFO: Run Behavior\ShowPageTraceBehavior [ RunTime:0.000043s ]
INFO: [ app_end ] --END-- [ RunTime:0.000092s ]

[ 2017-12-17T20:13:42+08:00 ] 107.150.8.113 /
INFO: [ app_init ] --START--
INFO: Run Behavior\BuildLiteBehavior [ RunTime:0.000022s ]
INFO: [ app_init ] --END-- [ RunTime:0.000091s ]
INFO: [ app_begin ] --START--
INFO: Run Behavior\ReadHtmlCacheBehavior [ RunTime:0.000054s ]
INFO: [ app_begin ] --END-- [ RunTime:0.000106s ]
SQL: SHOW COLUMNS FROM `fuwu` [ RunTime:0.0040s ]
NOTIC: [8] Undefined variable: where /bweb/www.buy297.com/wangxin/Home/Controller/IndexController.class.php 第 11 行.
SQL: SELECT COUNT(*) AS tp_count FROM `fuwu` LIMIT 1   [ RunTime:0.0037s ]
SQL: SHOW COLUMNS FROM `fuwushang` [ RunTime:0.0038s ]
SQL: SELECT COUNT(*) AS tp_count FROM `fuwushang` WHERE `biaoshi` = 1 LIMIT 1   [ RunTime:0.0037s ]
NOTIC: [2] Missing argument 1 for Think\Model::where(), called in /bweb/www.buy297.com/wangxin/Home/Controller/IndexController.class.php on line 18 and defined /bweb/www.buy297.com/ThinkPHP/Library/Think/Model.class.php 第 1797 行.
NOTIC: [8] Undefined variable: where /bweb/www.buy297.com/ThinkPHP/Library/Think/Model.class.php 第 1805 行.
NOTIC: [8] Undefined variable: where /bweb/www.buy297.com/ThinkPHP/Library/Think/Model.class.php 第 1808 行.
NOTIC: [8] Undefined variable: where /bweb/www.buy297.com/ThinkPHP/Library/Think/Model.class.php 第 1816 行.
SQL: SELECT * FROM `fuwu` ORDER BY id asc LIMIT 0,6   [ RunTime:0.0037s ]
SQL: SELECT * FROM `fuwushang` WHERE `biaoshi` = 1 ORDER BY id asc LIMIT 0,3   [ RunTime:0.0037s ]
SQL: SHOW COLUMNS FROM `wzxx` [ RunTime:0.0038s ]
NOTIC: [2] Missing argument 1 for Think\Model::where(), called in /bweb/www.buy297.com/wangxin/Home/Controller/IndexController.class.php on line 27 and defined /bweb/www.buy297.com/ThinkPHP/Library/Think/Model.class.php 第 1797 行.
NOTIC: [8] Undefined variable: where /bweb/www.buy297.com/ThinkPHP/Library/Think/Model.class.php 第 1805 行.
NOTIC: [8] Undefined variable: where /bweb/www.buy297.com/ThinkPHP/Library/Think/Model.class.php 第 1808 行.
NOTIC: [8] Undefined variable: where /bweb/www.buy297.com/ThinkPHP/Library/Think/Model.class.php 第 1816 行.
SQL: SELECT * FROM `wzxx` LIMIT 1   [ RunTime:0.0037s ]
SQL: SHOW COLUMNS FROM `users` [ RunTime:0.0039s ]
SQL: SELECT `id`,`yuan` FROM `users`  [ RunTime:0.0037s ]
SQL: SHOW COLUMNS FROM `huodong` [ RunTime:0.0038s ]
NOTIC: [8] Undefined variable: where /bweb/www.buy297.com/wangxin/Home/Controller/IndexController.class.php 第 31 行.
SQL: SELECT `title`,`id`,`orders` FROM `huodong` ORDER BY orders desc  [ RunTime:0.0037s ]
NOTIC: [8] Undefined variable: page /bweb/www.buy297.com/wangxin/Home/Controller/IndexController.class.php 第 32 行.
NOTIC: [8] Undefined variable: pages /bweb/www.buy297.com/wangxin/Home/Controller/IndexController.class.php 第 33 行.
INFO: [ view_parse ] --START--
INFO: [ template_filter ] --START--
INFO: Run Behavior\ContentReplaceBehavior [ RunTime:0.000099s ]
INFO: [ template_filter ] --END-- [ RunTime:0.000162s ]
INFO: Run Behavior\ParseTemplateBehavior [ RunTime:0.007904s ]
INFO: [ view_parse ] --END-- [ RunTime:0.007967s ]
INFO: [ view_filter ] --START--
INFO: Run Behavior\WriteHtmlCacheBehavior [ RunTime:0.000044s ]
INFO: [ view_filter ] --END-- [ RunTime:0.000085s ]
INFO: [ app_end ] --START--
INFO: Run Behavior\ShowPageTraceBehavior [ RunTime:0.000042s ]
INFO: [ app_end ] --END-- [ RunTime:0.000089s ]

[ 2017-12-17T21:51:17+08:00 ] 211.138.125.213 /
INFO: [ app_init ] --START--
INFO: Run Behavior\BuildLiteBehavior [ RunTime:0.000015s ]
INFO: [ app_init ] --END-- [ RunTime:0.000433s ]
INFO: [ app_begin ] --START--
INFO: Run Behavior\ReadHtmlCacheBehavior [ RunTime:0.000547s ]
INFO: [ app_begin ] --END-- [ RunTime:0.000617s ]
SQL: SHOW COLUMNS FROM `fuwu` [ RunTime:0.0038s ]
NOTIC: [8] Undefined variable: where /bweb/www.buy297.com/wangxin/Home/Controller/IndexController.class.php 第 11 行.
SQL: SELECT COUNT(*) AS tp_count FROM `fuwu` LIMIT 1   [ RunTime:0.0035s ]
SQL: SHOW COLUMNS FROM `fuwushang` [ RunTime:0.0037s ]
SQL: SELECT COUNT(*) AS tp_count FROM `fuwushang` WHERE `biaoshi` = 1 LIMIT 1   [ RunTime:0.0035s ]
NOTIC: [2] Missing argument 1 for Think\Model::where(), called in /bweb/www.buy297.com/wangxin/Home/Controller/IndexController.class.php on line 18 and defined /bweb/www.buy297.com/ThinkPHP/Library/Think/Model.class.php 第 1797 行.
NOTIC: [8] Undefined variable: where /bweb/www.buy297.com/ThinkPHP/Library/Think/Model.class.php 第 1805 行.
NOTIC: [8] Undefined variable: where /bweb/www.buy297.com/ThinkPHP/Library/Think/Model.class.php 第 1808 行.
NOTIC: [8] Undefined variable: where /bweb/www.buy297.com/ThinkPHP/Library/Think/Model.class.php 第 1816 行.
SQL: SELECT * FROM `fuwu` ORDER BY id asc LIMIT 0,6   [ RunTime:0.0035s ]
SQL: SELECT * FROM `fuwushang` WHERE `biaoshi` = 1 ORDER BY id asc LIMIT 0,3   [ RunTime:0.0035s ]
SQL: SHOW COLUMNS FROM `wzxx` [ RunTime:0.0037s ]
NOTIC: [2] Missing argument 1 for Think\Model::where(), called in /bweb/www.buy297.com/wangxin/Home/Controller/IndexController.class.php on line 27 and defined /bweb/www.buy297.com/ThinkPHP/Library/Think/Model.class.php 第 1797 行.
NOTIC: [8] Undefined variable: where /bweb/www.buy297.com/ThinkPHP/Library/Think/Model.class.php 第 1805 行.
NOTIC: [8] Undefined variable: where /bweb/www.buy297.com/ThinkPHP/Library/Think/Model.class.php 第 1808 行.
NOTIC: [8] Undefined variable: where /bweb/www.buy297.com/ThinkPHP/Library/Think/Model.class.php 第 1816 行.
SQL: SELECT * FROM `wzxx` LIMIT 1   [ RunTime:0.0036s ]
SQL: SHOW COLUMNS FROM `users` [ RunTime:0.0037s ]
SQL: SELECT `id`,`yuan` FROM `users`  [ RunTime:0.0034s ]
SQL: SHOW COLUMNS FROM `huodong` [ RunTime:0.0036s ]
NOTIC: [8] Undefined variable: where /bweb/www.buy297.com/wangxin/Home/Controller/IndexController.class.php 第 31 行.
SQL: SELECT `title`,`id`,`orders` FROM `huodong` ORDER BY orders desc  [ RunTime:0.0034s ]
NOTIC: [8] Undefined variable: page /bweb/www.buy297.com/wangxin/Home/Controller/IndexController.class.php 第 32 行.
NOTIC: [8] Undefined variable: pages /bweb/www.buy297.com/wangxin/Home/Controller/IndexController.class.php 第 33 行.
INFO: [ view_parse ] --START--
INFO: [ template_filter ] --START--
INFO: Run Behavior\ContentReplaceBehavior [ RunTime:0.000084s ]
INFO: [ template_filter ] --END-- [ RunTime:0.000142s ]
INFO: Run Behavior\ParseTemplateBehavior [ RunTime:0.011297s ]
INFO: [ view_parse ] --END-- [ RunTime:0.011354s ]
INFO: [ view_filter ] --START--
INFO: Run Behavior\WriteHtmlCacheBehavior [ RunTime:0.000186s ]
INFO: [ view_filter ] --END-- [ RunTime:0.000236s ]
INFO: [ app_end ] --START--
INFO: Run Behavior\ShowPageTraceBehavior [ RunTime:0.000589s ]
INFO: [ app_end ] --END-- [ RunTime:0.000647s ]

