[ 2017-12-09T03:20:19+08:00 ] 118.31.157.59 /
INFO: [ app_init ] --START--
INFO: Run Behavior\BuildLiteBehavior [ RunTime:0.000021s ]
INFO: [ app_init ] --END-- [ RunTime:0.000163s ]
INFO: [ app_begin ] --START--
INFO: Run Behavior\ReadHtmlCacheBehavior [ RunTime:0.000070s ]
INFO: [ app_begin ] --END-- [ RunTime:0.000131s ]
SQL: SHOW COLUMNS FROM `fuwu` [ RunTime:0.0038s ]
NOTIC: [8] Undefined variable: where /bweb/www.buy297.com/wangxin/Home/Controller/IndexController.class.php 第 9 行.
SQL: SELECT COUNT(*) AS tp_count FROM `fuwu` LIMIT 1   [ RunTime:0.0036s ]
SQL: SHOW COLUMNS FROM `fuwushang` [ RunTime:0.0036s ]
SQL: SELECT COUNT(*) AS tp_count FROM `fuwushang` WHERE `biaoshi` = 1 LIMIT 1   [ RunTime:0.0035s ]
NOTIC: [2] Missing argument 1 for Think\Model::where(), called in /bweb/www.buy297.com/wangxin/Home/Controller/IndexController.class.php on line 16 and defined /bweb/www.buy297.com/ThinkPHP/Library/Think/Model.class.php 第 1797 行.
NOTIC: [8] Undefined variable: where /bweb/www.buy297.com/ThinkPHP/Library/Think/Model.class.php 第 1805 行.
NOTIC: [8] Undefined variable: where /bweb/www.buy297.com/ThinkPHP/Library/Think/Model.class.php 第 1808 行.
NOTIC: [8] Undefined variable: where /bweb/www.buy297.com/ThinkPHP/Library/Think/Model.class.php 第 1816 行.
SQL: SELECT * FROM `fuwu` ORDER BY id asc LIMIT 0,6   [ RunTime:0.0035s ]
SQL: SELECT * FROM `fuwushang` WHERE `biaoshi` = 1 ORDER BY id asc LIMIT 0,3   [ RunTime:0.0035s ]
SQL: SHOW COLUMNS FROM `wzxx` [ RunTime:0.0036s ]
NOTIC: [2] Missing argument 1 for Think\Model::where(), called in /bweb/www.buy297.com/wangxin/Home/Controller/IndexController.class.php on line 25 and defined /bweb/www.buy297.com/ThinkPHP/Library/Think/Model.class.php 第 1797 行.
NOTIC: [8] Undefined variable: where /bweb/www.buy297.com/ThinkPHP/Library/Think/Model.class.php 第 1805 行.
NOTIC: [8] Undefined variable: where /bweb/www.buy297.com/ThinkPHP/Library/Think/Model.class.php 第 1808 行.
NOTIC: [8] Undefined variable: where /bweb/www.buy297.com/ThinkPHP/Library/Think/Model.class.php 第 1816 行.
SQL: SELECT * FROM `wzxx` LIMIT 1   [ RunTime:0.0034s ]
SQL: SHOW COLUMNS FROM `users` [ RunTime:0.0035s ]
SQL: SELECT `id`,`yuan` FROM `users`  [ RunTime:0.0034s ]
SQL: SHOW COLUMNS FROM `huodong` [ RunTime:0.0035s ]
NOTIC: [8] Undefined variable: where /bweb/www.buy297.com/wangxin/Home/Controller/IndexController.class.php 第 29 行.
SQL: SELECT `title`,`id`,`orders` FROM `huodong` ORDER BY orders desc  [ RunTime:0.0034s ]
NOTIC: [8] Undefined variable: page /bweb/www.buy297.com/wangxin/Home/Controller/IndexController.class.php 第 30 行.
NOTIC: [8] Undefined variable: pages /bweb/www.buy297.com/wangxin/Home/Controller/IndexController.class.php 第 31 行.
INFO: [ view_parse ] --START--
INFO: [ template_filter ] --START--
INFO: Run Behavior\ContentReplaceBehavior [ RunTime:0.000080s ]
INFO: [ template_filter ] --END-- [ RunTime:0.000137s ]
INFO: Run Behavior\ParseTemplateBehavior [ RunTime:0.007282s ]
INFO: [ view_parse ] --END-- [ RunTime:0.007338s ]
INFO: [ view_filter ] --START--
INFO: Run Behavior\WriteHtmlCacheBehavior [ RunTime:0.000049s ]
INFO: [ view_filter ] --END-- [ RunTime:0.000092s ]
INFO: [ app_end ] --START--
INFO: Run Behavior\ShowPageTraceBehavior [ RunTime:0.000044s ]
INFO: [ app_end ] --END-- [ RunTime:0.000089s ]

[ 2017-12-09T11:22:03+08:00 ] 106.11.242.130 /
INFO: [ app_init ] --START--
INFO: Run Behavior\BuildLiteBehavior [ RunTime:0.000017s ]
INFO: [ app_init ] --END-- [ RunTime:0.000110s ]
INFO: [ app_begin ] --START--
INFO: Run Behavior\ReadHtmlCacheBehavior [ RunTime:0.000040s ]
INFO: [ app_begin ] --END-- [ RunTime:0.000090s ]
SQL: SHOW COLUMNS FROM `fuwu` [ RunTime:0.0037s ]
NOTIC: [8] Undefined variable: where /bweb/www.buy297.com/wangxin/Home/Controller/IndexController.class.php 第 9 行.
SQL: SELECT COUNT(*) AS tp_count FROM `fuwu` LIMIT 1   [ RunTime:0.0051s ]
SQL: SHOW COLUMNS FROM `fuwushang` [ RunTime:0.0037s ]
SQL: SELECT COUNT(*) AS tp_count FROM `fuwushang` WHERE `biaoshi` = 1 LIMIT 1   [ RunTime:0.0034s ]
NOTIC: [2] Missing argument 1 for Think\Model::where(), called in /bweb/www.buy297.com/wangxin/Home/Controller/IndexController.class.php on line 16 and defined /bweb/www.buy297.com/ThinkPHP/Library/Think/Model.class.php 第 1797 行.
NOTIC: [8] Undefined variable: where /bweb/www.buy297.com/ThinkPHP/Library/Think/Model.class.php 第 1805 行.
NOTIC: [8] Undefined variable: where /bweb/www.buy297.com/ThinkPHP/Library/Think/Model.class.php 第 1808 行.
NOTIC: [8] Undefined variable: where /bweb/www.buy297.com/ThinkPHP/Library/Think/Model.class.php 第 1816 行.
SQL: SELECT * FROM `fuwu` ORDER BY id asc LIMIT 0,6   [ RunTime:0.0034s ]
SQL: SELECT * FROM `fuwushang` WHERE `biaoshi` = 1 ORDER BY id asc LIMIT 0,3   [ RunTime:0.0035s ]
SQL: SHOW COLUMNS FROM `wzxx` [ RunTime:0.0036s ]
NOTIC: [2] Missing argument 1 for Think\Model::where(), called in /bweb/www.buy297.com/wangxin/Home/Controller/IndexController.class.php on line 25 and defined /bweb/www.buy297.com/ThinkPHP/Library/Think/Model.class.php 第 1797 行.
NOTIC: [8] Undefined variable: where /bweb/www.buy297.com/ThinkPHP/Library/Think/Model.class.php 第 1805 行.
NOTIC: [8] Undefined variable: where /bweb/www.buy297.com/ThinkPHP/Library/Think/Model.class.php 第 1808 行.
NOTIC: [8] Undefined variable: where /bweb/www.buy297.com/ThinkPHP/Library/Think/Model.class.php 第 1816 行.
SQL: SELECT * FROM `wzxx` LIMIT 1   [ RunTime:0.0034s ]
SQL: SHOW COLUMNS FROM `users` [ RunTime:0.0035s ]
SQL: SELECT `id`,`yuan` FROM `users`  [ RunTime:0.0034s ]
SQL: SHOW COLUMNS FROM `huodong` [ RunTime:0.0035s ]
NOTIC: [8] Undefined variable: where /bweb/www.buy297.com/wangxin/Home/Controller/IndexController.class.php 第 29 行.
SQL: SELECT `title`,`id`,`orders` FROM `huodong` ORDER BY orders desc  [ RunTime:0.0034s ]
NOTIC: [8] Undefined variable: page /bweb/www.buy297.com/wangxin/Home/Controller/IndexController.class.php 第 30 行.
NOTIC: [8] Undefined variable: pages /bweb/www.buy297.com/wangxin/Home/Controller/IndexController.class.php 第 31 行.
INFO: [ view_parse ] --START--
INFO: [ template_filter ] --START--
INFO: Run Behavior\ContentReplaceBehavior [ RunTime:0.000093s ]
INFO: [ template_filter ] --END-- [ RunTime:0.000160s ]
INFO: Run Behavior\ParseTemplateBehavior [ RunTime:0.008188s ]
INFO: [ view_parse ] --END-- [ RunTime:0.008256s ]
INFO: [ view_filter ] --START--
INFO: Run Behavior\WriteHtmlCacheBehavior [ RunTime:0.000047s ]
INFO: [ view_filter ] --END-- [ RunTime:0.000091s ]
INFO: [ app_end ] --START--
INFO: Run Behavior\ShowPageTraceBehavior [ RunTime:0.000045s ]
INFO: [ app_end ] --END-- [ RunTime:0.000105s ]

[ 2017-12-09T17:32:47+08:00 ] 61.129.7.254 /
INFO: [ app_init ] --START--
INFO: Run Behavior\BuildLiteBehavior [ RunTime:0.000016s ]
INFO: [ app_init ] --END-- [ RunTime:0.000108s ]
INFO: [ app_begin ] --START--
INFO: Run Behavior\ReadHtmlCacheBehavior [ RunTime:0.000042s ]
INFO: [ app_begin ] --END-- [ RunTime:0.000094s ]
SQL: SHOW COLUMNS FROM `fuwu` [ RunTime:0.0042s ]
NOTIC: [8] Undefined variable: where /bweb/www.buy297.com/wangxin/Home/Controller/IndexController.class.php 第 9 行.
SQL: SELECT COUNT(*) AS tp_count FROM `fuwu` LIMIT 1   [ RunTime:0.0039s ]
SQL: SHOW COLUMNS FROM `fuwushang` [ RunTime:0.0041s ]
SQL: SELECT COUNT(*) AS tp_count FROM `fuwushang` WHERE `biaoshi` = 1 LIMIT 1   [ RunTime:0.0043s ]
NOTIC: [2] Missing argument 1 for Think\Model::where(), called in /bweb/www.buy297.com/wangxin/Home/Controller/IndexController.class.php on line 16 and defined /bweb/www.buy297.com/ThinkPHP/Library/Think/Model.class.php 第 1797 行.
NOTIC: [8] Undefined variable: where /bweb/www.buy297.com/ThinkPHP/Library/Think/Model.class.php 第 1805 行.
NOTIC: [8] Undefined variable: where /bweb/www.buy297.com/ThinkPHP/Library/Think/Model.class.php 第 1808 行.
NOTIC: [8] Undefined variable: where /bweb/www.buy297.com/ThinkPHP/Library/Think/Model.class.php 第 1816 行.
SQL: SELECT * FROM `fuwu` ORDER BY id asc LIMIT 0,6   [ RunTime:0.0041s ]
SQL: SELECT * FROM `fuwushang` WHERE `biaoshi` = 1 ORDER BY id asc LIMIT 0,3   [ RunTime:0.0041s ]
SQL: SHOW COLUMNS FROM `wzxx` [ RunTime:0.0043s ]
NOTIC: [2] Missing argument 1 for Think\Model::where(), called in /bweb/www.buy297.com/wangxin/Home/Controller/IndexController.class.php on line 25 and defined /bweb/www.buy297.com/ThinkPHP/Library/Think/Model.class.php 第 1797 行.
NOTIC: [8] Undefined variable: where /bweb/www.buy297.com/ThinkPHP/Library/Think/Model.class.php 第 1805 行.
NOTIC: [8] Undefined variable: where /bweb/www.buy297.com/ThinkPHP/Library/Think/Model.class.php 第 1808 行.
NOTIC: [8] Undefined variable: where /bweb/www.buy297.com/ThinkPHP/Library/Think/Model.class.php 第 1816 行.
SQL: SELECT * FROM `wzxx` LIMIT 1   [ RunTime:0.0040s ]
SQL: SHOW COLUMNS FROM `users` [ RunTime:0.0042s ]
SQL: SELECT `id`,`yuan` FROM `users`  [ RunTime:0.0040s ]
SQL: SHOW COLUMNS FROM `huodong` [ RunTime:0.0041s ]
NOTIC: [8] Undefined variable: where /bweb/www.buy297.com/wangxin/Home/Controller/IndexController.class.php 第 29 行.
SQL: SELECT `title`,`id`,`orders` FROM `huodong` ORDER BY orders desc  [ RunTime:0.0040s ]
NOTIC: [8] Undefined variable: page /bweb/www.buy297.com/wangxin/Home/Controller/IndexController.class.php 第 30 行.
NOTIC: [8] Undefined variable: pages /bweb/www.buy297.com/wangxin/Home/Controller/IndexController.class.php 第 31 行.
INFO: [ view_parse ] --START--
INFO: [ template_filter ] --START--
INFO: Run Behavior\ContentReplaceBehavior [ RunTime:0.000083s ]
INFO: [ template_filter ] --END-- [ RunTime:0.000150s ]
INFO: Run Behavior\ParseTemplateBehavior [ RunTime:0.007047s ]
INFO: [ view_parse ] --END-- [ RunTime:0.007102s ]
INFO: [ view_filter ] --START--
INFO: Run Behavior\WriteHtmlCacheBehavior [ RunTime:0.000048s ]
INFO: [ view_filter ] --END-- [ RunTime:0.000092s ]
INFO: [ app_end ] --START--
INFO: Run Behavior\ShowPageTraceBehavior [ RunTime:0.000040s ]
INFO: [ app_end ] --END-- [ RunTime:0.000096s ]

[ 2017-12-09T17:32:51+08:00 ] 61.129.7.254 /index.php/Home/Index/personal.html
INFO: [ app_init ] --START--
INFO: Run Behavior\BuildLiteBehavior [ RunTime:0.000018s ]
INFO: [ app_init ] --END-- [ RunTime:0.000117s ]
INFO: [ app_begin ] --START--
INFO: Run Behavior\ReadHtmlCacheBehavior [ RunTime:0.000057s ]
INFO: [ app_begin ] --END-- [ RunTime:0.000117s ]
SQL: SHOW COLUMNS FROM `wx_user` [ RunTime:0.0038s ]
SQL: SELECT * FROM `wx_user` WHERE `openid` = 'oebYn1fDb-SxzZaBjHBEdqv-q7Ik' LIMIT 1   [ RunTime:0.0036s ]
INFO: [ view_parse ] --START--
INFO: [ template_filter ] --START--
INFO: Run Behavior\ContentReplaceBehavior [ RunTime:0.000056s ]
INFO: [ template_filter ] --END-- [ RunTime:0.000116s ]
INFO: Run Behavior\ParseTemplateBehavior [ RunTime:0.003415s ]
INFO: [ view_parse ] --END-- [ RunTime:0.003501s ]
INFO: [ view_filter ] --START--
INFO: Run Behavior\WriteHtmlCacheBehavior [ RunTime:0.000048s ]
INFO: [ view_filter ] --END-- [ RunTime:0.000097s ]
INFO: [ app_end ] --START--
INFO: Run Behavior\ShowPageTraceBehavior [ RunTime:0.000045s ]
INFO: [ app_end ] --END-- [ RunTime:0.000095s ]

[ 2017-12-09T17:32:51+08:00 ] 120.204.17.46 /
INFO: [ app_init ] --START--
INFO: Run Behavior\BuildLiteBehavior [ RunTime:0.000013s ]
INFO: [ app_init ] --END-- [ RunTime:0.000080s ]
INFO: [ app_begin ] --START--
INFO: Run Behavior\ReadHtmlCacheBehavior [ RunTime:0.000035s ]
INFO: [ app_begin ] --END-- [ RunTime:0.000086s ]
SQL: SHOW COLUMNS FROM `fuwu` [ RunTime:0.0040s ]
NOTIC: [8] Undefined variable: where /bweb/www.buy297.com/wangxin/Home/Controller/IndexController.class.php 第 9 行.
SQL: SELECT COUNT(*) AS tp_count FROM `fuwu` LIMIT 1   [ RunTime:0.0038s ]
SQL: SHOW COLUMNS FROM `fuwushang` [ RunTime:0.0040s ]
SQL: SELECT COUNT(*) AS tp_count FROM `fuwushang` WHERE `biaoshi` = 1 LIMIT 1   [ RunTime:0.0037s ]
NOTIC: [2] Missing argument 1 for Think\Model::where(), called in /bweb/www.buy297.com/wangxin/Home/Controller/IndexController.class.php on line 16 and defined /bweb/www.buy297.com/ThinkPHP/Library/Think/Model.class.php 第 1797 行.
NOTIC: [8] Undefined variable: where /bweb/www.buy297.com/ThinkPHP/Library/Think/Model.class.php 第 1805 行.
NOTIC: [8] Undefined variable: where /bweb/www.buy297.com/ThinkPHP/Library/Think/Model.class.php 第 1808 行.
NOTIC: [8] Undefined variable: where /bweb/www.buy297.com/ThinkPHP/Library/Think/Model.class.php 第 1816 行.
SQL: SELECT * FROM `fuwu` ORDER BY id asc LIMIT 0,6   [ RunTime:0.0050s ]
SQL: SELECT * FROM `fuwushang` WHERE `biaoshi` = 1 ORDER BY id asc LIMIT 0,3   [ RunTime:0.0038s ]
SQL: SHOW COLUMNS FROM `wzxx` [ RunTime:0.0039s ]
NOTIC: [2] Missing argument 1 for Think\Model::where(), called in /bweb/www.buy297.com/wangxin/Home/Controller/IndexController.class.php on line 25 and defined /bweb/www.buy297.com/ThinkPHP/Library/Think/Model.class.php 第 1797 行.
NOTIC: [8] Undefined variable: where /bweb/www.buy297.com/ThinkPHP/Library/Think/Model.class.php 第 1805 行.
NOTIC: [8] Undefined variable: where /bweb/www.buy297.com/ThinkPHP/Library/Think/Model.class.php 第 1808 行.
NOTIC: [8] Undefined variable: where /bweb/www.buy297.com/ThinkPHP/Library/Think/Model.class.php 第 1816 行.
SQL: SELECT * FROM `wzxx` LIMIT 1   [ RunTime:0.0044s ]
SQL: SHOW COLUMNS FROM `users` [ RunTime:0.0040s ]
SQL: SELECT `id`,`yuan` FROM `users`  [ RunTime:0.0037s ]
SQL: SHOW COLUMNS FROM `huodong` [ RunTime:0.0040s ]
NOTIC: [8] Undefined variable: where /bweb/www.buy297.com/wangxin/Home/Controller/IndexController.class.php 第 29 行.
SQL: SELECT `title`,`id`,`orders` FROM `huodong` ORDER BY orders desc  [ RunTime:0.0042s ]
NOTIC: [8] Undefined variable: page /bweb/www.buy297.com/wangxin/Home/Controller/IndexController.class.php 第 30 行.
NOTIC: [8] Undefined variable: pages /bweb/www.buy297.com/wangxin/Home/Controller/IndexController.class.php 第 31 行.
INFO: [ view_parse ] --START--
INFO: [ template_filter ] --START--
INFO: Run Behavior\ContentReplaceBehavior [ RunTime:0.000085s ]
INFO: [ template_filter ] --END-- [ RunTime:0.000147s ]
INFO: Run Behavior\ParseTemplateBehavior [ RunTime:0.007940s ]
INFO: [ view_parse ] --END-- [ RunTime:0.008000s ]
INFO: [ view_filter ] --START--
INFO: Run Behavior\WriteHtmlCacheBehavior [ RunTime:0.000042s ]
INFO: [ view_filter ] --END-- [ RunTime:0.000091s ]
INFO: [ app_end ] --START--
INFO: Run Behavior\ShowPageTraceBehavior [ RunTime:0.000045s ]
INFO: [ app_end ] --END-- [ RunTime:0.000095s ]

[ 2017-12-09T17:32:51+08:00 ] 58.246.221.75 /
INFO: [ app_init ] --START--
INFO: Run Behavior\BuildLiteBehavior [ RunTime:0.000015s ]
INFO: [ app_init ] --END-- [ RunTime:0.000111s ]
INFO: [ app_begin ] --START--
INFO: Run Behavior\ReadHtmlCacheBehavior [ RunTime:0.000046s ]
INFO: [ app_begin ] --END-- [ RunTime:0.000096s ]
SQL: SHOW COLUMNS FROM `fuwu` [ RunTime:0.0032s ]
NOTIC: [8] Undefined variable: where /bweb/www.buy297.com/wangxin/Home/Controller/IndexController.class.php 第 9 行.
SQL: SELECT COUNT(*) AS tp_count FROM `fuwu` LIMIT 1   [ RunTime:0.0029s ]
SQL: SHOW COLUMNS FROM `fuwushang` [ RunTime:0.0032s ]
SQL: SELECT COUNT(*) AS tp_count FROM `fuwushang` WHERE `biaoshi` = 1 LIMIT 1   [ RunTime:0.0031s ]
NOTIC: [2] Missing argument 1 for Think\Model::where(), called in /bweb/www.buy297.com/wangxin/Home/Controller/IndexController.class.php on line 16 and defined /bweb/www.buy297.com/ThinkPHP/Library/Think/Model.class.php 第 1797 行.
NOTIC: [8] Undefined variable: where /bweb/www.buy297.com/ThinkPHP/Library/Think/Model.class.php 第 1805 行.
NOTIC: [8] Undefined variable: where /bweb/www.buy297.com/ThinkPHP/Library/Think/Model.class.php 第 1808 行.
NOTIC: [8] Undefined variable: where /bweb/www.buy297.com/ThinkPHP/Library/Think/Model.class.php 第 1816 行.
SQL: SELECT * FROM `fuwu` ORDER BY id asc LIMIT 0,6   [ RunTime:0.0031s ]
SQL: SELECT * FROM `fuwushang` WHERE `biaoshi` = 1 ORDER BY id asc LIMIT 0,3   [ RunTime:0.0032s ]
SQL: SHOW COLUMNS FROM `wzxx` [ RunTime:0.0032s ]
NOTIC: [2] Missing argument 1 for Think\Model::where(), called in /bweb/www.buy297.com/wangxin/Home/Controller/IndexController.class.php on line 25 and defined /bweb/www.buy297.com/ThinkPHP/Library/Think/Model.class.php 第 1797 行.
NOTIC: [8] Undefined variable: where /bweb/www.buy297.com/ThinkPHP/Library/Think/Model.class.php 第 1805 行.
NOTIC: [8] Undefined variable: where /bweb/www.buy297.com/ThinkPHP/Library/Think/Model.class.php 第 1808 行.
NOTIC: [8] Undefined variable: where /bweb/www.buy297.com/ThinkPHP/Library/Think/Model.class.php 第 1816 行.
SQL: SELECT * FROM `wzxx` LIMIT 1   [ RunTime:0.0031s ]
SQL: SHOW COLUMNS FROM `users` [ RunTime:0.0034s ]
SQL: SELECT `id`,`yuan` FROM `users`  [ RunTime:0.0031s ]
SQL: SHOW COLUMNS FROM `huodong` [ RunTime:0.0033s ]
NOTIC: [8] Undefined variable: where /bweb/www.buy297.com/wangxin/Home/Controller/IndexController.class.php 第 29 行.
SQL: SELECT `title`,`id`,`orders` FROM `huodong` ORDER BY orders desc  [ RunTime:0.0030s ]
NOTIC: [8] Undefined variable: page /bweb/www.buy297.com/wangxin/Home/Controller/IndexController.class.php 第 30 行.
NOTIC: [8] Undefined variable: pages /bweb/www.buy297.com/wangxin/Home/Controller/IndexController.class.php 第 31 行.
INFO: [ view_parse ] --START--
INFO: [ template_filter ] --START--
INFO: Run Behavior\ContentReplaceBehavior [ RunTime:0.000077s ]
INFO: [ template_filter ] --END-- [ RunTime:0.000143s ]
INFO: Run Behavior\ParseTemplateBehavior [ RunTime:0.007245s ]
INFO: [ view_parse ] --END-- [ RunTime:0.007302s ]
INFO: [ view_filter ] --START--
INFO: Run Behavior\WriteHtmlCacheBehavior [ RunTime:0.000041s ]
INFO: [ view_filter ] --END-- [ RunTime:0.000093s ]
INFO: [ app_end ] --START--
INFO: Run Behavior\ShowPageTraceBehavior [ RunTime:0.000035s ]
INFO: [ app_end ] --END-- [ RunTime:0.000078s ]

[ 2017-12-09T17:32:53+08:00 ] 61.129.7.254 /index.php/Home/Index/index.html
INFO: [ app_init ] --START--
INFO: Run Behavior\BuildLiteBehavior [ RunTime:0.000017s ]
INFO: [ app_init ] --END-- [ RunTime:0.000112s ]
INFO: [ app_begin ] --START--
INFO: Run Behavior\ReadHtmlCacheBehavior [ RunTime:0.000041s ]
INFO: [ app_begin ] --END-- [ RunTime:0.000099s ]
SQL: SHOW COLUMNS FROM `fuwu` [ RunTime:0.0036s ]
NOTIC: [8] Undefined variable: where /bweb/www.buy297.com/wangxin/Home/Controller/IndexController.class.php 第 9 行.
SQL: SELECT COUNT(*) AS tp_count FROM `fuwu` LIMIT 1   [ RunTime:0.0033s ]
SQL: SHOW COLUMNS FROM `fuwushang` [ RunTime:0.0036s ]
SQL: SELECT COUNT(*) AS tp_count FROM `fuwushang` WHERE `biaoshi` = 1 LIMIT 1   [ RunTime:0.0033s ]
NOTIC: [2] Missing argument 1 for Think\Model::where(), called in /bweb/www.buy297.com/wangxin/Home/Controller/IndexController.class.php on line 16 and defined /bweb/www.buy297.com/ThinkPHP/Library/Think/Model.class.php 第 1797 行.
NOTIC: [8] Undefined variable: where /bweb/www.buy297.com/ThinkPHP/Library/Think/Model.class.php 第 1805 行.
NOTIC: [8] Undefined variable: where /bweb/www.buy297.com/ThinkPHP/Library/Think/Model.class.php 第 1808 行.
NOTIC: [8] Undefined variable: where /bweb/www.buy297.com/ThinkPHP/Library/Think/Model.class.php 第 1816 行.
SQL: SELECT * FROM `fuwu` ORDER BY id asc LIMIT 0,6   [ RunTime:0.0033s ]
SQL: SELECT * FROM `fuwushang` WHERE `biaoshi` = 1 ORDER BY id asc LIMIT 0,3   [ RunTime:0.0033s ]
SQL: SHOW COLUMNS FROM `wzxx` [ RunTime:0.0036s ]
NOTIC: [2] Missing argument 1 for Think\Model::where(), called in /bweb/www.buy297.com/wangxin/Home/Controller/IndexController.class.php on line 25 and defined /bweb/www.buy297.com/ThinkPHP/Library/Think/Model.class.php 第 1797 行.
NOTIC: [8] Undefined variable: where /bweb/www.buy297.com/ThinkPHP/Library/Think/Model.class.php 第 1805 行.
NOTIC: [8] Undefined variable: where /bweb/www.buy297.com/ThinkPHP/Library/Think/Model.class.php 第 1808 行.
NOTIC: [8] Undefined variable: where /bweb/www.buy297.com/ThinkPHP/Library/Think/Model.class.php 第 1816 行.
SQL: SELECT * FROM `wzxx` LIMIT 1   [ RunTime:0.0035s ]
SQL: SHOW COLUMNS FROM `users` [ RunTime:0.0038s ]
SQL: SELECT `id`,`yuan` FROM `users`  [ RunTime:0.0034s ]
SQL: SHOW COLUMNS FROM `huodong` [ RunTime:0.0035s ]
NOTIC: [8] Undefined variable: where /bweb/www.buy297.com/wangxin/Home/Controller/IndexController.class.php 第 29 行.
SQL: SELECT `title`,`id`,`orders` FROM `huodong` ORDER BY orders desc  [ RunTime:0.0033s ]
NOTIC: [8] Undefined variable: page /bweb/www.buy297.com/wangxin/Home/Controller/IndexController.class.php 第 30 行.
NOTIC: [8] Undefined variable: pages /bweb/www.buy297.com/wangxin/Home/Controller/IndexController.class.php 第 31 行.
INFO: [ view_parse ] --START--
INFO: [ template_filter ] --START--
INFO: Run Behavior\ContentReplaceBehavior [ RunTime:0.000084s ]
INFO: [ template_filter ] --END-- [ RunTime:0.000141s ]
INFO: Run Behavior\ParseTemplateBehavior [ RunTime:0.006928s ]
INFO: [ view_parse ] --END-- [ RunTime:0.006982s ]
INFO: [ view_filter ] --START--
INFO: Run Behavior\WriteHtmlCacheBehavior [ RunTime:0.000037s ]
INFO: [ view_filter ] --END-- [ RunTime:0.000079s ]
INFO: [ app_end ] --START--
INFO: Run Behavior\ShowPageTraceBehavior [ RunTime:0.000034s ]
INFO: [ app_end ] --END-- [ RunTime:0.000076s ]

[ 2017-12-09T17:32:53+08:00 ] 223.167.152.124 /
INFO: [ app_init ] --START--
INFO: Run Behavior\BuildLiteBehavior [ RunTime:0.000014s ]
INFO: [ app_init ] --END-- [ RunTime:0.000089s ]
INFO: [ app_begin ] --START--
INFO: Run Behavior\ReadHtmlCacheBehavior [ RunTime:0.000043s ]
INFO: [ app_begin ] --END-- [ RunTime:0.000101s ]
SQL: SHOW COLUMNS FROM `fuwu` [ RunTime:0.0041s ]
NOTIC: [8] Undefined variable: where /bweb/www.buy297.com/wangxin/Home/Controller/IndexController.class.php 第 9 行.
SQL: SELECT COUNT(*) AS tp_count FROM `fuwu` LIMIT 1   [ RunTime:0.0036s ]
SQL: SHOW COLUMNS FROM `fuwushang` [ RunTime:0.0038s ]
SQL: SELECT COUNT(*) AS tp_count FROM `fuwushang` WHERE `biaoshi` = 1 LIMIT 1   [ RunTime:0.0037s ]
NOTIC: [2] Missing argument 1 for Think\Model::where(), called in /bweb/www.buy297.com/wangxin/Home/Controller/IndexController.class.php on line 16 and defined /bweb/www.buy297.com/ThinkPHP/Library/Think/Model.class.php 第 1797 行.
NOTIC: [8] Undefined variable: where /bweb/www.buy297.com/ThinkPHP/Library/Think/Model.class.php 第 1805 行.
NOTIC: [8] Undefined variable: where /bweb/www.buy297.com/ThinkPHP/Library/Think/Model.class.php 第 1808 行.
NOTIC: [8] Undefined variable: where /bweb/www.buy297.com/ThinkPHP/Library/Think/Model.class.php 第 1816 行.
SQL: SELECT * FROM `fuwu` ORDER BY id asc LIMIT 0,6   [ RunTime:0.0037s ]
SQL: SELECT * FROM `fuwushang` WHERE `biaoshi` = 1 ORDER BY id asc LIMIT 0,3   [ RunTime:0.0038s ]
SQL: SHOW COLUMNS FROM `wzxx` [ RunTime:0.0040s ]
NOTIC: [2] Missing argument 1 for Think\Model::where(), called in /bweb/www.buy297.com/wangxin/Home/Controller/IndexController.class.php on line 25 and defined /bweb/www.buy297.com/ThinkPHP/Library/Think/Model.class.php 第 1797 行.
NOTIC: [8] Undefined variable: where /bweb/www.buy297.com/ThinkPHP/Library/Think/Model.class.php 第 1805 行.
NOTIC: [8] Undefined variable: where /bweb/www.buy297.com/ThinkPHP/Library/Think/Model.class.php 第 1808 行.
NOTIC: [8] Undefined variable: where /bweb/www.buy297.com/ThinkPHP/Library/Think/Model.class.php 第 1816 行.
SQL: SELECT * FROM `wzxx` LIMIT 1   [ RunTime:0.0039s ]
SQL: SHOW COLUMNS FROM `users` [ RunTime:0.0041s ]
SQL: SELECT `id`,`yuan` FROM `users`  [ RunTime:0.0038s ]
SQL: SHOW COLUMNS FROM `huodong` [ RunTime:0.0040s ]
NOTIC: [8] Undefined variable: where /bweb/www.buy297.com/wangxin/Home/Controller/IndexController.class.php 第 29 行.
SQL: SELECT `title`,`id`,`orders` FROM `huodong` ORDER BY orders desc  [ RunTime:0.0038s ]
NOTIC: [8] Undefined variable: page /bweb/www.buy297.com/wangxin/Home/Controller/IndexController.class.php 第 30 行.
NOTIC: [8] Undefined variable: pages /bweb/www.buy297.com/wangxin/Home/Controller/IndexController.class.php 第 31 行.
INFO: [ view_parse ] --START--
INFO: [ template_filter ] --START--
INFO: Run Behavior\ContentReplaceBehavior [ RunTime:0.000074s ]
INFO: [ template_filter ] --END-- [ RunTime:0.000132s ]
INFO: Run Behavior\ParseTemplateBehavior [ RunTime:0.007304s ]
INFO: [ view_parse ] --END-- [ RunTime:0.007371s ]
INFO: [ view_filter ] --START--
INFO: Run Behavior\WriteHtmlCacheBehavior [ RunTime:0.000039s ]
INFO: [ view_filter ] --END-- [ RunTime:0.000085s ]
INFO: [ app_end ] --START--
INFO: Run Behavior\ShowPageTraceBehavior [ RunTime:0.000037s ]
INFO: [ app_end ] --END-- [ RunTime:0.000086s ]

[ 2017-12-09T17:32:55+08:00 ] 61.129.7.254 /index.php/Home/Index/qyfw/id/23.html
INFO: [ app_init ] --START--
INFO: Run Behavior\BuildLiteBehavior [ RunTime:0.000017s ]
INFO: [ app_init ] --END-- [ RunTime:0.000113s ]
INFO: [ app_begin ] --START--
INFO: Run Behavior\ReadHtmlCacheBehavior [ RunTime:0.000045s ]
INFO: [ app_begin ] --END-- [ RunTime:0.000101s ]
SQL: SHOW COLUMNS FROM `fuwu` [ RunTime:0.0042s ]
SQL: SELECT * FROM `fuwu` WHERE `id` = 23 LIMIT 1   [ RunTime:0.0039s ]
SQL: SELECT `id` FROM `fuwu` WHERE `f_id` = 23 LIMIT 1   [ RunTime:0.0041s ]
SQL: SELECT `name`,`id`,`f_id`,`img` FROM `fuwu` WHERE `f_id` = 35  [ RunTime:0.0039s ]
INFO: [ view_parse ] --START--
INFO: [ template_filter ] --START--
INFO: Run Behavior\ContentReplaceBehavior [ RunTime:0.000054s ]
INFO: [ template_filter ] --END-- [ RunTime:0.000117s ]
INFO: Run Behavior\ParseTemplateBehavior [ RunTime:0.004106s ]
INFO: [ view_parse ] --END-- [ RunTime:0.004164s ]
INFO: [ view_filter ] --START--
INFO: Run Behavior\WriteHtmlCacheBehavior [ RunTime:0.000045s ]
INFO: [ view_filter ] --END-- [ RunTime:0.000090s ]
INFO: [ app_end ] --START--
INFO: Run Behavior\ShowPageTraceBehavior [ RunTime:0.000041s ]
INFO: [ app_end ] --END-- [ RunTime:0.000089s ]

[ 2017-12-09T19:55:09+08:00 ] 223.167.152.124 /
INFO: [ app_init ] --START--
INFO: Run Behavior\BuildLiteBehavior [ RunTime:0.000012s ]
INFO: [ app_init ] --END-- [ RunTime:0.000083s ]
INFO: [ app_begin ] --START--
INFO: Run Behavior\ReadHtmlCacheBehavior [ RunTime:0.000041s ]
INFO: [ app_begin ] --END-- [ RunTime:0.000092s ]
SQL: SHOW COLUMNS FROM `fuwu` [ RunTime:0.0034s ]
NOTIC: [8] Undefined variable: where /bweb/www.buy297.com/wangxin/Home/Controller/IndexController.class.php 第 9 行.
SQL: SELECT COUNT(*) AS tp_count FROM `fuwu` LIMIT 1   [ RunTime:0.0030s ]
SQL: SHOW COLUMNS FROM `fuwushang` [ RunTime:0.0033s ]
SQL: SELECT COUNT(*) AS tp_count FROM `fuwushang` WHERE `biaoshi` = 1 LIMIT 1   [ RunTime:0.0030s ]
NOTIC: [2] Missing argument 1 for Think\Model::where(), called in /bweb/www.buy297.com/wangxin/Home/Controller/IndexController.class.php on line 16 and defined /bweb/www.buy297.com/ThinkPHP/Library/Think/Model.class.php 第 1797 行.
NOTIC: [8] Undefined variable: where /bweb/www.buy297.com/ThinkPHP/Library/Think/Model.class.php 第 1805 行.
NOTIC: [8] Undefined variable: where /bweb/www.buy297.com/ThinkPHP/Library/Think/Model.class.php 第 1808 行.
NOTIC: [8] Undefined variable: where /bweb/www.buy297.com/ThinkPHP/Library/Think/Model.class.php 第 1816 行.
SQL: SELECT * FROM `fuwu` ORDER BY id asc LIMIT 0,6   [ RunTime:0.0031s ]
SQL: SELECT * FROM `fuwushang` WHERE `biaoshi` = 1 ORDER BY id asc LIMIT 0,3   [ RunTime:0.0032s ]
SQL: SHOW COLUMNS FROM `wzxx` [ RunTime:0.0032s ]
NOTIC: [2] Missing argument 1 for Think\Model::where(), called in /bweb/www.buy297.com/wangxin/Home/Controller/IndexController.class.php on line 25 and defined /bweb/www.buy297.com/ThinkPHP/Library/Think/Model.class.php 第 1797 行.
NOTIC: [8] Undefined variable: where /bweb/www.buy297.com/ThinkPHP/Library/Think/Model.class.php 第 1805 行.
NOTIC: [8] Undefined variable: where /bweb/www.buy297.com/ThinkPHP/Library/Think/Model.class.php 第 1808 行.
NOTIC: [8] Undefined variable: where /bweb/www.buy297.com/ThinkPHP/Library/Think/Model.class.php 第 1816 行.
SQL: SELECT * FROM `wzxx` LIMIT 1   [ RunTime:0.0033s ]
SQL: SHOW COLUMNS FROM `users` [ RunTime:0.0031s ]
SQL: SELECT `id`,`yuan` FROM `users`  [ RunTime:0.0031s ]
SQL: SHOW COLUMNS FROM `huodong` [ RunTime:0.0032s ]
NOTIC: [8] Undefined variable: where /bweb/www.buy297.com/wangxin/Home/Controller/IndexController.class.php 第 29 行.
SQL: SELECT `title`,`id`,`orders` FROM `huodong` ORDER BY orders desc  [ RunTime:0.0030s ]
NOTIC: [8] Undefined variable: page /bweb/www.buy297.com/wangxin/Home/Controller/IndexController.class.php 第 30 行.
NOTIC: [8] Undefined variable: pages /bweb/www.buy297.com/wangxin/Home/Controller/IndexController.class.php 第 31 行.
INFO: [ view_parse ] --START--
INFO: [ template_filter ] --START--
INFO: Run Behavior\ContentReplaceBehavior [ RunTime:0.000087s ]
INFO: [ template_filter ] --END-- [ RunTime:0.000146s ]
INFO: Run Behavior\ParseTemplateBehavior [ RunTime:0.007363s ]
INFO: [ view_parse ] --END-- [ RunTime:0.007436s ]
INFO: [ view_filter ] --START--
INFO: Run Behavior\WriteHtmlCacheBehavior [ RunTime:0.000048s ]
INFO: [ view_filter ] --END-- [ RunTime:0.000092s ]
INFO: [ app_end ] --START--
INFO: Run Behavior\ShowPageTraceBehavior [ RunTime:0.000042s ]
INFO: [ app_end ] --END-- [ RunTime:0.000089s ]

[ 2017-12-09T19:55:09+08:00 ] 61.129.7.254 /
INFO: [ app_init ] --START--
INFO: Run Behavior\BuildLiteBehavior [ RunTime:0.000019s ]
INFO: [ app_init ] --END-- [ RunTime:0.000142s ]
INFO: [ app_begin ] --START--
INFO: Run Behavior\ReadHtmlCacheBehavior [ RunTime:0.000064s ]
INFO: [ app_begin ] --END-- [ RunTime:0.000127s ]
SQL: SHOW COLUMNS FROM `fuwu` [ RunTime:0.0037s ]
NOTIC: [8] Undefined variable: where /bweb/www.buy297.com/wangxin/Home/Controller/IndexController.class.php 第 9 行.
SQL: SELECT COUNT(*) AS tp_count FROM `fuwu` LIMIT 1   [ RunTime:0.0035s ]
SQL: SHOW COLUMNS FROM `fuwushang` [ RunTime:0.0037s ]
SQL: SELECT COUNT(*) AS tp_count FROM `fuwushang` WHERE `biaoshi` = 1 LIMIT 1   [ RunTime:0.0034s ]
NOTIC: [2] Missing argument 1 for Think\Model::where(), called in /bweb/www.buy297.com/wangxin/Home/Controller/IndexController.class.php on line 16 and defined /bweb/www.buy297.com/ThinkPHP/Library/Think/Model.class.php 第 1797 行.
NOTIC: [8] Undefined variable: where /bweb/www.buy297.com/ThinkPHP/Library/Think/Model.class.php 第 1805 行.
NOTIC: [8] Undefined variable: where /bweb/www.buy297.com/ThinkPHP/Library/Think/Model.class.php 第 1808 行.
NOTIC: [8] Undefined variable: where /bweb/www.buy297.com/ThinkPHP/Library/Think/Model.class.php 第 1816 行.
SQL: SELECT * FROM `fuwu` ORDER BY id asc LIMIT 0,6   [ RunTime:0.0035s ]
SQL: SELECT * FROM `fuwushang` WHERE `biaoshi` = 1 ORDER BY id asc LIMIT 0,3   [ RunTime:0.0036s ]
SQL: SHOW COLUMNS FROM `wzxx` [ RunTime:0.0036s ]
NOTIC: [2] Missing argument 1 for Think\Model::where(), called in /bweb/www.buy297.com/wangxin/Home/Controller/IndexController.class.php on line 25 and defined /bweb/www.buy297.com/ThinkPHP/Library/Think/Model.class.php 第 1797 行.
NOTIC: [8] Undefined variable: where /bweb/www.buy297.com/ThinkPHP/Library/Think/Model.class.php 第 1805 行.
NOTIC: [8] Undefined variable: where /bweb/www.buy297.com/ThinkPHP/Library/Think/Model.class.php 第 1808 行.
NOTIC: [8] Undefined variable: where /bweb/www.buy297.com/ThinkPHP/Library/Think/Model.class.php 第 1816 行.
SQL: SELECT * FROM `wzxx` LIMIT 1   [ RunTime:0.0034s ]
SQL: SHOW COLUMNS FROM `users` [ RunTime:0.0037s ]
SQL: SELECT `id`,`yuan` FROM `users`  [ RunTime:0.0034s ]
SQL: SHOW COLUMNS FROM `huodong` [ RunTime:0.0037s ]
NOTIC: [8] Undefined variable: where /bweb/www.buy297.com/wangxin/Home/Controller/IndexController.class.php 第 29 行.
SQL: SELECT `title`,`id`,`orders` FROM `huodong` ORDER BY orders desc  [ RunTime:0.0034s ]
NOTIC: [8] Undefined variable: page /bweb/www.buy297.com/wangxin/Home/Controller/IndexController.class.php 第 30 行.
NOTIC: [8] Undefined variable: pages /bweb/www.buy297.com/wangxin/Home/Controller/IndexController.class.php 第 31 行.
INFO: [ view_parse ] --START--
INFO: [ template_filter ] --START--
INFO: Run Behavior\ContentReplaceBehavior [ RunTime:0.000089s ]
INFO: [ template_filter ] --END-- [ RunTime:0.000159s ]
INFO: Run Behavior\ParseTemplateBehavior [ RunTime:0.007483s ]
INFO: [ view_parse ] --END-- [ RunTime:0.007542s ]
INFO: [ view_filter ] --START--
INFO: Run Behavior\WriteHtmlCacheBehavior [ RunTime:0.000040s ]
INFO: [ view_filter ] --END-- [ RunTime:0.000082s ]
INFO: [ app_end ] --START--
INFO: Run Behavior\ShowPageTraceBehavior [ RunTime:0.000036s ]
INFO: [ app_end ] --END-- [ RunTime:0.000082s ]

[ 2017-12-09T19:55:09+08:00 ] 61.129.8.203 /
INFO: [ app_init ] --START--
INFO: Run Behavior\BuildLiteBehavior [ RunTime:0.000013s ]
INFO: [ app_init ] --END-- [ RunTime:0.000081s ]
INFO: [ app_begin ] --START--
INFO: Run Behavior\ReadHtmlCacheBehavior [ RunTime:0.000034s ]
INFO: [ app_begin ] --END-- [ RunTime:0.000083s ]
SQL: SHOW COLUMNS FROM `fuwu` [ RunTime:0.0039s ]
NOTIC: [8] Undefined variable: where /bweb/www.buy297.com/wangxin/Home/Controller/IndexController.class.php 第 9 行.
SQL: SELECT COUNT(*) AS tp_count FROM `fuwu` LIMIT 1   [ RunTime:0.0036s ]
SQL: SHOW COLUMNS FROM `fuwushang` [ RunTime:0.0040s ]
SQL: SELECT COUNT(*) AS tp_count FROM `fuwushang` WHERE `biaoshi` = 1 LIMIT 1   [ RunTime:0.0036s ]
NOTIC: [2] Missing argument 1 for Think\Model::where(), called in /bweb/www.buy297.com/wangxin/Home/Controller/IndexController.class.php on line 16 and defined /bweb/www.buy297.com/ThinkPHP/Library/Think/Model.class.php 第 1797 行.
NOTIC: [8] Undefined variable: where /bweb/www.buy297.com/ThinkPHP/Library/Think/Model.class.php 第 1805 行.
NOTIC: [8] Undefined variable: where /bweb/www.buy297.com/ThinkPHP/Library/Think/Model.class.php 第 1808 行.
NOTIC: [8] Undefined variable: where /bweb/www.buy297.com/ThinkPHP/Library/Think/Model.class.php 第 1816 行.
SQL: SELECT * FROM `fuwu` ORDER BY id asc LIMIT 0,6   [ RunTime:0.0036s ]
SQL: SELECT * FROM `fuwushang` WHERE `biaoshi` = 1 ORDER BY id asc LIMIT 0,3   [ RunTime:0.0049s ]
SQL: SHOW COLUMNS FROM `wzxx` [ RunTime:0.0037s ]
NOTIC: [2] Missing argument 1 for Think\Model::where(), called in /bweb/www.buy297.com/wangxin/Home/Controller/IndexController.class.php on line 25 and defined /bweb/www.buy297.com/ThinkPHP/Library/Think/Model.class.php 第 1797 行.
NOTIC: [8] Undefined variable: where /bweb/www.buy297.com/ThinkPHP/Library/Think/Model.class.php 第 1805 行.
NOTIC: [8] Undefined variable: where /bweb/www.buy297.com/ThinkPHP/Library/Think/Model.class.php 第 1808 行.
NOTIC: [8] Undefined variable: where /bweb/www.buy297.com/ThinkPHP/Library/Think/Model.class.php 第 1816 行.
SQL: SELECT * FROM `wzxx` LIMIT 1   [ RunTime:0.0036s ]
SQL: SHOW COLUMNS FROM `users` [ RunTime:0.0043s ]
SQL: SELECT `id`,`yuan` FROM `users`  [ RunTime:0.0036s ]
SQL: SHOW COLUMNS FROM `huodong` [ RunTime:0.0038s ]
NOTIC: [8] Undefined variable: where /bweb/www.buy297.com/wangxin/Home/Controller/IndexController.class.php 第 29 行.
SQL: SELECT `title`,`id`,`orders` FROM `huodong` ORDER BY orders desc  [ RunTime:0.0037s ]
NOTIC: [8] Undefined variable: page /bweb/www.buy297.com/wangxin/Home/Controller/IndexController.class.php 第 30 行.
NOTIC: [8] Undefined variable: pages /bweb/www.buy297.com/wangxin/Home/Controller/IndexController.class.php 第 31 行.
INFO: [ view_parse ] --START--
INFO: [ template_filter ] --START--
INFO: Run Behavior\ContentReplaceBehavior [ RunTime:0.000075s ]
INFO: [ template_filter ] --END-- [ RunTime:0.000138s ]
INFO: Run Behavior\ParseTemplateBehavior [ RunTime:0.007010s ]
INFO: [ view_parse ] --END-- [ RunTime:0.007068s ]
INFO: [ view_filter ] --START--
INFO: Run Behavior\WriteHtmlCacheBehavior [ RunTime:0.000039s ]
INFO: [ view_filter ] --END-- [ RunTime:0.000092s ]
INFO: [ app_end ] --START--
INFO: Run Behavior\ShowPageTraceBehavior [ RunTime:0.000035s ]
INFO: [ app_end ] --END-- [ RunTime:0.000081s ]

[ 2017-12-09T19:55:49+08:00 ] 61.129.7.254 /
INFO: [ app_init ] --START--
INFO: Run Behavior\BuildLiteBehavior [ RunTime:0.000015s ]
INFO: [ app_init ] --END-- [ RunTime:0.000106s ]
INFO: [ app_begin ] --START--
INFO: Run Behavior\ReadHtmlCacheBehavior [ RunTime:0.000041s ]
INFO: [ app_begin ] --END-- [ RunTime:0.000101s ]
SQL: SHOW COLUMNS FROM `fuwu` [ RunTime:0.0037s ]
NOTIC: [8] Undefined variable: where /bweb/www.buy297.com/wangxin/Home/Controller/IndexController.class.php 第 9 行.
SQL: SELECT COUNT(*) AS tp_count FROM `fuwu` LIMIT 1   [ RunTime:0.0034s ]
SQL: SHOW COLUMNS FROM `fuwushang` [ RunTime:0.0037s ]
SQL: SELECT COUNT(*) AS tp_count FROM `fuwushang` WHERE `biaoshi` = 1 LIMIT 1   [ RunTime:0.0034s ]
NOTIC: [2] Missing argument 1 for Think\Model::where(), called in /bweb/www.buy297.com/wangxin/Home/Controller/IndexController.class.php on line 16 and defined /bweb/www.buy297.com/ThinkPHP/Library/Think/Model.class.php 第 1797 行.
NOTIC: [8] Undefined variable: where /bweb/www.buy297.com/ThinkPHP/Library/Think/Model.class.php 第 1805 行.
NOTIC: [8] Undefined variable: where /bweb/www.buy297.com/ThinkPHP/Library/Think/Model.class.php 第 1808 行.
NOTIC: [8] Undefined variable: where /bweb/www.buy297.com/ThinkPHP/Library/Think/Model.class.php 第 1816 行.
SQL: SELECT * FROM `fuwu` ORDER BY id asc LIMIT 0,6   [ RunTime:0.0035s ]
SQL: SELECT * FROM `fuwushang` WHERE `biaoshi` = 1 ORDER BY id asc LIMIT 0,3   [ RunTime:0.0035s ]
SQL: SHOW COLUMNS FROM `wzxx` [ RunTime:0.0036s ]
NOTIC: [2] Missing argument 1 for Think\Model::where(), called in /bweb/www.buy297.com/wangxin/Home/Controller/IndexController.class.php on line 25 and defined /bweb/www.buy297.com/ThinkPHP/Library/Think/Model.class.php 第 1797 行.
NOTIC: [8] Undefined variable: where /bweb/www.buy297.com/ThinkPHP/Library/Think/Model.class.php 第 1805 行.
NOTIC: [8] Undefined variable: where /bweb/www.buy297.com/ThinkPHP/Library/Think/Model.class.php 第 1808 行.
NOTIC: [8] Undefined variable: where /bweb/www.buy297.com/ThinkPHP/Library/Think/Model.class.php 第 1816 行.
SQL: SELECT * FROM `wzxx` LIMIT 1   [ RunTime:0.0036s ]
SQL: SHOW COLUMNS FROM `users` [ RunTime:0.0036s ]
SQL: SELECT `id`,`yuan` FROM `users`  [ RunTime:0.0034s ]
SQL: SHOW COLUMNS FROM `huodong` [ RunTime:0.0035s ]
NOTIC: [8] Undefined variable: where /bweb/www.buy297.com/wangxin/Home/Controller/IndexController.class.php 第 29 行.
SQL: SELECT `title`,`id`,`orders` FROM `huodong` ORDER BY orders desc  [ RunTime:0.0034s ]
NOTIC: [8] Undefined variable: page /bweb/www.buy297.com/wangxin/Home/Controller/IndexController.class.php 第 30 行.
NOTIC: [8] Undefined variable: pages /bweb/www.buy297.com/wangxin/Home/Controller/IndexController.class.php 第 31 行.
INFO: [ view_parse ] --START--
INFO: [ template_filter ] --START--
INFO: Run Behavior\ContentReplaceBehavior [ RunTime:0.000082s ]
INFO: [ template_filter ] --END-- [ RunTime:0.000140s ]
INFO: Run Behavior\ParseTemplateBehavior [ RunTime:0.007031s ]
INFO: [ view_parse ] --END-- [ RunTime:0.007085s ]
INFO: [ view_filter ] --START--
INFO: Run Behavior\WriteHtmlCacheBehavior [ RunTime:0.000044s ]
INFO: [ view_filter ] --END-- [ RunTime:0.000086s ]
INFO: [ app_end ] --START--
INFO: Run Behavior\ShowPageTraceBehavior [ RunTime:0.000052s ]
INFO: [ app_end ] --END-- [ RunTime:0.000097s ]

