[ 2017-12-14T01:25:06+08:00 ] 211.138.125.213 /
INFO: [ app_init ] --START--
INFO: Run Behavior\BuildLiteBehavior [ RunTime:0.000018s ]
INFO: [ app_init ] --END-- [ RunTime:0.000118s ]
INFO: [ app_begin ] --START--
INFO: Run Behavior\ReadHtmlCacheBehavior [ RunTime:0.000046s ]
INFO: [ app_begin ] --END-- [ RunTime:0.000104s ]
SQL: SHOW COLUMNS FROM `fuwu` [ RunTime:0.0033s ]
NOTIC: [8] Undefined variable: where /bweb/www.buy297.com/wangxin/Home/Controller/IndexController.class.php 第 12 行.
SQL: SELECT COUNT(*) AS tp_count FROM `fuwu` LIMIT 1   [ RunTime:0.0031s ]
SQL: SHOW COLUMNS FROM `fuwushang` [ RunTime:0.0034s ]
SQL: SELECT COUNT(*) AS tp_count FROM `fuwushang` WHERE `biaoshi` = 1 LIMIT 1   [ RunTime:0.0030s ]
NOTIC: [2] Missing argument 1 for Think\Model::where(), called in /bweb/www.buy297.com/wangxin/Home/Controller/IndexController.class.php on line 19 and defined /bweb/www.buy297.com/ThinkPHP/Library/Think/Model.class.php 第 1797 行.
NOTIC: [8] Undefined variable: where /bweb/www.buy297.com/ThinkPHP/Library/Think/Model.class.php 第 1805 行.
NOTIC: [8] Undefined variable: where /bweb/www.buy297.com/ThinkPHP/Library/Think/Model.class.php 第 1808 行.
NOTIC: [8] Undefined variable: where /bweb/www.buy297.com/ThinkPHP/Library/Think/Model.class.php 第 1816 行.
SQL: SELECT * FROM `fuwu` ORDER BY id asc LIMIT 0,6   [ RunTime:0.0030s ]
SQL: SELECT * FROM `fuwushang` WHERE `biaoshi` = 1 ORDER BY id asc LIMIT 0,3   [ RunTime:0.0032s ]
SQL: SHOW COLUMNS FROM `wzxx` [ RunTime:0.0032s ]
NOTIC: [2] Missing argument 1 for Think\Model::where(), called in /bweb/www.buy297.com/wangxin/Home/Controller/IndexController.class.php on line 28 and defined /bweb/www.buy297.com/ThinkPHP/Library/Think/Model.class.php 第 1797 行.
NOTIC: [8] Undefined variable: where /bweb/www.buy297.com/ThinkPHP/Library/Think/Model.class.php 第 1805 行.
NOTIC: [8] Undefined variable: where /bweb/www.buy297.com/ThinkPHP/Library/Think/Model.class.php 第 1808 行.
NOTIC: [8] Undefined variable: where /bweb/www.buy297.com/ThinkPHP/Library/Think/Model.class.php 第 1816 行.
SQL: SELECT * FROM `wzxx` LIMIT 1   [ RunTime:0.0030s ]
SQL: SHOW COLUMNS FROM `users` [ RunTime:0.0032s ]
SQL: SELECT `id`,`yuan` FROM `users`  [ RunTime:0.0030s ]
SQL: SHOW COLUMNS FROM `huodong` [ RunTime:0.0033s ]
NOTIC: [8] Undefined variable: where /bweb/www.buy297.com/wangxin/Home/Controller/IndexController.class.php 第 32 行.
SQL: SELECT `title`,`id`,`orders` FROM `huodong` ORDER BY orders desc  [ RunTime:0.0030s ]
NOTIC: [8] Undefined variable: page /bweb/www.buy297.com/wangxin/Home/Controller/IndexController.class.php 第 33 行.
NOTIC: [8] Undefined variable: pages /bweb/www.buy297.com/wangxin/Home/Controller/IndexController.class.php 第 34 行.
INFO: [ view_parse ] --START--
INFO: [ template_filter ] --START--
INFO: Run Behavior\ContentReplaceBehavior [ RunTime:0.000081s ]
INFO: [ template_filter ] --END-- [ RunTime:0.000136s ]
INFO: Run Behavior\ParseTemplateBehavior [ RunTime:0.007050s ]
INFO: [ view_parse ] --END-- [ RunTime:0.007107s ]
INFO: [ view_filter ] --START--
INFO: Run Behavior\WriteHtmlCacheBehavior [ RunTime:0.000044s ]
INFO: [ view_filter ] --END-- [ RunTime:0.000086s ]
INFO: [ app_end ] --START--
INFO: Run Behavior\ShowPageTraceBehavior [ RunTime:0.000039s ]
INFO: [ app_end ] --END-- [ RunTime:0.000083s ]

[ 2017-12-14T11:19:18+08:00 ] 106.11.225.150 /
INFO: [ app_init ] --START--
INFO: Run Behavior\BuildLiteBehavior [ RunTime:0.000022s ]
INFO: [ app_init ] --END-- [ RunTime:0.000189s ]
INFO: [ app_begin ] --START--
INFO: Run Behavior\ReadHtmlCacheBehavior [ RunTime:0.000072s ]
INFO: [ app_begin ] --END-- [ RunTime:0.000138s ]
SQL: SHOW COLUMNS FROM `fuwu` [ RunTime:0.0034s ]
NOTIC: [8] Undefined variable: where /bweb/www.buy297.com/wangxin/Home/Controller/IndexController.class.php 第 12 行.
SQL: SELECT COUNT(*) AS tp_count FROM `fuwu` LIMIT 1   [ RunTime:0.0038s ]
SQL: SHOW COLUMNS FROM `fuwushang` [ RunTime:0.0031s ]
SQL: SELECT COUNT(*) AS tp_count FROM `fuwushang` WHERE `biaoshi` = 1 LIMIT 1   [ RunTime:0.0036s ]
NOTIC: [2] Missing argument 1 for Think\Model::where(), called in /bweb/www.buy297.com/wangxin/Home/Controller/IndexController.class.php on line 19 and defined /bweb/www.buy297.com/ThinkPHP/Library/Think/Model.class.php 第 1797 行.
NOTIC: [8] Undefined variable: where /bweb/www.buy297.com/ThinkPHP/Library/Think/Model.class.php 第 1805 行.
NOTIC: [8] Undefined variable: where /bweb/www.buy297.com/ThinkPHP/Library/Think/Model.class.php 第 1808 行.
NOTIC: [8] Undefined variable: where /bweb/www.buy297.com/ThinkPHP/Library/Think/Model.class.php 第 1816 行.
SQL: SELECT * FROM `fuwu` ORDER BY id asc LIMIT 0,6   [ RunTime:0.0030s ]
SQL: SELECT * FROM `fuwushang` WHERE `biaoshi` = 1 ORDER BY id asc LIMIT 0,3   [ RunTime:0.0029s ]
SQL: SHOW COLUMNS FROM `wzxx` [ RunTime:0.0032s ]
NOTIC: [2] Missing argument 1 for Think\Model::where(), called in /bweb/www.buy297.com/wangxin/Home/Controller/IndexController.class.php on line 28 and defined /bweb/www.buy297.com/ThinkPHP/Library/Think/Model.class.php 第 1797 行.
NOTIC: [8] Undefined variable: where /bweb/www.buy297.com/ThinkPHP/Library/Think/Model.class.php 第 1805 行.
NOTIC: [8] Undefined variable: where /bweb/www.buy297.com/ThinkPHP/Library/Think/Model.class.php 第 1808 行.
NOTIC: [8] Undefined variable: where /bweb/www.buy297.com/ThinkPHP/Library/Think/Model.class.php 第 1816 行.
SQL: SELECT * FROM `wzxx` LIMIT 1   [ RunTime:0.0029s ]
SQL: SHOW COLUMNS FROM `users` [ RunTime:0.0030s ]
SQL: SELECT `id`,`yuan` FROM `users`  [ RunTime:0.0028s ]
SQL: SHOW COLUMNS FROM `huodong` [ RunTime:0.0030s ]
NOTIC: [8] Undefined variable: where /bweb/www.buy297.com/wangxin/Home/Controller/IndexController.class.php 第 32 行.
SQL: SELECT `title`,`id`,`orders` FROM `huodong` ORDER BY orders desc  [ RunTime:0.0029s ]
NOTIC: [8] Undefined variable: page /bweb/www.buy297.com/wangxin/Home/Controller/IndexController.class.php 第 33 行.
NOTIC: [8] Undefined variable: pages /bweb/www.buy297.com/wangxin/Home/Controller/IndexController.class.php 第 34 行.
INFO: [ view_parse ] --START--
INFO: [ template_filter ] --START--
INFO: Run Behavior\ContentReplaceBehavior [ RunTime:0.000116s ]
INFO: [ template_filter ] --END-- [ RunTime:0.000181s ]
INFO: Run Behavior\ParseTemplateBehavior [ RunTime:0.008579s ]
INFO: [ view_parse ] --END-- [ RunTime:0.008641s ]
INFO: [ view_filter ] --START--
INFO: Run Behavior\WriteHtmlCacheBehavior [ RunTime:0.000045s ]
INFO: [ view_filter ] --END-- [ RunTime:0.000086s ]
INFO: [ app_end ] --START--
INFO: Run Behavior\ShowPageTraceBehavior [ RunTime:0.000053s ]
INFO: [ app_end ] --END-- [ RunTime:0.000100s ]

[ 2017-12-14T15:45:53+08:00 ] 61.129.7.254 /
INFO: [ app_init ] --START--
INFO: Run Behavior\BuildLiteBehavior [ RunTime:0.000018s ]
INFO: [ app_init ] --END-- [ RunTime:0.000116s ]
INFO: [ app_begin ] --START--
INFO: Run Behavior\ReadHtmlCacheBehavior [ RunTime:0.000046s ]
INFO: [ app_begin ] --END-- [ RunTime:0.000118s ]
SQL: SHOW COLUMNS FROM `fuwu` [ RunTime:0.0046s ]
NOTIC: [8] Undefined variable: where /bweb/www.buy297.com/wangxin/Home/Controller/IndexController.class.php 第 12 行.
SQL: SELECT COUNT(*) AS tp_count FROM `fuwu` LIMIT 1   [ RunTime:0.0041s ]
SQL: SHOW COLUMNS FROM `fuwushang` [ RunTime:0.0043s ]
SQL: SELECT COUNT(*) AS tp_count FROM `fuwushang` WHERE `biaoshi` = 1 LIMIT 1   [ RunTime:0.0041s ]
NOTIC: [2] Missing argument 1 for Think\Model::where(), called in /bweb/www.buy297.com/wangxin/Home/Controller/IndexController.class.php on line 19 and defined /bweb/www.buy297.com/ThinkPHP/Library/Think/Model.class.php 第 1797 行.
NOTIC: [8] Undefined variable: where /bweb/www.buy297.com/ThinkPHP/Library/Think/Model.class.php 第 1805 行.
NOTIC: [8] Undefined variable: where /bweb/www.buy297.com/ThinkPHP/Library/Think/Model.class.php 第 1808 行.
NOTIC: [8] Undefined variable: where /bweb/www.buy297.com/ThinkPHP/Library/Think/Model.class.php 第 1816 行.
SQL: SELECT * FROM `fuwu` ORDER BY id asc LIMIT 0,6   [ RunTime:0.0041s ]
SQL: SELECT * FROM `fuwushang` WHERE `biaoshi` = 1 ORDER BY id asc LIMIT 0,3   [ RunTime:0.0041s ]
SQL: SHOW COLUMNS FROM `wzxx` [ RunTime:0.0042s ]
NOTIC: [2] Missing argument 1 for Think\Model::where(), called in /bweb/www.buy297.com/wangxin/Home/Controller/IndexController.class.php on line 28 and defined /bweb/www.buy297.com/ThinkPHP/Library/Think/Model.class.php 第 1797 行.
NOTIC: [8] Undefined variable: where /bweb/www.buy297.com/ThinkPHP/Library/Think/Model.class.php 第 1805 行.
NOTIC: [8] Undefined variable: where /bweb/www.buy297.com/ThinkPHP/Library/Think/Model.class.php 第 1808 行.
NOTIC: [8] Undefined variable: where /bweb/www.buy297.com/ThinkPHP/Library/Think/Model.class.php 第 1816 行.
SQL: SELECT * FROM `wzxx` LIMIT 1   [ RunTime:0.0041s ]
SQL: SHOW COLUMNS FROM `users` [ RunTime:0.0043s ]
SQL: SELECT `id`,`yuan` FROM `users`  [ RunTime:0.0040s ]
SQL: SHOW COLUMNS FROM `huodong` [ RunTime:0.0042s ]
NOTIC: [8] Undefined variable: where /bweb/www.buy297.com/wangxin/Home/Controller/IndexController.class.php 第 32 行.
SQL: SELECT `title`,`id`,`orders` FROM `huodong` ORDER BY orders desc  [ RunTime:0.0040s ]
NOTIC: [8] Undefined variable: page /bweb/www.buy297.com/wangxin/Home/Controller/IndexController.class.php 第 33 行.
NOTIC: [8] Undefined variable: pages /bweb/www.buy297.com/wangxin/Home/Controller/IndexController.class.php 第 34 行.
INFO: [ view_parse ] --START--
INFO: [ template_filter ] --START--
INFO: Run Behavior\ContentReplaceBehavior [ RunTime:0.000094s ]
INFO: [ template_filter ] --END-- [ RunTime:0.000156s ]
INFO: Run Behavior\ParseTemplateBehavior [ RunTime:0.008067s ]
INFO: [ view_parse ] --END-- [ RunTime:0.008140s ]
INFO: [ view_filter ] --START--
INFO: Run Behavior\WriteHtmlCacheBehavior [ RunTime:0.000048s ]
INFO: [ view_filter ] --END-- [ RunTime:0.000096s ]
INFO: [ app_end ] --START--
INFO: Run Behavior\ShowPageTraceBehavior [ RunTime:0.000042s ]
INFO: [ app_end ] --END-- [ RunTime:0.000092s ]

[ 2017-12-14T15:45:53+08:00 ] 120.204.17.46 /
INFO: [ app_init ] --START--
INFO: Run Behavior\BuildLiteBehavior [ RunTime:0.000020s ]
INFO: [ app_init ] --END-- [ RunTime:0.000129s ]
INFO: [ app_begin ] --START--
INFO: Run Behavior\ReadHtmlCacheBehavior [ RunTime:0.000060s ]
INFO: [ app_begin ] --END-- [ RunTime:0.000118s ]
SQL: SHOW COLUMNS FROM `fuwu` [ RunTime:0.0038s ]
NOTIC: [8] Undefined variable: where /bweb/www.buy297.com/wangxin/Home/Controller/IndexController.class.php 第 12 行.
SQL: SELECT COUNT(*) AS tp_count FROM `fuwu` LIMIT 1   [ RunTime:0.0035s ]
SQL: SHOW COLUMNS FROM `fuwushang` [ RunTime:0.0039s ]
SQL: SELECT COUNT(*) AS tp_count FROM `fuwushang` WHERE `biaoshi` = 1 LIMIT 1   [ RunTime:0.0035s ]
NOTIC: [2] Missing argument 1 for Think\Model::where(), called in /bweb/www.buy297.com/wangxin/Home/Controller/IndexController.class.php on line 19 and defined /bweb/www.buy297.com/ThinkPHP/Library/Think/Model.class.php 第 1797 行.
NOTIC: [8] Undefined variable: where /bweb/www.buy297.com/ThinkPHP/Library/Think/Model.class.php 第 1805 行.
NOTIC: [8] Undefined variable: where /bweb/www.buy297.com/ThinkPHP/Library/Think/Model.class.php 第 1808 行.
NOTIC: [8] Undefined variable: where /bweb/www.buy297.com/ThinkPHP/Library/Think/Model.class.php 第 1816 行.
SQL: SELECT * FROM `fuwu` ORDER BY id asc LIMIT 0,6   [ RunTime:0.0035s ]
SQL: SELECT * FROM `fuwushang` WHERE `biaoshi` = 1 ORDER BY id asc LIMIT 0,3   [ RunTime:0.0036s ]
SQL: SHOW COLUMNS FROM `wzxx` [ RunTime:0.0038s ]
NOTIC: [2] Missing argument 1 for Think\Model::where(), called in /bweb/www.buy297.com/wangxin/Home/Controller/IndexController.class.php on line 28 and defined /bweb/www.buy297.com/ThinkPHP/Library/Think/Model.class.php 第 1797 行.
NOTIC: [8] Undefined variable: where /bweb/www.buy297.com/ThinkPHP/Library/Think/Model.class.php 第 1805 行.
NOTIC: [8] Undefined variable: where /bweb/www.buy297.com/ThinkPHP/Library/Think/Model.class.php 第 1808 行.
NOTIC: [8] Undefined variable: where /bweb/www.buy297.com/ThinkPHP/Library/Think/Model.class.php 第 1816 行.
SQL: SELECT * FROM `wzxx` LIMIT 1   [ RunTime:0.0035s ]
SQL: SHOW COLUMNS FROM `users` [ RunTime:0.0036s ]
SQL: SELECT `id`,`yuan` FROM `users`  [ RunTime:0.0034s ]
SQL: SHOW COLUMNS FROM `huodong` [ RunTime:0.0036s ]
NOTIC: [8] Undefined variable: where /bweb/www.buy297.com/wangxin/Home/Controller/IndexController.class.php 第 32 行.
SQL: SELECT `title`,`id`,`orders` FROM `huodong` ORDER BY orders desc  [ RunTime:0.0036s ]
NOTIC: [8] Undefined variable: page /bweb/www.buy297.com/wangxin/Home/Controller/IndexController.class.php 第 33 行.
NOTIC: [8] Undefined variable: pages /bweb/www.buy297.com/wangxin/Home/Controller/IndexController.class.php 第 34 行.
INFO: [ view_parse ] --START--
INFO: [ template_filter ] --START--
INFO: Run Behavior\ContentReplaceBehavior [ RunTime:0.000084s ]
INFO: [ template_filter ] --END-- [ RunTime:0.000140s ]
INFO: Run Behavior\ParseTemplateBehavior [ RunTime:0.007322s ]
INFO: [ view_parse ] --END-- [ RunTime:0.007376s ]
INFO: [ view_filter ] --START--
INFO: Run Behavior\WriteHtmlCacheBehavior [ RunTime:0.000039s ]
INFO: [ view_filter ] --END-- [ RunTime:0.000081s ]
INFO: [ app_end ] --START--
INFO: Run Behavior\ShowPageTraceBehavior [ RunTime:0.000037s ]
INFO: [ app_end ] --END-- [ RunTime:0.000080s ]

[ 2017-12-14T15:45:53+08:00 ] 61.129.6.78 /
INFO: [ app_init ] --START--
INFO: Run Behavior\BuildLiteBehavior [ RunTime:0.000015s ]
INFO: [ app_init ] --END-- [ RunTime:0.000094s ]
INFO: [ app_begin ] --START--
INFO: Run Behavior\ReadHtmlCacheBehavior [ RunTime:0.000052s ]
INFO: [ app_begin ] --END-- [ RunTime:0.000109s ]
SQL: SHOW COLUMNS FROM `fuwu` [ RunTime:0.0035s ]
NOTIC: [8] Undefined variable: where /bweb/www.buy297.com/wangxin/Home/Controller/IndexController.class.php 第 12 行.
SQL: SELECT COUNT(*) AS tp_count FROM `fuwu` LIMIT 1   [ RunTime:0.0032s ]
SQL: SHOW COLUMNS FROM `fuwushang` [ RunTime:0.0035s ]
SQL: SELECT COUNT(*) AS tp_count FROM `fuwushang` WHERE `biaoshi` = 1 LIMIT 1   [ RunTime:0.0033s ]
NOTIC: [2] Missing argument 1 for Think\Model::where(), called in /bweb/www.buy297.com/wangxin/Home/Controller/IndexController.class.php on line 19 and defined /bweb/www.buy297.com/ThinkPHP/Library/Think/Model.class.php 第 1797 行.
NOTIC: [8] Undefined variable: where /bweb/www.buy297.com/ThinkPHP/Library/Think/Model.class.php 第 1805 行.
NOTIC: [8] Undefined variable: where /bweb/www.buy297.com/ThinkPHP/Library/Think/Model.class.php 第 1808 行.
NOTIC: [8] Undefined variable: where /bweb/www.buy297.com/ThinkPHP/Library/Think/Model.class.php 第 1816 行.
SQL: SELECT * FROM `fuwu` ORDER BY id asc LIMIT 0,6   [ RunTime:0.0034s ]
SQL: SELECT * FROM `fuwushang` WHERE `biaoshi` = 1 ORDER BY id asc LIMIT 0,3   [ RunTime:0.0033s ]
SQL: SHOW COLUMNS FROM `wzxx` [ RunTime:0.0034s ]
NOTIC: [2] Missing argument 1 for Think\Model::where(), called in /bweb/www.buy297.com/wangxin/Home/Controller/IndexController.class.php on line 28 and defined /bweb/www.buy297.com/ThinkPHP/Library/Think/Model.class.php 第 1797 行.
NOTIC: [8] Undefined variable: where /bweb/www.buy297.com/ThinkPHP/Library/Think/Model.class.php 第 1805 行.
NOTIC: [8] Undefined variable: where /bweb/www.buy297.com/ThinkPHP/Library/Think/Model.class.php 第 1808 行.
NOTIC: [8] Undefined variable: where /bweb/www.buy297.com/ThinkPHP/Library/Think/Model.class.php 第 1816 行.
SQL: SELECT * FROM `wzxx` LIMIT 1   [ RunTime:0.0033s ]
SQL: SHOW COLUMNS FROM `users` [ RunTime:0.0034s ]
SQL: SELECT `id`,`yuan` FROM `users`  [ RunTime:0.0033s ]
SQL: SHOW COLUMNS FROM `huodong` [ RunTime:0.0034s ]
NOTIC: [8] Undefined variable: where /bweb/www.buy297.com/wangxin/Home/Controller/IndexController.class.php 第 32 行.
SQL: SELECT `title`,`id`,`orders` FROM `huodong` ORDER BY orders desc  [ RunTime:0.0033s ]
NOTIC: [8] Undefined variable: page /bweb/www.buy297.com/wangxin/Home/Controller/IndexController.class.php 第 33 行.
NOTIC: [8] Undefined variable: pages /bweb/www.buy297.com/wangxin/Home/Controller/IndexController.class.php 第 34 行.
INFO: [ view_parse ] --START--
INFO: [ template_filter ] --START--
INFO: Run Behavior\ContentReplaceBehavior [ RunTime:0.000103s ]
INFO: [ template_filter ] --END-- [ RunTime:0.000164s ]
INFO: Run Behavior\ParseTemplateBehavior [ RunTime:0.007573s ]
INFO: [ view_parse ] --END-- [ RunTime:0.007632s ]
INFO: [ view_filter ] --START--
INFO: Run Behavior\WriteHtmlCacheBehavior [ RunTime:0.000042s ]
INFO: [ view_filter ] --END-- [ RunTime:0.000087s ]
INFO: [ app_end ] --START--
INFO: Run Behavior\ShowPageTraceBehavior [ RunTime:0.000039s ]
INFO: [ app_end ] --END-- [ RunTime:0.000086s ]

[ 2017-12-14T15:45:53+08:00 ] 120.204.17.73 /
INFO: [ app_init ] --START--
INFO: Run Behavior\BuildLiteBehavior [ RunTime:0.000015s ]
INFO: [ app_init ] --END-- [ RunTime:0.000122s ]
INFO: [ app_begin ] --START--
INFO: Run Behavior\ReadHtmlCacheBehavior [ RunTime:0.000052s ]
INFO: [ app_begin ] --END-- [ RunTime:0.000108s ]
SQL: SHOW COLUMNS FROM `fuwu` [ RunTime:0.0032s ]
NOTIC: [8] Undefined variable: where /bweb/www.buy297.com/wangxin/Home/Controller/IndexController.class.php 第 12 行.
SQL: SELECT COUNT(*) AS tp_count FROM `fuwu` LIMIT 1   [ RunTime:0.0030s ]
SQL: SHOW COLUMNS FROM `fuwushang` [ RunTime:0.0033s ]
SQL: SELECT COUNT(*) AS tp_count FROM `fuwushang` WHERE `biaoshi` = 1 LIMIT 1   [ RunTime:0.0030s ]
NOTIC: [2] Missing argument 1 for Think\Model::where(), called in /bweb/www.buy297.com/wangxin/Home/Controller/IndexController.class.php on line 19 and defined /bweb/www.buy297.com/ThinkPHP/Library/Think/Model.class.php 第 1797 行.
NOTIC: [8] Undefined variable: where /bweb/www.buy297.com/ThinkPHP/Library/Think/Model.class.php 第 1805 行.
NOTIC: [8] Undefined variable: where /bweb/www.buy297.com/ThinkPHP/Library/Think/Model.class.php 第 1808 行.
NOTIC: [8] Undefined variable: where /bweb/www.buy297.com/ThinkPHP/Library/Think/Model.class.php 第 1816 行.
SQL: SELECT * FROM `fuwu` ORDER BY id asc LIMIT 0,6   [ RunTime:0.0031s ]
SQL: SELECT * FROM `fuwushang` WHERE `biaoshi` = 1 ORDER BY id asc LIMIT 0,3   [ RunTime:0.0031s ]
SQL: SHOW COLUMNS FROM `wzxx` [ RunTime:0.0032s ]
NOTIC: [2] Missing argument 1 for Think\Model::where(), called in /bweb/www.buy297.com/wangxin/Home/Controller/IndexController.class.php on line 28 and defined /bweb/www.buy297.com/ThinkPHP/Library/Think/Model.class.php 第 1797 行.
NOTIC: [8] Undefined variable: where /bweb/www.buy297.com/ThinkPHP/Library/Think/Model.class.php 第 1805 行.
NOTIC: [8] Undefined variable: where /bweb/www.buy297.com/ThinkPHP/Library/Think/Model.class.php 第 1808 行.
NOTIC: [8] Undefined variable: where /bweb/www.buy297.com/ThinkPHP/Library/Think/Model.class.php 第 1816 行.
SQL: SELECT * FROM `wzxx` LIMIT 1   [ RunTime:0.0033s ]
SQL: SHOW COLUMNS FROM `users` [ RunTime:0.0033s ]
SQL: SELECT `id`,`yuan` FROM `users`  [ RunTime:0.0030s ]
SQL: SHOW COLUMNS FROM `huodong` [ RunTime:0.0032s ]
NOTIC: [8] Undefined variable: where /bweb/www.buy297.com/wangxin/Home/Controller/IndexController.class.php 第 32 行.
SQL: SELECT `title`,`id`,`orders` FROM `huodong` ORDER BY orders desc  [ RunTime:0.0032s ]
NOTIC: [8] Undefined variable: page /bweb/www.buy297.com/wangxin/Home/Controller/IndexController.class.php 第 33 行.
NOTIC: [8] Undefined variable: pages /bweb/www.buy297.com/wangxin/Home/Controller/IndexController.class.php 第 34 行.
INFO: [ view_parse ] --START--
INFO: [ template_filter ] --START--
INFO: Run Behavior\ContentReplaceBehavior [ RunTime:0.000080s ]
INFO: [ template_filter ] --END-- [ RunTime:0.000139s ]
INFO: Run Behavior\ParseTemplateBehavior [ RunTime:0.007158s ]
INFO: [ view_parse ] --END-- [ RunTime:0.007214s ]
INFO: [ view_filter ] --START--
INFO: Run Behavior\WriteHtmlCacheBehavior [ RunTime:0.000039s ]
INFO: [ view_filter ] --END-- [ RunTime:0.000083s ]
INFO: [ app_end ] --START--
INFO: Run Behavior\ShowPageTraceBehavior [ RunTime:0.000036s ]
INFO: [ app_end ] --END-- [ RunTime:0.000098s ]

[ 2017-12-14T15:45:53+08:00 ] 223.167.152.13 /
INFO: [ app_init ] --START--
INFO: Run Behavior\BuildLiteBehavior [ RunTime:0.000037s ]
INFO: [ app_init ] --END-- [ RunTime:0.000122s ]
INFO: [ app_begin ] --START--
INFO: Run Behavior\ReadHtmlCacheBehavior [ RunTime:0.000057s ]
INFO: [ app_begin ] --END-- [ RunTime:0.000117s ]
SQL: SHOW COLUMNS FROM `fuwu` [ RunTime:0.0040s ]
NOTIC: [8] Undefined variable: where /bweb/www.buy297.com/wangxin/Home/Controller/IndexController.class.php 第 12 行.
SQL: SELECT COUNT(*) AS tp_count FROM `fuwu` LIMIT 1   [ RunTime:0.0039s ]
SQL: SHOW COLUMNS FROM `fuwushang` [ RunTime:0.0038s ]
SQL: SELECT COUNT(*) AS tp_count FROM `fuwushang` WHERE `biaoshi` = 1 LIMIT 1   [ RunTime:0.0036s ]
NOTIC: [2] Missing argument 1 for Think\Model::where(), called in /bweb/www.buy297.com/wangxin/Home/Controller/IndexController.class.php on line 19 and defined /bweb/www.buy297.com/ThinkPHP/Library/Think/Model.class.php 第 1797 行.
NOTIC: [8] Undefined variable: where /bweb/www.buy297.com/ThinkPHP/Library/Think/Model.class.php 第 1805 行.
NOTIC: [8] Undefined variable: where /bweb/www.buy297.com/ThinkPHP/Library/Think/Model.class.php 第 1808 行.
NOTIC: [8] Undefined variable: where /bweb/www.buy297.com/ThinkPHP/Library/Think/Model.class.php 第 1816 行.
SQL: SELECT * FROM `fuwu` ORDER BY id asc LIMIT 0,6   [ RunTime:0.0037s ]
SQL: SELECT * FROM `fuwushang` WHERE `biaoshi` = 1 ORDER BY id asc LIMIT 0,3   [ RunTime:0.0037s ]
SQL: SHOW COLUMNS FROM `wzxx` [ RunTime:0.0039s ]
NOTIC: [2] Missing argument 1 for Think\Model::where(), called in /bweb/www.buy297.com/wangxin/Home/Controller/IndexController.class.php on line 28 and defined /bweb/www.buy297.com/ThinkPHP/Library/Think/Model.class.php 第 1797 行.
NOTIC: [8] Undefined variable: where /bweb/www.buy297.com/ThinkPHP/Library/Think/Model.class.php 第 1805 行.
NOTIC: [8] Undefined variable: where /bweb/www.buy297.com/ThinkPHP/Library/Think/Model.class.php 第 1808 行.
NOTIC: [8] Undefined variable: where /bweb/www.buy297.com/ThinkPHP/Library/Think/Model.class.php 第 1816 行.
SQL: SELECT * FROM `wzxx` LIMIT 1   [ RunTime:0.0039s ]
SQL: SHOW COLUMNS FROM `users` [ RunTime:0.0040s ]
SQL: SELECT `id`,`yuan` FROM `users`  [ RunTime:0.0050s ]
SQL: SHOW COLUMNS FROM `huodong` [ RunTime:0.0038s ]
NOTIC: [8] Undefined variable: where /bweb/www.buy297.com/wangxin/Home/Controller/IndexController.class.php 第 32 行.
SQL: SELECT `title`,`id`,`orders` FROM `huodong` ORDER BY orders desc  [ RunTime:0.0036s ]
NOTIC: [8] Undefined variable: page /bweb/www.buy297.com/wangxin/Home/Controller/IndexController.class.php 第 33 行.
NOTIC: [8] Undefined variable: pages /bweb/www.buy297.com/wangxin/Home/Controller/IndexController.class.php 第 34 行.
INFO: [ view_parse ] --START--
INFO: [ template_filter ] --START--
INFO: Run Behavior\ContentReplaceBehavior [ RunTime:0.000081s ]
INFO: [ template_filter ] --END-- [ RunTime:0.000160s ]
INFO: Run Behavior\ParseTemplateBehavior [ RunTime:0.007270s ]
INFO: [ view_parse ] --END-- [ RunTime:0.007327s ]
INFO: [ view_filter ] --START--
INFO: Run Behavior\WriteHtmlCacheBehavior [ RunTime:0.000041s ]
INFO: [ view_filter ] --END-- [ RunTime:0.000085s ]
INFO: [ app_end ] --START--
INFO: Run Behavior\ShowPageTraceBehavior [ RunTime:0.000047s ]
INFO: [ app_end ] --END-- [ RunTime:0.000101s ]

[ 2017-12-14T15:45:53+08:00 ] 183.192.201.97 /
INFO: [ app_init ] --START--
INFO: Run Behavior\BuildLiteBehavior [ RunTime:0.000013s ]
INFO: [ app_init ] --END-- [ RunTime:0.000080s ]
INFO: [ app_begin ] --START--
INFO: Run Behavior\ReadHtmlCacheBehavior [ RunTime:0.000034s ]
INFO: [ app_begin ] --END-- [ RunTime:0.000084s ]
SQL: SHOW COLUMNS FROM `fuwu` [ RunTime:0.0043s ]
NOTIC: [8] Undefined variable: where /bweb/www.buy297.com/wangxin/Home/Controller/IndexController.class.php 第 12 行.
SQL: SELECT COUNT(*) AS tp_count FROM `fuwu` LIMIT 1   [ RunTime:0.0041s ]
SQL: SHOW COLUMNS FROM `fuwushang` [ RunTime:0.0043s ]
SQL: SELECT COUNT(*) AS tp_count FROM `fuwushang` WHERE `biaoshi` = 1 LIMIT 1   [ RunTime:0.0041s ]
NOTIC: [2] Missing argument 1 for Think\Model::where(), called in /bweb/www.buy297.com/wangxin/Home/Controller/IndexController.class.php on line 19 and defined /bweb/www.buy297.com/ThinkPHP/Library/Think/Model.class.php 第 1797 行.
NOTIC: [8] Undefined variable: where /bweb/www.buy297.com/ThinkPHP/Library/Think/Model.class.php 第 1805 行.
NOTIC: [8] Undefined variable: where /bweb/www.buy297.com/ThinkPHP/Library/Think/Model.class.php 第 1808 行.
NOTIC: [8] Undefined variable: where /bweb/www.buy297.com/ThinkPHP/Library/Think/Model.class.php 第 1816 行.
SQL: SELECT * FROM `fuwu` ORDER BY id asc LIMIT 0,6   [ RunTime:0.0040s ]
SQL: SELECT * FROM `fuwushang` WHERE `biaoshi` = 1 ORDER BY id asc LIMIT 0,3   [ RunTime:0.0040s ]
SQL: SHOW COLUMNS FROM `wzxx` [ RunTime:0.0041s ]
NOTIC: [2] Missing argument 1 for Think\Model::where(), called in /bweb/www.buy297.com/wangxin/Home/Controller/IndexController.class.php on line 28 and defined /bweb/www.buy297.com/ThinkPHP/Library/Think/Model.class.php 第 1797 行.
NOTIC: [8] Undefined variable: where /bweb/www.buy297.com/ThinkPHP/Library/Think/Model.class.php 第 1805 行.
NOTIC: [8] Undefined variable: where /bweb/www.buy297.com/ThinkPHP/Library/Think/Model.class.php 第 1808 行.
NOTIC: [8] Undefined variable: where /bweb/www.buy297.com/ThinkPHP/Library/Think/Model.class.php 第 1816 行.
SQL: SELECT * FROM `wzxx` LIMIT 1   [ RunTime:0.0041s ]
SQL: SHOW COLUMNS FROM `users` [ RunTime:0.0041s ]
SQL: SELECT `id`,`yuan` FROM `users`  [ RunTime:0.0039s ]
SQL: SHOW COLUMNS FROM `huodong` [ RunTime:0.0041s ]
NOTIC: [8] Undefined variable: where /bweb/www.buy297.com/wangxin/Home/Controller/IndexController.class.php 第 32 行.
SQL: SELECT `title`,`id`,`orders` FROM `huodong` ORDER BY orders desc  [ RunTime:0.0039s ]
NOTIC: [8] Undefined variable: page /bweb/www.buy297.com/wangxin/Home/Controller/IndexController.class.php 第 33 行.
NOTIC: [8] Undefined variable: pages /bweb/www.buy297.com/wangxin/Home/Controller/IndexController.class.php 第 34 行.
INFO: [ view_parse ] --START--
INFO: [ template_filter ] --START--
INFO: Run Behavior\ContentReplaceBehavior [ RunTime:0.000076s ]
INFO: [ template_filter ] --END-- [ RunTime:0.000131s ]
INFO: Run Behavior\ParseTemplateBehavior [ RunTime:0.006806s ]
INFO: [ view_parse ] --END-- [ RunTime:0.006861s ]
INFO: [ view_filter ] --START--
INFO: Run Behavior\WriteHtmlCacheBehavior [ RunTime:0.000037s ]
INFO: [ view_filter ] --END-- [ RunTime:0.000078s ]
INFO: [ app_end ] --START--
INFO: Run Behavior\ShowPageTraceBehavior [ RunTime:0.000031s ]
INFO: [ app_end ] --END-- [ RunTime:0.000074s ]

[ 2017-12-14T15:45:53+08:00 ] 58.246.221.75 /
INFO: [ app_init ] --START--
INFO: Run Behavior\BuildLiteBehavior [ RunTime:0.000013s ]
INFO: [ app_init ] --END-- [ RunTime:0.000079s ]
INFO: [ app_begin ] --START--
INFO: Run Behavior\ReadHtmlCacheBehavior [ RunTime:0.000054s ]
INFO: [ app_begin ] --END-- [ RunTime:0.000106s ]
SQL: SHOW COLUMNS FROM `fuwu` [ RunTime:0.0037s ]
NOTIC: [8] Undefined variable: where /bweb/www.buy297.com/wangxin/Home/Controller/IndexController.class.php 第 12 行.
SQL: SELECT COUNT(*) AS tp_count FROM `fuwu` LIMIT 1   [ RunTime:0.0033s ]
SQL: SHOW COLUMNS FROM `fuwushang` [ RunTime:0.0035s ]
SQL: SELECT COUNT(*) AS tp_count FROM `fuwushang` WHERE `biaoshi` = 1 LIMIT 1   [ RunTime:0.0034s ]
NOTIC: [2] Missing argument 1 for Think\Model::where(), called in /bweb/www.buy297.com/wangxin/Home/Controller/IndexController.class.php on line 19 and defined /bweb/www.buy297.com/ThinkPHP/Library/Think/Model.class.php 第 1797 行.
NOTIC: [8] Undefined variable: where /bweb/www.buy297.com/ThinkPHP/Library/Think/Model.class.php 第 1805 行.
NOTIC: [8] Undefined variable: where /bweb/www.buy297.com/ThinkPHP/Library/Think/Model.class.php 第 1808 行.
NOTIC: [8] Undefined variable: where /bweb/www.buy297.com/ThinkPHP/Library/Think/Model.class.php 第 1816 行.
SQL: SELECT * FROM `fuwu` ORDER BY id asc LIMIT 0,6   [ RunTime:0.0034s ]
SQL: SELECT * FROM `fuwushang` WHERE `biaoshi` = 1 ORDER BY id asc LIMIT 0,3   [ RunTime:0.0035s ]
SQL: SHOW COLUMNS FROM `wzxx` [ RunTime:0.0036s ]
NOTIC: [2] Missing argument 1 for Think\Model::where(), called in /bweb/www.buy297.com/wangxin/Home/Controller/IndexController.class.php on line 28 and defined /bweb/www.buy297.com/ThinkPHP/Library/Think/Model.class.php 第 1797 行.
NOTIC: [8] Undefined variable: where /bweb/www.buy297.com/ThinkPHP/Library/Think/Model.class.php 第 1805 行.
NOTIC: [8] Undefined variable: where /bweb/www.buy297.com/ThinkPHP/Library/Think/Model.class.php 第 1808 行.
NOTIC: [8] Undefined variable: where /bweb/www.buy297.com/ThinkPHP/Library/Think/Model.class.php 第 1816 行.
SQL: SELECT * FROM `wzxx` LIMIT 1   [ RunTime:0.0034s ]
SQL: SHOW COLUMNS FROM `users` [ RunTime:0.0035s ]
SQL: SELECT `id`,`yuan` FROM `users`  [ RunTime:0.0034s ]
SQL: SHOW COLUMNS FROM `huodong` [ RunTime:0.0035s ]
NOTIC: [8] Undefined variable: where /bweb/www.buy297.com/wangxin/Home/Controller/IndexController.class.php 第 32 行.
SQL: SELECT `title`,`id`,`orders` FROM `huodong` ORDER BY orders desc  [ RunTime:0.0037s ]
NOTIC: [8] Undefined variable: page /bweb/www.buy297.com/wangxin/Home/Controller/IndexController.class.php 第 33 行.
NOTIC: [8] Undefined variable: pages /bweb/www.buy297.com/wangxin/Home/Controller/IndexController.class.php 第 34 行.
INFO: [ view_parse ] --START--
INFO: [ template_filter ] --START--
INFO: Run Behavior\ContentReplaceBehavior [ RunTime:0.000082s ]
INFO: [ template_filter ] --END-- [ RunTime:0.000139s ]
INFO: Run Behavior\ParseTemplateBehavior [ RunTime:0.007204s ]
INFO: [ view_parse ] --END-- [ RunTime:0.007260s ]
INFO: [ view_filter ] --START--
INFO: Run Behavior\WriteHtmlCacheBehavior [ RunTime:0.000040s ]
INFO: [ view_filter ] --END-- [ RunTime:0.000082s ]
INFO: [ app_end ] --START--
INFO: Run Behavior\ShowPageTraceBehavior [ RunTime:0.000037s ]
INFO: [ app_end ] --END-- [ RunTime:0.000081s ]

[ 2017-12-14T15:45:53+08:00 ] 120.204.17.46 /
INFO: [ app_init ] --START--
INFO: Run Behavior\BuildLiteBehavior [ RunTime:0.000014s ]
INFO: [ app_init ] --END-- [ RunTime:0.000089s ]
INFO: [ app_begin ] --START--
INFO: Run Behavior\ReadHtmlCacheBehavior [ RunTime:0.000051s ]
INFO: [ app_begin ] --END-- [ RunTime:0.000131s ]
SQL: SHOW COLUMNS FROM `fuwu` [ RunTime:0.0079s ]
NOTIC: [8] Undefined variable: where /bweb/www.buy297.com/wangxin/Home/Controller/IndexController.class.php 第 12 行.
SQL: SELECT COUNT(*) AS tp_count FROM `fuwu` LIMIT 1   [ RunTime:0.0034s ]
SQL: SHOW COLUMNS FROM `fuwushang` [ RunTime:0.0036s ]
SQL: SELECT COUNT(*) AS tp_count FROM `fuwushang` WHERE `biaoshi` = 1 LIMIT 1   [ RunTime:0.0033s ]
NOTIC: [2] Missing argument 1 for Think\Model::where(), called in /bweb/www.buy297.com/wangxin/Home/Controller/IndexController.class.php on line 19 and defined /bweb/www.buy297.com/ThinkPHP/Library/Think/Model.class.php 第 1797 行.
NOTIC: [8] Undefined variable: where /bweb/www.buy297.com/ThinkPHP/Library/Think/Model.class.php 第 1805 行.
NOTIC: [8] Undefined variable: where /bweb/www.buy297.com/ThinkPHP/Library/Think/Model.class.php 第 1808 行.
NOTIC: [8] Undefined variable: where /bweb/www.buy297.com/ThinkPHP/Library/Think/Model.class.php 第 1816 行.
SQL: SELECT * FROM `fuwu` ORDER BY id asc LIMIT 0,6   [ RunTime:0.0034s ]
SQL: SELECT * FROM `fuwushang` WHERE `biaoshi` = 1 ORDER BY id asc LIMIT 0,3   [ RunTime:0.0034s ]
SQL: SHOW COLUMNS FROM `wzxx` [ RunTime:0.0035s ]
NOTIC: [2] Missing argument 1 for Think\Model::where(), called in /bweb/www.buy297.com/wangxin/Home/Controller/IndexController.class.php on line 28 and defined /bweb/www.buy297.com/ThinkPHP/Library/Think/Model.class.php 第 1797 行.
NOTIC: [8] Undefined variable: where /bweb/www.buy297.com/ThinkPHP/Library/Think/Model.class.php 第 1805 行.
NOTIC: [8] Undefined variable: where /bweb/www.buy297.com/ThinkPHP/Library/Think/Model.class.php 第 1808 行.
NOTIC: [8] Undefined variable: where /bweb/www.buy297.com/ThinkPHP/Library/Think/Model.class.php 第 1816 行.
SQL: SELECT * FROM `wzxx` LIMIT 1   [ RunTime:0.0033s ]
SQL: SHOW COLUMNS FROM `users` [ RunTime:0.0036s ]
SQL: SELECT `id`,`yuan` FROM `users`  [ RunTime:0.0034s ]
SQL: SHOW COLUMNS FROM `huodong` [ RunTime:0.0035s ]
NOTIC: [8] Undefined variable: where /bweb/www.buy297.com/wangxin/Home/Controller/IndexController.class.php 第 32 行.
SQL: SELECT `title`,`id`,`orders` FROM `huodong` ORDER BY orders desc  [ RunTime:0.0033s ]
NOTIC: [8] Undefined variable: page /bweb/www.buy297.com/wangxin/Home/Controller/IndexController.class.php 第 33 行.
NOTIC: [8] Undefined variable: pages /bweb/www.buy297.com/wangxin/Home/Controller/IndexController.class.php 第 34 行.
INFO: [ view_parse ] --START--
INFO: [ template_filter ] --START--
INFO: Run Behavior\ContentReplaceBehavior [ RunTime:0.000076s ]
INFO: [ template_filter ] --END-- [ RunTime:0.000133s ]
INFO: Run Behavior\ParseTemplateBehavior [ RunTime:0.006929s ]
INFO: [ view_parse ] --END-- [ RunTime:0.006984s ]
INFO: [ view_filter ] --START--
INFO: Run Behavior\WriteHtmlCacheBehavior [ RunTime:0.000038s ]
INFO: [ view_filter ] --END-- [ RunTime:0.000082s ]
INFO: [ app_end ] --START--
INFO: Run Behavior\ShowPageTraceBehavior [ RunTime:0.000032s ]
INFO: [ app_end ] --END-- [ RunTime:0.000078s ]

[ 2017-12-14T15:45:53+08:00 ] 61.129.6.78 /
INFO: [ app_init ] --START--
INFO: Run Behavior\BuildLiteBehavior [ RunTime:0.000013s ]
INFO: [ app_init ] --END-- [ RunTime:0.000085s ]
INFO: [ app_begin ] --START--
INFO: Run Behavior\ReadHtmlCacheBehavior [ RunTime:0.000036s ]
INFO: [ app_begin ] --END-- [ RunTime:0.000087s ]
SQL: SHOW COLUMNS FROM `fuwu` [ RunTime:0.0035s ]
NOTIC: [8] Undefined variable: where /bweb/www.buy297.com/wangxin/Home/Controller/IndexController.class.php 第 12 行.
SQL: SELECT COUNT(*) AS tp_count FROM `fuwu` LIMIT 1   [ RunTime:0.0034s ]
SQL: SHOW COLUMNS FROM `fuwushang` [ RunTime:0.0035s ]
SQL: SELECT COUNT(*) AS tp_count FROM `fuwushang` WHERE `biaoshi` = 1 LIMIT 1   [ RunTime:0.0033s ]
NOTIC: [2] Missing argument 1 for Think\Model::where(), called in /bweb/www.buy297.com/wangxin/Home/Controller/IndexController.class.php on line 19 and defined /bweb/www.buy297.com/ThinkPHP/Library/Think/Model.class.php 第 1797 行.
NOTIC: [8] Undefined variable: where /bweb/www.buy297.com/ThinkPHP/Library/Think/Model.class.php 第 1805 行.
NOTIC: [8] Undefined variable: where /bweb/www.buy297.com/ThinkPHP/Library/Think/Model.class.php 第 1808 行.
NOTIC: [8] Undefined variable: where /bweb/www.buy297.com/ThinkPHP/Library/Think/Model.class.php 第 1816 行.
SQL: SELECT * FROM `fuwu` ORDER BY id asc LIMIT 0,6   [ RunTime:0.0034s ]
SQL: SELECT * FROM `fuwushang` WHERE `biaoshi` = 1 ORDER BY id asc LIMIT 0,3   [ RunTime:0.0034s ]
SQL: SHOW COLUMNS FROM `wzxx` [ RunTime:0.0035s ]
NOTIC: [2] Missing argument 1 for Think\Model::where(), called in /bweb/www.buy297.com/wangxin/Home/Controller/IndexController.class.php on line 28 and defined /bweb/www.buy297.com/ThinkPHP/Library/Think/Model.class.php 第 1797 行.
NOTIC: [8] Undefined variable: where /bweb/www.buy297.com/ThinkPHP/Library/Think/Model.class.php 第 1805 行.
NOTIC: [8] Undefined variable: where /bweb/www.buy297.com/ThinkPHP/Library/Think/Model.class.php 第 1808 行.
NOTIC: [8] Undefined variable: where /bweb/www.buy297.com/ThinkPHP/Library/Think/Model.class.php 第 1816 行.
SQL: SELECT * FROM `wzxx` LIMIT 1   [ RunTime:0.0033s ]
SQL: SHOW COLUMNS FROM `users` [ RunTime:0.0035s ]
SQL: SELECT `id`,`yuan` FROM `users`  [ RunTime:0.0033s ]
SQL: SHOW COLUMNS FROM `huodong` [ RunTime:0.0036s ]
NOTIC: [8] Undefined variable: where /bweb/www.buy297.com/wangxin/Home/Controller/IndexController.class.php 第 32 行.
SQL: SELECT `title`,`id`,`orders` FROM `huodong` ORDER BY orders desc  [ RunTime:0.0033s ]
NOTIC: [8] Undefined variable: page /bweb/www.buy297.com/wangxin/Home/Controller/IndexController.class.php 第 33 行.
NOTIC: [8] Undefined variable: pages /bweb/www.buy297.com/wangxin/Home/Controller/IndexController.class.php 第 34 行.
INFO: [ view_parse ] --START--
INFO: [ template_filter ] --START--
INFO: Run Behavior\ContentReplaceBehavior [ RunTime:0.000086s ]
INFO: [ template_filter ] --END-- [ RunTime:0.000142s ]
INFO: Run Behavior\ParseTemplateBehavior [ RunTime:0.006783s ]
INFO: [ view_parse ] --END-- [ RunTime:0.006839s ]
INFO: [ view_filter ] --START--
INFO: Run Behavior\WriteHtmlCacheBehavior [ RunTime:0.000038s ]
INFO: [ view_filter ] --END-- [ RunTime:0.000080s ]
INFO: [ app_end ] --START--
INFO: Run Behavior\ShowPageTraceBehavior [ RunTime:0.000034s ]
INFO: [ app_end ] --END-- [ RunTime:0.000079s ]

[ 2017-12-14T15:45:54+08:00 ] 61.129.6.78 /
INFO: [ app_init ] --START--
INFO: Run Behavior\BuildLiteBehavior [ RunTime:0.000012s ]
INFO: [ app_init ] --END-- [ RunTime:0.000093s ]
INFO: [ app_begin ] --START--
INFO: Run Behavior\ReadHtmlCacheBehavior [ RunTime:0.000033s ]
INFO: [ app_begin ] --END-- [ RunTime:0.000082s ]
SQL: SHOW COLUMNS FROM `fuwu` [ RunTime:0.0033s ]
NOTIC: [8] Undefined variable: where /bweb/www.buy297.com/wangxin/Home/Controller/IndexController.class.php 第 12 行.
SQL: SELECT COUNT(*) AS tp_count FROM `fuwu` LIMIT 1   [ RunTime:0.0030s ]
SQL: SHOW COLUMNS FROM `fuwushang` [ RunTime:0.0033s ]
SQL: SELECT COUNT(*) AS tp_count FROM `fuwushang` WHERE `biaoshi` = 1 LIMIT 1   [ RunTime:0.0030s ]
NOTIC: [2] Missing argument 1 for Think\Model::where(), called in /bweb/www.buy297.com/wangxin/Home/Controller/IndexController.class.php on line 19 and defined /bweb/www.buy297.com/ThinkPHP/Library/Think/Model.class.php 第 1797 行.
NOTIC: [8] Undefined variable: where /bweb/www.buy297.com/ThinkPHP/Library/Think/Model.class.php 第 1805 行.
NOTIC: [8] Undefined variable: where /bweb/www.buy297.com/ThinkPHP/Library/Think/Model.class.php 第 1808 行.
NOTIC: [8] Undefined variable: where /bweb/www.buy297.com/ThinkPHP/Library/Think/Model.class.php 第 1816 行.
SQL: SELECT * FROM `fuwu` ORDER BY id asc LIMIT 0,6   [ RunTime:0.0031s ]
SQL: SELECT * FROM `fuwushang` WHERE `biaoshi` = 1 ORDER BY id asc LIMIT 0,3   [ RunTime:0.0031s ]
SQL: SHOW COLUMNS FROM `wzxx` [ RunTime:0.0032s ]
NOTIC: [2] Missing argument 1 for Think\Model::where(), called in /bweb/www.buy297.com/wangxin/Home/Controller/IndexController.class.php on line 28 and defined /bweb/www.buy297.com/ThinkPHP/Library/Think/Model.class.php 第 1797 行.
NOTIC: [8] Undefined variable: where /bweb/www.buy297.com/ThinkPHP/Library/Think/Model.class.php 第 1805 行.
NOTIC: [8] Undefined variable: where /bweb/www.buy297.com/ThinkPHP/Library/Think/Model.class.php 第 1808 行.
NOTIC: [8] Undefined variable: where /bweb/www.buy297.com/ThinkPHP/Library/Think/Model.class.php 第 1816 行.
SQL: SELECT * FROM `wzxx` LIMIT 1   [ RunTime:0.0031s ]
SQL: SHOW COLUMNS FROM `users` [ RunTime:0.0032s ]
SQL: SELECT `id`,`yuan` FROM `users`  [ RunTime:0.0031s ]
SQL: SHOW COLUMNS FROM `huodong` [ RunTime:0.0033s ]
NOTIC: [8] Undefined variable: where /bweb/www.buy297.com/wangxin/Home/Controller/IndexController.class.php 第 32 行.
SQL: SELECT `title`,`id`,`orders` FROM `huodong` ORDER BY orders desc  [ RunTime:0.0030s ]
NOTIC: [8] Undefined variable: page /bweb/www.buy297.com/wangxin/Home/Controller/IndexController.class.php 第 33 行.
NOTIC: [8] Undefined variable: pages /bweb/www.buy297.com/wangxin/Home/Controller/IndexController.class.php 第 34 行.
INFO: [ view_parse ] --START--
INFO: [ template_filter ] --START--
INFO: Run Behavior\ContentReplaceBehavior [ RunTime:0.000077s ]
INFO: [ template_filter ] --END-- [ RunTime:0.000132s ]
INFO: Run Behavior\ParseTemplateBehavior [ RunTime:0.006859s ]
INFO: [ view_parse ] --END-- [ RunTime:0.006913s ]
INFO: [ view_filter ] --START--
INFO: Run Behavior\WriteHtmlCacheBehavior [ RunTime:0.000037s ]
INFO: [ view_filter ] --END-- [ RunTime:0.000079s ]
INFO: [ app_end ] --START--
INFO: Run Behavior\ShowPageTraceBehavior [ RunTime:0.000032s ]
INFO: [ app_end ] --END-- [ RunTime:0.000075s ]

[ 2017-12-14T15:45:54+08:00 ] 183.192.201.97 /
INFO: [ app_init ] --START--
INFO: Run Behavior\BuildLiteBehavior [ RunTime:0.000013s ]
INFO: [ app_init ] --END-- [ RunTime:0.000082s ]
INFO: [ app_begin ] --START--
INFO: Run Behavior\ReadHtmlCacheBehavior [ RunTime:0.000034s ]
INFO: [ app_begin ] --END-- [ RunTime:0.000086s ]
SQL: SHOW COLUMNS FROM `fuwu` [ RunTime:0.0036s ]
NOTIC: [8] Undefined variable: where /bweb/www.buy297.com/wangxin/Home/Controller/IndexController.class.php 第 12 行.
SQL: SELECT COUNT(*) AS tp_count FROM `fuwu` LIMIT 1   [ RunTime:0.0034s ]
SQL: SHOW COLUMNS FROM `fuwushang` [ RunTime:0.0034s ]
SQL: SELECT COUNT(*) AS tp_count FROM `fuwushang` WHERE `biaoshi` = 1 LIMIT 1   [ RunTime:0.0033s ]
NOTIC: [2] Missing argument 1 for Think\Model::where(), called in /bweb/www.buy297.com/wangxin/Home/Controller/IndexController.class.php on line 19 and defined /bweb/www.buy297.com/ThinkPHP/Library/Think/Model.class.php 第 1797 行.
NOTIC: [8] Undefined variable: where /bweb/www.buy297.com/ThinkPHP/Library/Think/Model.class.php 第 1805 行.
NOTIC: [8] Undefined variable: where /bweb/www.buy297.com/ThinkPHP/Library/Think/Model.class.php 第 1808 行.
NOTIC: [8] Undefined variable: where /bweb/www.buy297.com/ThinkPHP/Library/Think/Model.class.php 第 1816 行.
SQL: SELECT * FROM `fuwu` ORDER BY id asc LIMIT 0,6   [ RunTime:0.0033s ]
SQL: SELECT * FROM `fuwushang` WHERE `biaoshi` = 1 ORDER BY id asc LIMIT 0,3   [ RunTime:0.0033s ]
SQL: SHOW COLUMNS FROM `wzxx` [ RunTime:0.0034s ]
NOTIC: [2] Missing argument 1 for Think\Model::where(), called in /bweb/www.buy297.com/wangxin/Home/Controller/IndexController.class.php on line 28 and defined /bweb/www.buy297.com/ThinkPHP/Library/Think/Model.class.php 第 1797 行.
NOTIC: [8] Undefined variable: where /bweb/www.buy297.com/ThinkPHP/Library/Think/Model.class.php 第 1805 行.
NOTIC: [8] Undefined variable: where /bweb/www.buy297.com/ThinkPHP/Library/Think/Model.class.php 第 1808 行.
NOTIC: [8] Undefined variable: where /bweb/www.buy297.com/ThinkPHP/Library/Think/Model.class.php 第 1816 行.
SQL: SELECT * FROM `wzxx` LIMIT 1   [ RunTime:0.0033s ]
SQL: SHOW COLUMNS FROM `users` [ RunTime:0.0035s ]
SQL: SELECT `id`,`yuan` FROM `users`  [ RunTime:0.0032s ]
SQL: SHOW COLUMNS FROM `huodong` [ RunTime:0.0035s ]
NOTIC: [8] Undefined variable: where /bweb/www.buy297.com/wangxin/Home/Controller/IndexController.class.php 第 32 行.
SQL: SELECT `title`,`id`,`orders` FROM `huodong` ORDER BY orders desc  [ RunTime:0.0033s ]
NOTIC: [8] Undefined variable: page /bweb/www.buy297.com/wangxin/Home/Controller/IndexController.class.php 第 33 行.
NOTIC: [8] Undefined variable: pages /bweb/www.buy297.com/wangxin/Home/Controller/IndexController.class.php 第 34 行.
INFO: [ view_parse ] --START--
INFO: [ template_filter ] --START--
INFO: Run Behavior\ContentReplaceBehavior [ RunTime:0.000076s ]
INFO: [ template_filter ] --END-- [ RunTime:0.000133s ]
INFO: Run Behavior\ParseTemplateBehavior [ RunTime:0.007334s ]
INFO: [ view_parse ] --END-- [ RunTime:0.007390s ]
INFO: [ view_filter ] --START--
INFO: Run Behavior\WriteHtmlCacheBehavior [ RunTime:0.000037s ]
INFO: [ view_filter ] --END-- [ RunTime:0.000088s ]
INFO: [ app_end ] --START--
INFO: Run Behavior\ShowPageTraceBehavior [ RunTime:0.000034s ]
INFO: [ app_end ] --END-- [ RunTime:0.000079s ]

[ 2017-12-14T15:45:59+08:00 ] 61.129.7.254 /index.php/Home/Index/qbfl.html
INFO: [ app_init ] --START--
INFO: Run Behavior\BuildLiteBehavior [ RunTime:0.000016s ]
INFO: [ app_init ] --END-- [ RunTime:0.000108s ]
INFO: [ app_begin ] --START--
INFO: Run Behavior\ReadHtmlCacheBehavior [ RunTime:0.000043s ]
INFO: [ app_begin ] --END-- [ RunTime:0.000099s ]
SQL: SHOW COLUMNS FROM `fuwu` [ RunTime:0.0039s ]
SQL: SELECT * FROM `fuwu` WHERE `f_id` = 0  [ RunTime:0.0037s ]
INFO: [ view_parse ] --START--
INFO: [ template_filter ] --START--
INFO: Run Behavior\ContentReplaceBehavior [ RunTime:0.000067s ]
INFO: [ template_filter ] --END-- [ RunTime:0.000124s ]
SQL: SELECT * FROM `fuwu` WHERE `f_id` = 20  [ RunTime:0.0036s ]
SQL: SELECT * FROM `fuwu` WHERE `f_id` = 25  [ RunTime:0.0036s ]
SQL: SELECT * FROM `fuwu` WHERE `f_id` = 26  [ RunTime:0.0036s ]
SQL: SELECT * FROM `fuwu` WHERE `f_id` = 27  [ RunTime:0.0035s ]
SQL: SELECT * FROM `fuwu` WHERE `f_id` = 28  [ RunTime:0.0036s ]
SQL: SELECT * FROM `fuwu` WHERE `f_id` = 29  [ RunTime:0.0036s ]
SQL: SELECT * FROM `fuwu` WHERE `f_id` = 30  [ RunTime:0.0036s ]
SQL: SELECT * FROM `fuwu` WHERE `f_id` = 31  [ RunTime:0.0035s ]
SQL: SELECT * FROM `fuwu` WHERE `f_id` = 32  [ RunTime:0.0037s ]
SQL: SELECT * FROM `fuwu` WHERE `f_id` = 21  [ RunTime:0.0036s ]
SQL: SELECT * FROM `fuwu` WHERE `f_id` = 33  [ RunTime:0.0036s ]
SQL: SELECT * FROM `fuwu` WHERE `f_id` = 22  [ RunTime:0.0035s ]
SQL: SELECT * FROM `fuwu` WHERE `f_id` = 34  [ RunTime:0.0035s ]
SQL: SELECT * FROM `fuwu` WHERE `f_id` = 23  [ RunTime:0.0037s ]
SQL: SELECT * FROM `fuwu` WHERE `f_id` = 35  [ RunTime:0.0036s ]
SQL: SELECT * FROM `fuwu` WHERE `f_id` = 24  [ RunTime:0.0035s ]
SQL: SELECT * FROM `fuwu` WHERE `f_id` = 36  [ RunTime:0.0038s ]
INFO: Run Behavior\ParseTemplateBehavior [ RunTime:0.073175s ]
INFO: [ view_parse ] --END-- [ RunTime:0.073231s ]
INFO: [ view_filter ] --START--
INFO: Run Behavior\WriteHtmlCacheBehavior [ RunTime:0.000045s ]
INFO: [ view_filter ] --END-- [ RunTime:0.000091s ]
INFO: [ app_end ] --START--
INFO: Run Behavior\ShowPageTraceBehavior [ RunTime:0.000043s ]
INFO: [ app_end ] --END-- [ RunTime:0.000095s ]

[ 2017-12-14T15:46:01+08:00 ] 61.129.7.254 /index.php/Home/gslb/gslb.html
INFO: [ app_init ] --START--
INFO: Run Behavior\BuildLiteBehavior [ RunTime:0.000020s ]
INFO: [ app_init ] --END-- [ RunTime:0.000152s ]
INFO: [ app_begin ] --START--
INFO: Run Behavior\ReadHtmlCacheBehavior [ RunTime:0.000077s ]
INFO: [ app_begin ] --END-- [ RunTime:0.000135s ]

[ 2017-12-14T15:46:03+08:00 ] 120.204.17.46 /
INFO: [ app_init ] --START--
INFO: Run Behavior\BuildLiteBehavior [ RunTime:0.000018s ]
INFO: [ app_init ] --END-- [ RunTime:0.000125s ]
INFO: [ app_begin ] --START--
INFO: Run Behavior\ReadHtmlCacheBehavior [ RunTime:0.000042s ]
INFO: [ app_begin ] --END-- [ RunTime:0.000101s ]
SQL: SHOW COLUMNS FROM `fuwu` [ RunTime:0.0032s ]
NOTIC: [8] Undefined variable: where /bweb/www.buy297.com/wangxin/Home/Controller/IndexController.class.php 第 12 行.
SQL: SELECT COUNT(*) AS tp_count FROM `fuwu` LIMIT 1   [ RunTime:0.0029s ]
SQL: SHOW COLUMNS FROM `fuwushang` [ RunTime:0.0031s ]
SQL: SELECT COUNT(*) AS tp_count FROM `fuwushang` WHERE `biaoshi` = 1 LIMIT 1   [ RunTime:0.0029s ]
NOTIC: [2] Missing argument 1 for Think\Model::where(), called in /bweb/www.buy297.com/wangxin/Home/Controller/IndexController.class.php on line 19 and defined /bweb/www.buy297.com/ThinkPHP/Library/Think/Model.class.php 第 1797 行.
NOTIC: [8] Undefined variable: where /bweb/www.buy297.com/ThinkPHP/Library/Think/Model.class.php 第 1805 行.
NOTIC: [8] Undefined variable: where /bweb/www.buy297.com/ThinkPHP/Library/Think/Model.class.php 第 1808 行.
NOTIC: [8] Undefined variable: where /bweb/www.buy297.com/ThinkPHP/Library/Think/Model.class.php 第 1816 行.
SQL: SELECT * FROM `fuwu` ORDER BY id asc LIMIT 0,6   [ RunTime:0.0031s ]
SQL: SELECT * FROM `fuwushang` WHERE `biaoshi` = 1 ORDER BY id asc LIMIT 0,3   [ RunTime:0.0032s ]
SQL: SHOW COLUMNS FROM `wzxx` [ RunTime:0.0032s ]
NOTIC: [2] Missing argument 1 for Think\Model::where(), called in /bweb/www.buy297.com/wangxin/Home/Controller/IndexController.class.php on line 28 and defined /bweb/www.buy297.com/ThinkPHP/Library/Think/Model.class.php 第 1797 行.
NOTIC: [8] Undefined variable: where /bweb/www.buy297.com/ThinkPHP/Library/Think/Model.class.php 第 1805 行.
NOTIC: [8] Undefined variable: where /bweb/www.buy297.com/ThinkPHP/Library/Think/Model.class.php 第 1808 行.
NOTIC: [8] Undefined variable: where /bweb/www.buy297.com/ThinkPHP/Library/Think/Model.class.php 第 1816 行.
SQL: SELECT * FROM `wzxx` LIMIT 1   [ RunTime:0.0030s ]
SQL: SHOW COLUMNS FROM `users` [ RunTime:0.0031s ]
SQL: SELECT `id`,`yuan` FROM `users`  [ RunTime:0.0029s ]
SQL: SHOW COLUMNS FROM `huodong` [ RunTime:0.0030s ]
NOTIC: [8] Undefined variable: where /bweb/www.buy297.com/wangxin/Home/Controller/IndexController.class.php 第 32 行.
SQL: SELECT `title`,`id`,`orders` FROM `huodong` ORDER BY orders desc  [ RunTime:0.0029s ]
NOTIC: [8] Undefined variable: page /bweb/www.buy297.com/wangxin/Home/Controller/IndexController.class.php 第 33 行.
NOTIC: [8] Undefined variable: pages /bweb/www.buy297.com/wangxin/Home/Controller/IndexController.class.php 第 34 行.
INFO: [ view_parse ] --START--
INFO: [ template_filter ] --START--
INFO: Run Behavior\ContentReplaceBehavior [ RunTime:0.000107s ]
INFO: [ template_filter ] --END-- [ RunTime:0.000173s ]
INFO: Run Behavior\ParseTemplateBehavior [ RunTime:0.008090s ]
INFO: [ view_parse ] --END-- [ RunTime:0.008149s ]
INFO: [ view_filter ] --START--
INFO: Run Behavior\WriteHtmlCacheBehavior [ RunTime:0.000053s ]
INFO: [ view_filter ] --END-- [ RunTime:0.000101s ]
INFO: [ app_end ] --START--
INFO: Run Behavior\ShowPageTraceBehavior [ RunTime:0.000045s ]
INFO: [ app_end ] --END-- [ RunTime:0.000094s ]

[ 2017-12-14T15:46:03+08:00 ] 61.129.7.254 /Home/gslb/oauth?code=011yWqfP0jULbb2ComiP0NwDfP0yWqfA&state=STATE
INFO: [ app_init ] --START--
INFO: Run Behavior\BuildLiteBehavior [ RunTime:0.000022s ]
INFO: [ app_init ] --END-- [ RunTime:0.000162s ]
INFO: [ app_begin ] --START--
INFO: Run Behavior\ReadHtmlCacheBehavior [ RunTime:0.000073s ]
INFO: [ app_begin ] --END-- [ RunTime:0.000142s ]
SQL: SHOW COLUMNS FROM `wx_user` [ RunTime:0.0037s ]
SQL: SELECT * FROM `wx_user` WHERE `openid` = 'oebYn1fDb-SxzZaBjHBEdqv-q7Ik' LIMIT 1   [ RunTime:0.0035s ]
NOTIC: [8] Undefined variable: a /bweb/www.buy297.com/wangxin/Home/Controller/GslbController.class.php 第 69 行.

[ 2017-12-14T15:46:03+08:00 ] 61.129.7.254 /index.php/Home/index/personal.html
INFO: [ app_init ] --START--
INFO: Run Behavior\BuildLiteBehavior [ RunTime:0.000018s ]
INFO: [ app_init ] --END-- [ RunTime:0.000110s ]
INFO: [ app_begin ] --START--
INFO: Run Behavior\ReadHtmlCacheBehavior [ RunTime:0.000067s ]
INFO: [ app_begin ] --END-- [ RunTime:0.000133s ]
SQL: SHOW COLUMNS FROM `wx_user` [ RunTime:0.0045s ]
SQL: SELECT * FROM `wx_user` WHERE `openid` = 'oebYn1fDb-SxzZaBjHBEdqv-q7Ik' LIMIT 1   [ RunTime:0.0042s ]
INFO: [ view_parse ] --START--
INFO: [ template_filter ] --START--
INFO: Run Behavior\ContentReplaceBehavior [ RunTime:0.000064s ]
INFO: [ template_filter ] --END-- [ RunTime:0.000127s ]
INFO: Run Behavior\ParseTemplateBehavior [ RunTime:0.003781s ]
INFO: [ view_parse ] --END-- [ RunTime:0.003845s ]
INFO: [ view_filter ] --START--
INFO: Run Behavior\WriteHtmlCacheBehavior [ RunTime:0.000045s ]
INFO: [ view_filter ] --END-- [ RunTime:0.000093s ]
INFO: [ app_end ] --START--
INFO: Run Behavior\ShowPageTraceBehavior [ RunTime:0.000045s ]
INFO: [ app_end ] --END-- [ RunTime:0.000110s ]

[ 2017-12-14T15:46:03+08:00 ] 183.192.201.97 /
INFO: [ app_init ] --START--
INFO: Run Behavior\BuildLiteBehavior [ RunTime:0.000031s ]
INFO: [ app_init ] --END-- [ RunTime:0.000126s ]
INFO: [ app_begin ] --START--
INFO: Run Behavior\ReadHtmlCacheBehavior [ RunTime:0.000044s ]
INFO: [ app_begin ] --END-- [ RunTime:0.000106s ]
SQL: SHOW COLUMNS FROM `fuwu` [ RunTime:0.0034s ]
NOTIC: [8] Undefined variable: where /bweb/www.buy297.com/wangxin/Home/Controller/IndexController.class.php 第 12 行.
SQL: SELECT COUNT(*) AS tp_count FROM `fuwu` LIMIT 1   [ RunTime:0.0031s ]
SQL: SHOW COLUMNS FROM `fuwushang` [ RunTime:0.0034s ]
SQL: SELECT COUNT(*) AS tp_count FROM `fuwushang` WHERE `biaoshi` = 1 LIMIT 1   [ RunTime:0.0031s ]
NOTIC: [2] Missing argument 1 for Think\Model::where(), called in /bweb/www.buy297.com/wangxin/Home/Controller/IndexController.class.php on line 19 and defined /bweb/www.buy297.com/ThinkPHP/Library/Think/Model.class.php 第 1797 行.
NOTIC: [8] Undefined variable: where /bweb/www.buy297.com/ThinkPHP/Library/Think/Model.class.php 第 1805 行.
NOTIC: [8] Undefined variable: where /bweb/www.buy297.com/ThinkPHP/Library/Think/Model.class.php 第 1808 行.
NOTIC: [8] Undefined variable: where /bweb/www.buy297.com/ThinkPHP/Library/Think/Model.class.php 第 1816 行.
SQL: SELECT * FROM `fuwu` ORDER BY id asc LIMIT 0,6   [ RunTime:0.0033s ]
SQL: SELECT * FROM `fuwushang` WHERE `biaoshi` = 1 ORDER BY id asc LIMIT 0,3   [ RunTime:0.0032s ]
SQL: SHOW COLUMNS FROM `wzxx` [ RunTime:0.0033s ]
NOTIC: [2] Missing argument 1 for Think\Model::where(), called in /bweb/www.buy297.com/wangxin/Home/Controller/IndexController.class.php on line 28 and defined /bweb/www.buy297.com/ThinkPHP/Library/Think/Model.class.php 第 1797 行.
NOTIC: [8] Undefined variable: where /bweb/www.buy297.com/ThinkPHP/Library/Think/Model.class.php 第 1805 行.
NOTIC: [8] Undefined variable: where /bweb/www.buy297.com/ThinkPHP/Library/Think/Model.class.php 第 1808 行.
NOTIC: [8] Undefined variable: where /bweb/www.buy297.com/ThinkPHP/Library/Think/Model.class.php 第 1816 行.
SQL: SELECT * FROM `wzxx` LIMIT 1   [ RunTime:0.0031s ]
SQL: SHOW COLUMNS FROM `users` [ RunTime:0.0033s ]
SQL: SELECT `id`,`yuan` FROM `users`  [ RunTime:0.0031s ]
SQL: SHOW COLUMNS FROM `huodong` [ RunTime:0.0033s ]
NOTIC: [8] Undefined variable: where /bweb/www.buy297.com/wangxin/Home/Controller/IndexController.class.php 第 32 行.
SQL: SELECT `title`,`id`,`orders` FROM `huodong` ORDER BY orders desc  [ RunTime:0.0031s ]
NOTIC: [8] Undefined variable: page /bweb/www.buy297.com/wangxin/Home/Controller/IndexController.class.php 第 33 行.
NOTIC: [8] Undefined variable: pages /bweb/www.buy297.com/wangxin/Home/Controller/IndexController.class.php 第 34 行.
INFO: [ view_parse ] --START--
INFO: [ template_filter ] --START--
INFO: Run Behavior\ContentReplaceBehavior [ RunTime:0.000083s ]
INFO: [ template_filter ] --END-- [ RunTime:0.000141s ]
INFO: Run Behavior\ParseTemplateBehavior [ RunTime:0.007143s ]
INFO: [ view_parse ] --END-- [ RunTime:0.007200s ]
INFO: [ view_filter ] --START--
INFO: Run Behavior\WriteHtmlCacheBehavior [ RunTime:0.000039s ]
INFO: [ view_filter ] --END-- [ RunTime:0.000083s ]
INFO: [ app_end ] --START--
INFO: Run Behavior\ShowPageTraceBehavior [ RunTime:0.000036s ]
INFO: [ app_end ] --END-- [ RunTime:0.000083s ]

[ 2017-12-14T15:46:04+08:00 ] 120.204.17.68 /
INFO: [ app_init ] --START--
INFO: Run Behavior\BuildLiteBehavior [ RunTime:0.000030s ]
INFO: [ app_init ] --END-- [ RunTime:0.000175s ]
INFO: [ app_begin ] --START--
INFO: Run Behavior\ReadHtmlCacheBehavior [ RunTime:0.000071s ]
INFO: [ app_begin ] --END-- [ RunTime:0.000136s ]
SQL: SHOW COLUMNS FROM `fuwu` [ RunTime:0.0039s ]
NOTIC: [8] Undefined variable: where /bweb/www.buy297.com/wangxin/Home/Controller/IndexController.class.php 第 12 行.
SQL: SELECT COUNT(*) AS tp_count FROM `fuwu` LIMIT 1   [ RunTime:0.0036s ]
SQL: SHOW COLUMNS FROM `fuwushang` [ RunTime:0.0038s ]
SQL: SELECT COUNT(*) AS tp_count FROM `fuwushang` WHERE `biaoshi` = 1 LIMIT 1   [ RunTime:0.0036s ]
NOTIC: [2] Missing argument 1 for Think\Model::where(), called in /bweb/www.buy297.com/wangxin/Home/Controller/IndexController.class.php on line 19 and defined /bweb/www.buy297.com/ThinkPHP/Library/Think/Model.class.php 第 1797 行.
NOTIC: [8] Undefined variable: where /bweb/www.buy297.com/ThinkPHP/Library/Think/Model.class.php 第 1805 行.
NOTIC: [8] Undefined variable: where /bweb/www.buy297.com/ThinkPHP/Library/Think/Model.class.php 第 1808 行.
NOTIC: [8] Undefined variable: where /bweb/www.buy297.com/ThinkPHP/Library/Think/Model.class.php 第 1816 行.
SQL: SELECT * FROM `fuwu` ORDER BY id asc LIMIT 0,6   [ RunTime:0.0037s ]
SQL: SELECT * FROM `fuwushang` WHERE `biaoshi` = 1 ORDER BY id asc LIMIT 0,3   [ RunTime:0.0036s ]
SQL: SHOW COLUMNS FROM `wzxx` [ RunTime:0.0038s ]
NOTIC: [2] Missing argument 1 for Think\Model::where(), called in /bweb/www.buy297.com/wangxin/Home/Controller/IndexController.class.php on line 28 and defined /bweb/www.buy297.com/ThinkPHP/Library/Think/Model.class.php 第 1797 行.
NOTIC: [8] Undefined variable: where /bweb/www.buy297.com/ThinkPHP/Library/Think/Model.class.php 第 1805 行.
NOTIC: [8] Undefined variable: where /bweb/www.buy297.com/ThinkPHP/Library/Think/Model.class.php 第 1808 行.
NOTIC: [8] Undefined variable: where /bweb/www.buy297.com/ThinkPHP/Library/Think/Model.class.php 第 1816 行.
SQL: SELECT * FROM `wzxx` LIMIT 1   [ RunTime:0.0036s ]
SQL: SHOW COLUMNS FROM `users` [ RunTime:0.0038s ]
SQL: SELECT `id`,`yuan` FROM `users`  [ RunTime:0.0035s ]
SQL: SHOW COLUMNS FROM `huodong` [ RunTime:0.0038s ]
NOTIC: [8] Undefined variable: where /bweb/www.buy297.com/wangxin/Home/Controller/IndexController.class.php 第 32 行.
SQL: SELECT `title`,`id`,`orders` FROM `huodong` ORDER BY orders desc  [ RunTime:0.0035s ]
NOTIC: [8] Undefined variable: page /bweb/www.buy297.com/wangxin/Home/Controller/IndexController.class.php 第 33 行.
NOTIC: [8] Undefined variable: pages /bweb/www.buy297.com/wangxin/Home/Controller/IndexController.class.php 第 34 行.
INFO: [ view_parse ] --START--
INFO: [ template_filter ] --START--
INFO: Run Behavior\ContentReplaceBehavior [ RunTime:0.000100s ]
INFO: [ template_filter ] --END-- [ RunTime:0.000157s ]
INFO: Run Behavior\ParseTemplateBehavior [ RunTime:0.007571s ]
INFO: [ view_parse ] --END-- [ RunTime:0.007628s ]
INFO: [ view_filter ] --START--
INFO: Run Behavior\WriteHtmlCacheBehavior [ RunTime:0.000041s ]
INFO: [ view_filter ] --END-- [ RunTime:0.000089s ]
INFO: [ app_end ] --START--
INFO: Run Behavior\ShowPageTraceBehavior [ RunTime:0.000047s ]
INFO: [ app_end ] --END-- [ RunTime:0.000093s ]

[ 2017-12-14T15:46:04+08:00 ] 120.204.17.68 /
INFO: [ app_init ] --START--
INFO: Run Behavior\BuildLiteBehavior [ RunTime:0.000012s ]
INFO: [ app_init ] --END-- [ RunTime:0.000087s ]
INFO: [ app_begin ] --START--
INFO: Run Behavior\ReadHtmlCacheBehavior [ RunTime:0.000049s ]
INFO: [ app_begin ] --END-- [ RunTime:0.000101s ]
SQL: SHOW COLUMNS FROM `fuwu` [ RunTime:0.0038s ]
NOTIC: [8] Undefined variable: where /bweb/www.buy297.com/wangxin/Home/Controller/IndexController.class.php 第 12 行.
SQL: SELECT COUNT(*) AS tp_count FROM `fuwu` LIMIT 1   [ RunTime:0.0036s ]
SQL: SHOW COLUMNS FROM `fuwushang` [ RunTime:0.0038s ]
SQL: SELECT COUNT(*) AS tp_count FROM `fuwushang` WHERE `biaoshi` = 1 LIMIT 1   [ RunTime:0.0036s ]
NOTIC: [2] Missing argument 1 for Think\Model::where(), called in /bweb/www.buy297.com/wangxin/Home/Controller/IndexController.class.php on line 19 and defined /bweb/www.buy297.com/ThinkPHP/Library/Think/Model.class.php 第 1797 行.
NOTIC: [8] Undefined variable: where /bweb/www.buy297.com/ThinkPHP/Library/Think/Model.class.php 第 1805 行.
NOTIC: [8] Undefined variable: where /bweb/www.buy297.com/ThinkPHP/Library/Think/Model.class.php 第 1808 行.
NOTIC: [8] Undefined variable: where /bweb/www.buy297.com/ThinkPHP/Library/Think/Model.class.php 第 1816 行.
SQL: SELECT * FROM `fuwu` ORDER BY id asc LIMIT 0,6   [ RunTime:0.0036s ]
SQL: SELECT * FROM `fuwushang` WHERE `biaoshi` = 1 ORDER BY id asc LIMIT 0,3   [ RunTime:0.0038s ]
SQL: SHOW COLUMNS FROM `wzxx` [ RunTime:0.0039s ]
NOTIC: [2] Missing argument 1 for Think\Model::where(), called in /bweb/www.buy297.com/wangxin/Home/Controller/IndexController.class.php on line 28 and defined /bweb/www.buy297.com/ThinkPHP/Library/Think/Model.class.php 第 1797 行.
NOTIC: [8] Undefined variable: where /bweb/www.buy297.com/ThinkPHP/Library/Think/Model.class.php 第 1805 行.
NOTIC: [8] Undefined variable: where /bweb/www.buy297.com/ThinkPHP/Library/Think/Model.class.php 第 1808 行.
NOTIC: [8] Undefined variable: where /bweb/www.buy297.com/ThinkPHP/Library/Think/Model.class.php 第 1816 行.
SQL: SELECT * FROM `wzxx` LIMIT 1   [ RunTime:0.0038s ]
SQL: SHOW COLUMNS FROM `users` [ RunTime:0.0039s ]
SQL: SELECT `id`,`yuan` FROM `users`  [ RunTime:0.0037s ]
SQL: SHOW COLUMNS FROM `huodong` [ RunTime:0.0037s ]
NOTIC: [8] Undefined variable: where /bweb/www.buy297.com/wangxin/Home/Controller/IndexController.class.php 第 32 行.
SQL: SELECT `title`,`id`,`orders` FROM `huodong` ORDER BY orders desc  [ RunTime:0.0036s ]
NOTIC: [8] Undefined variable: page /bweb/www.buy297.com/wangxin/Home/Controller/IndexController.class.php 第 33 行.
NOTIC: [8] Undefined variable: pages /bweb/www.buy297.com/wangxin/Home/Controller/IndexController.class.php 第 34 行.
INFO: [ view_parse ] --START--
INFO: [ template_filter ] --START--
INFO: Run Behavior\ContentReplaceBehavior [ RunTime:0.000103s ]
INFO: [ template_filter ] --END-- [ RunTime:0.000161s ]
INFO: Run Behavior\ParseTemplateBehavior [ RunTime:0.007280s ]
INFO: [ view_parse ] --END-- [ RunTime:0.007338s ]
INFO: [ view_filter ] --START--
INFO: Run Behavior\WriteHtmlCacheBehavior [ RunTime:0.000039s ]
INFO: [ view_filter ] --END-- [ RunTime:0.000081s ]
INFO: [ app_end ] --START--
INFO: Run Behavior\ShowPageTraceBehavior [ RunTime:0.000052s ]
INFO: [ app_end ] --END-- [ RunTime:0.000099s ]

[ 2017-12-14T15:46:10+08:00 ] 120.204.17.73 /index.php/Home/Index/qbfl.html
INFO: [ app_init ] --START--
INFO: Run Behavior\BuildLiteBehavior [ RunTime:0.000017s ]
INFO: [ app_init ] --END-- [ RunTime:0.000124s ]
INFO: [ app_begin ] --START--
INFO: Run Behavior\ReadHtmlCacheBehavior [ RunTime:0.000050s ]
INFO: [ app_begin ] --END-- [ RunTime:0.000121s ]
SQL: SHOW COLUMNS FROM `fuwu` [ RunTime:0.0036s ]
SQL: SELECT * FROM `fuwu` WHERE `f_id` = 0  [ RunTime:0.0034s ]
INFO: [ view_parse ] --START--
INFO: [ template_filter ] --START--
INFO: Run Behavior\ContentReplaceBehavior [ RunTime:0.000070s ]
INFO: [ template_filter ] --END-- [ RunTime:0.000130s ]
SQL: SELECT * FROM `fuwu` WHERE `f_id` = 20  [ RunTime:0.0036s ]
SQL: SELECT * FROM `fuwu` WHERE `f_id` = 25  [ RunTime:0.0033s ]
SQL: SELECT * FROM `fuwu` WHERE `f_id` = 26  [ RunTime:0.0033s ]
SQL: SELECT * FROM `fuwu` WHERE `f_id` = 27  [ RunTime:0.0032s ]
SQL: SELECT * FROM `fuwu` WHERE `f_id` = 28  [ RunTime:0.0032s ]
SQL: SELECT * FROM `fuwu` WHERE `f_id` = 29  [ RunTime:0.0032s ]
SQL: SELECT * FROM `fuwu` WHERE `f_id` = 30  [ RunTime:0.0033s ]
SQL: SELECT * FROM `fuwu` WHERE `f_id` = 31  [ RunTime:0.0033s ]
SQL: SELECT * FROM `fuwu` WHERE `f_id` = 32  [ RunTime:0.0033s ]
SQL: SELECT * FROM `fuwu` WHERE `f_id` = 21  [ RunTime:0.0032s ]
SQL: SELECT * FROM `fuwu` WHERE `f_id` = 33  [ RunTime:0.0032s ]
SQL: SELECT * FROM `fuwu` WHERE `f_id` = 22  [ RunTime:0.0032s ]
SQL: SELECT * FROM `fuwu` WHERE `f_id` = 34  [ RunTime:0.0032s ]
SQL: SELECT * FROM `fuwu` WHERE `f_id` = 23  [ RunTime:0.0034s ]
SQL: SELECT * FROM `fuwu` WHERE `f_id` = 35  [ RunTime:0.0033s ]
SQL: SELECT * FROM `fuwu` WHERE `f_id` = 24  [ RunTime:0.0033s ]
SQL: SELECT * FROM `fuwu` WHERE `f_id` = 36  [ RunTime:0.0032s ]
INFO: Run Behavior\ParseTemplateBehavior [ RunTime:0.068401s ]
INFO: [ view_parse ] --END-- [ RunTime:0.068463s ]
INFO: [ view_filter ] --START--
INFO: Run Behavior\WriteHtmlCacheBehavior [ RunTime:0.000049s ]
INFO: [ view_filter ] --END-- [ RunTime:0.000094s ]
INFO: [ app_end ] --START--
INFO: Run Behavior\ShowPageTraceBehavior [ RunTime:0.000057s ]
INFO: [ app_end ] --END-- [ RunTime:0.000110s ]

[ 2017-12-14T15:46:13+08:00 ] 183.192.201.97 /index.php/Home/index/personal.html
INFO: [ app_init ] --START--
INFO: Run Behavior\BuildLiteBehavior [ RunTime:0.000018s ]
INFO: [ app_init ] --END-- [ RunTime:0.000118s ]
INFO: [ app_begin ] --START--
INFO: Run Behavior\ReadHtmlCacheBehavior [ RunTime:0.000048s ]
INFO: [ app_begin ] --END-- [ RunTime:0.000108s ]
SQL: SHOW COLUMNS FROM `wx_user` [ RunTime:0.0036s ]
SQL: SELECT * FROM `wx_user` WHERE `openid` = null LIMIT 1   [ RunTime:0.0033s ]
INFO: [ view_parse ] --START--
INFO: [ template_filter ] --START--
INFO: Run Behavior\ContentReplaceBehavior [ RunTime:0.000062s ]
INFO: [ template_filter ] --END-- [ RunTime:0.000130s ]
INFO: Run Behavior\ParseTemplateBehavior [ RunTime:0.003078s ]
INFO: [ view_parse ] --END-- [ RunTime:0.003136s ]
INFO: [ view_filter ] --START--
INFO: Run Behavior\WriteHtmlCacheBehavior [ RunTime:0.000047s ]
INFO: [ view_filter ] --END-- [ RunTime:0.000097s ]
INFO: [ app_end ] --START--
INFO: Run Behavior\ShowPageTraceBehavior [ RunTime:0.000039s ]
INFO: [ app_end ] --END-- [ RunTime:0.000081s ]

[ 2017-12-14T15:46:13+08:00 ] 101.226.33.218 /
INFO: [ app_init ] --START--
INFO: Run Behavior\BuildLiteBehavior [ RunTime:0.000014s ]
INFO: [ app_init ] --END-- [ RunTime:0.000094s ]
INFO: [ app_begin ] --START--
INFO: Run Behavior\ReadHtmlCacheBehavior [ RunTime:0.000039s ]
INFO: [ app_begin ] --END-- [ RunTime:0.000094s ]
SQL: SHOW COLUMNS FROM `fuwu` [ RunTime:0.0035s ]
NOTIC: [8] Undefined variable: where /bweb/www.buy297.com/wangxin/Home/Controller/IndexController.class.php 第 12 行.
SQL: SELECT COUNT(*) AS tp_count FROM `fuwu` LIMIT 1   [ RunTime:0.0032s ]
SQL: SHOW COLUMNS FROM `fuwushang` [ RunTime:0.0034s ]
SQL: SELECT COUNT(*) AS tp_count FROM `fuwushang` WHERE `biaoshi` = 1 LIMIT 1   [ RunTime:0.0033s ]
NOTIC: [2] Missing argument 1 for Think\Model::where(), called in /bweb/www.buy297.com/wangxin/Home/Controller/IndexController.class.php on line 19 and defined /bweb/www.buy297.com/ThinkPHP/Library/Think/Model.class.php 第 1797 行.
NOTIC: [8] Undefined variable: where /bweb/www.buy297.com/ThinkPHP/Library/Think/Model.class.php 第 1805 行.
NOTIC: [8] Undefined variable: where /bweb/www.buy297.com/ThinkPHP/Library/Think/Model.class.php 第 1808 行.
NOTIC: [8] Undefined variable: where /bweb/www.buy297.com/ThinkPHP/Library/Think/Model.class.php 第 1816 行.
SQL: SELECT * FROM `fuwu` ORDER BY id asc LIMIT 0,6   [ RunTime:0.0032s ]
SQL: SELECT * FROM `fuwushang` WHERE `biaoshi` = 1 ORDER BY id asc LIMIT 0,3   [ RunTime:0.0032s ]
SQL: SHOW COLUMNS FROM `wzxx` [ RunTime:0.0035s ]
NOTIC: [2] Missing argument 1 for Think\Model::where(), called in /bweb/www.buy297.com/wangxin/Home/Controller/IndexController.class.php on line 28 and defined /bweb/www.buy297.com/ThinkPHP/Library/Think/Model.class.php 第 1797 行.
NOTIC: [8] Undefined variable: where /bweb/www.buy297.com/ThinkPHP/Library/Think/Model.class.php 第 1805 行.
NOTIC: [8] Undefined variable: where /bweb/www.buy297.com/ThinkPHP/Library/Think/Model.class.php 第 1808 行.
NOTIC: [8] Undefined variable: where /bweb/www.buy297.com/ThinkPHP/Library/Think/Model.class.php 第 1816 行.
SQL: SELECT * FROM `wzxx` LIMIT 1   [ RunTime:0.0032s ]
SQL: SHOW COLUMNS FROM `users` [ RunTime:0.0035s ]
SQL: SELECT `id`,`yuan` FROM `users`  [ RunTime:0.0032s ]
SQL: SHOW COLUMNS FROM `huodong` [ RunTime:0.0035s ]
NOTIC: [8] Undefined variable: where /bweb/www.buy297.com/wangxin/Home/Controller/IndexController.class.php 第 32 行.
SQL: SELECT `title`,`id`,`orders` FROM `huodong` ORDER BY orders desc  [ RunTime:0.0032s ]
NOTIC: [8] Undefined variable: page /bweb/www.buy297.com/wangxin/Home/Controller/IndexController.class.php 第 33 行.
NOTIC: [8] Undefined variable: pages /bweb/www.buy297.com/wangxin/Home/Controller/IndexController.class.php 第 34 行.
INFO: [ view_parse ] --START--
INFO: [ template_filter ] --START--
INFO: Run Behavior\ContentReplaceBehavior [ RunTime:0.000081s ]
INFO: [ template_filter ] --END-- [ RunTime:0.000139s ]
INFO: Run Behavior\ParseTemplateBehavior [ RunTime:0.007227s ]
INFO: [ view_parse ] --END-- [ RunTime:0.007283s ]
INFO: [ view_filter ] --START--
INFO: Run Behavior\WriteHtmlCacheBehavior [ RunTime:0.000040s ]
INFO: [ view_filter ] --END-- [ RunTime:0.000085s ]
INFO: [ app_end ] --START--
INFO: Run Behavior\ShowPageTraceBehavior [ RunTime:0.000036s ]
INFO: [ app_end ] --END-- [ RunTime:0.000083s ]

[ 2017-12-14T15:46:19+08:00 ] 61.151.178.179 /index.php/Home/Index/qbfl.html
INFO: [ app_init ] --START--
INFO: Run Behavior\BuildLiteBehavior [ RunTime:0.000015s ]
INFO: [ app_init ] --END-- [ RunTime:0.000107s ]
INFO: [ app_begin ] --START--
INFO: Run Behavior\ReadHtmlCacheBehavior [ RunTime:0.000041s ]
INFO: [ app_begin ] --END-- [ RunTime:0.000093s ]
SQL: SHOW COLUMNS FROM `fuwu` [ RunTime:0.0041s ]
SQL: SELECT * FROM `fuwu` WHERE `f_id` = 0  [ RunTime:0.0039s ]
INFO: [ view_parse ] --START--
INFO: [ template_filter ] --START--
INFO: Run Behavior\ContentReplaceBehavior [ RunTime:0.000067s ]
INFO: [ template_filter ] --END-- [ RunTime:0.000124s ]
SQL: SELECT * FROM `fuwu` WHERE `f_id` = 20  [ RunTime:0.0038s ]
SQL: SELECT * FROM `fuwu` WHERE `f_id` = 25  [ RunTime:0.0038s ]
SQL: SELECT * FROM `fuwu` WHERE `f_id` = 26  [ RunTime:0.0039s ]
SQL: SELECT * FROM `fuwu` WHERE `f_id` = 27  [ RunTime:0.0066s ]
SQL: SELECT * FROM `fuwu` WHERE `f_id` = 28  [ RunTime:0.0038s ]
SQL: SELECT * FROM `fuwu` WHERE `f_id` = 29  [ RunTime:0.0038s ]
SQL: SELECT * FROM `fuwu` WHERE `f_id` = 30  [ RunTime:0.0038s ]
SQL: SELECT * FROM `fuwu` WHERE `f_id` = 31  [ RunTime:0.0038s ]
SQL: SELECT * FROM `fuwu` WHERE `f_id` = 32  [ RunTime:0.0039s ]
SQL: SELECT * FROM `fuwu` WHERE `f_id` = 21  [ RunTime:0.0039s ]
SQL: SELECT * FROM `fuwu` WHERE `f_id` = 33  [ RunTime:0.0038s ]
SQL: SELECT * FROM `fuwu` WHERE `f_id` = 22  [ RunTime:0.0039s ]
SQL: SELECT * FROM `fuwu` WHERE `f_id` = 34  [ RunTime:0.0038s ]
SQL: SELECT * FROM `fuwu` WHERE `f_id` = 23  [ RunTime:0.0039s ]
SQL: SELECT * FROM `fuwu` WHERE `f_id` = 35  [ RunTime:0.0039s ]
SQL: SELECT * FROM `fuwu` WHERE `f_id` = 24  [ RunTime:0.0038s ]
SQL: SELECT * FROM `fuwu` WHERE `f_id` = 36  [ RunTime:0.0038s ]
INFO: Run Behavior\ParseTemplateBehavior [ RunTime:0.079993s ]
INFO: [ view_parse ] --END-- [ RunTime:0.080048s ]
INFO: [ view_filter ] --START--
INFO: Run Behavior\WriteHtmlCacheBehavior [ RunTime:0.000048s ]
INFO: [ view_filter ] --END-- [ RunTime:0.000099s ]
INFO: [ app_end ] --START--
INFO: Run Behavior\ShowPageTraceBehavior [ RunTime:0.000045s ]
INFO: [ app_end ] --END-- [ RunTime:0.000095s ]

[ 2017-12-14T15:46:22+08:00 ] 101.226.226.221 /index.php/Home/index/personal.html
INFO: [ app_init ] --START--
INFO: Run Behavior\BuildLiteBehavior [ RunTime:0.000018s ]
INFO: [ app_init ] --END-- [ RunTime:0.000120s ]
INFO: [ app_begin ] --START--
INFO: Run Behavior\ReadHtmlCacheBehavior [ RunTime:0.000061s ]
INFO: [ app_begin ] --END-- [ RunTime:0.000122s ]
SQL: SHOW COLUMNS FROM `wx_user` [ RunTime:0.0034s ]
SQL: SELECT * FROM `wx_user` WHERE `openid` = null LIMIT 1   [ RunTime:0.0032s ]
INFO: [ view_parse ] --START--
INFO: [ template_filter ] --START--
INFO: Run Behavior\ContentReplaceBehavior [ RunTime:0.000056s ]
INFO: [ template_filter ] --END-- [ RunTime:0.000110s ]
INFO: Run Behavior\ParseTemplateBehavior [ RunTime:0.002996s ]
INFO: [ view_parse ] --END-- [ RunTime:0.003050s ]
INFO: [ view_filter ] --START--
INFO: Run Behavior\WriteHtmlCacheBehavior [ RunTime:0.000044s ]
INFO: [ view_filter ] --END-- [ RunTime:0.000085s ]
INFO: [ app_end ] --START--
INFO: Run Behavior\ShowPageTraceBehavior [ RunTime:0.000041s ]
INFO: [ app_end ] --END-- [ RunTime:0.000083s ]

[ 2017-12-14T16:32:56+08:00 ] 115.195.61.46 /
INFO: [ app_init ] --START--
INFO: Run Behavior\BuildLiteBehavior [ RunTime:0.000020s ]
INFO: [ app_init ] --END-- [ RunTime:0.000143s ]
INFO: [ app_begin ] --START--
INFO: Run Behavior\ReadHtmlCacheBehavior [ RunTime:0.000074s ]
INFO: [ app_begin ] --END-- [ RunTime:0.000144s ]
SQL: SHOW COLUMNS FROM `fuwu` [ RunTime:0.0035s ]
NOTIC: [8] Undefined variable: where /bweb/www.buy297.com/wangxin/Home/Controller/IndexController.class.php 第 12 行.
SQL: SELECT COUNT(*) AS tp_count FROM `fuwu` LIMIT 1   [ RunTime:0.0032s ]
SQL: SHOW COLUMNS FROM `fuwushang` [ RunTime:0.0033s ]
SQL: SELECT COUNT(*) AS tp_count FROM `fuwushang` WHERE `biaoshi` = 1 LIMIT 1   [ RunTime:0.0033s ]
NOTIC: [2] Missing argument 1 for Think\Model::where(), called in /bweb/www.buy297.com/wangxin/Home/Controller/IndexController.class.php on line 19 and defined /bweb/www.buy297.com/ThinkPHP/Library/Think/Model.class.php 第 1797 行.
NOTIC: [8] Undefined variable: where /bweb/www.buy297.com/ThinkPHP/Library/Think/Model.class.php 第 1805 行.
NOTIC: [8] Undefined variable: where /bweb/www.buy297.com/ThinkPHP/Library/Think/Model.class.php 第 1808 行.
NOTIC: [8] Undefined variable: where /bweb/www.buy297.com/ThinkPHP/Library/Think/Model.class.php 第 1816 行.
SQL: SELECT * FROM `fuwu` ORDER BY id asc LIMIT 0,6   [ RunTime:0.0031s ]
SQL: SELECT * FROM `fuwushang` WHERE `biaoshi` = 1 ORDER BY id asc LIMIT 0,3   [ RunTime:0.0032s ]
SQL: SHOW COLUMNS FROM `wzxx` [ RunTime:0.0033s ]
NOTIC: [2] Missing argument 1 for Think\Model::where(), called in /bweb/www.buy297.com/wangxin/Home/Controller/IndexController.class.php on line 28 and defined /bweb/www.buy297.com/ThinkPHP/Library/Think/Model.class.php 第 1797 行.
NOTIC: [8] Undefined variable: where /bweb/www.buy297.com/ThinkPHP/Library/Think/Model.class.php 第 1805 行.
NOTIC: [8] Undefined variable: where /bweb/www.buy297.com/ThinkPHP/Library/Think/Model.class.php 第 1808 行.
NOTIC: [8] Undefined variable: where /bweb/www.buy297.com/ThinkPHP/Library/Think/Model.class.php 第 1816 行.
SQL: SELECT * FROM `wzxx` LIMIT 1   [ RunTime:0.0032s ]
SQL: SHOW COLUMNS FROM `users` [ RunTime:0.0033s ]
SQL: SELECT `id`,`yuan` FROM `users`  [ RunTime:0.0030s ]
SQL: SHOW COLUMNS FROM `huodong` [ RunTime:0.0031s ]
NOTIC: [8] Undefined variable: where /bweb/www.buy297.com/wangxin/Home/Controller/IndexController.class.php 第 32 行.
SQL: SELECT `title`,`id`,`orders` FROM `huodong` ORDER BY orders desc  [ RunTime:0.0031s ]
NOTIC: [8] Undefined variable: page /bweb/www.buy297.com/wangxin/Home/Controller/IndexController.class.php 第 33 行.
NOTIC: [8] Undefined variable: pages /bweb/www.buy297.com/wangxin/Home/Controller/IndexController.class.php 第 34 行.
INFO: [ view_parse ] --START--
INFO: [ template_filter ] --START--
INFO: Run Behavior\ContentReplaceBehavior [ RunTime:0.000092s ]
INFO: [ template_filter ] --END-- [ RunTime:0.000166s ]
INFO: Run Behavior\ParseTemplateBehavior [ RunTime:0.007532s ]
INFO: [ view_parse ] --END-- [ RunTime:0.007589s ]
INFO: [ view_filter ] --START--
INFO: Run Behavior\WriteHtmlCacheBehavior [ RunTime:0.000046s ]
INFO: [ view_filter ] --END-- [ RunTime:0.000098s ]
INFO: [ app_end ] --START--
INFO: Run Behavior\ShowPageTraceBehavior [ RunTime:0.000045s ]
INFO: [ app_end ] --END-- [ RunTime:0.000091s ]

[ 2017-12-14T16:32:59+08:00 ] 115.195.61.46 /index.php/Home/Index/zsyz.html
INFO: [ app_init ] --START--
INFO: Run Behavior\BuildLiteBehavior [ RunTime:0.000017s ]
INFO: [ app_init ] --END-- [ RunTime:0.000117s ]
INFO: [ app_begin ] --START--
INFO: Run Behavior\ReadHtmlCacheBehavior [ RunTime:0.000062s ]
INFO: [ app_begin ] --END-- [ RunTime:0.000116s ]
SQL: SHOW COLUMNS FROM `wzxx` [ RunTime:0.0036s ]
SQL: SELECT * FROM `wzxx` WHERE `id` = 1 LIMIT 1   [ RunTime:0.0031s ]
INFO: [ view_parse ] --START--
INFO: [ template_filter ] --START--
INFO: Run Behavior\ContentReplaceBehavior [ RunTime:0.000059s ]
INFO: [ template_filter ] --END-- [ RunTime:0.000115s ]
INFO: Run Behavior\ParseTemplateBehavior [ RunTime:0.002922s ]
INFO: [ view_parse ] --END-- [ RunTime:0.002979s ]
INFO: [ view_filter ] --START--
INFO: Run Behavior\WriteHtmlCacheBehavior [ RunTime:0.000045s ]
INFO: [ view_filter ] --END-- [ RunTime:0.000089s ]
INFO: [ app_end ] --START--
INFO: Run Behavior\ShowPageTraceBehavior [ RunTime:0.000053s ]
INFO: [ app_end ] --END-- [ RunTime:0.000099s ]

[ 2017-12-14T16:33:03+08:00 ] 115.195.61.46 /index.php/Home/Index/qyfw/id/20.html
INFO: [ app_init ] --START--
INFO: Run Behavior\BuildLiteBehavior [ RunTime:0.000019s ]
INFO: [ app_init ] --END-- [ RunTime:0.000121s ]
INFO: [ app_begin ] --START--
INFO: Run Behavior\ReadHtmlCacheBehavior [ RunTime:0.000046s ]
INFO: [ app_begin ] --END-- [ RunTime:0.000108s ]
SQL: SHOW COLUMNS FROM `fuwu` [ RunTime:0.0039s ]
SQL: SELECT * FROM `fuwu` WHERE `id` = 20 LIMIT 1   [ RunTime:0.0037s ]
SQL: SELECT `id`,`name`,`f_id`,`img` FROM `fuwu` WHERE `f_id` = 20  [ RunTime:0.0036s ]
INFO: [ view_parse ] --START--
INFO: [ template_filter ] --START--
INFO: Run Behavior\ContentReplaceBehavior [ RunTime:0.000054s ]
INFO: [ template_filter ] --END-- [ RunTime:0.000108s ]
INFO: Run Behavior\ParseTemplateBehavior [ RunTime:0.004148s ]
INFO: [ view_parse ] --END-- [ RunTime:0.004205s ]
INFO: [ view_filter ] --START--
INFO: Run Behavior\WriteHtmlCacheBehavior [ RunTime:0.000043s ]
INFO: [ view_filter ] --END-- [ RunTime:0.000090s ]
INFO: [ app_end ] --START--
INFO: Run Behavior\ShowPageTraceBehavior [ RunTime:0.000040s ]
INFO: [ app_end ] --END-- [ RunTime:0.000088s ]

[ 2017-12-14T16:33:04+08:00 ] 115.195.61.46 /index.php/Home/Index/qyfw2/id/25.html
INFO: [ app_init ] --START--
INFO: Run Behavior\BuildLiteBehavior [ RunTime:0.000017s ]
INFO: [ app_init ] --END-- [ RunTime:0.000111s ]
INFO: [ app_begin ] --START--
INFO: Run Behavior\ReadHtmlCacheBehavior [ RunTime:0.000045s ]
INFO: [ app_begin ] --END-- [ RunTime:0.000105s ]
SQL: SHOW COLUMNS FROM `fuwu` [ RunTime:0.0051s ]
SQL: SELECT * FROM `fuwu` WHERE `f_id` = 25 LIMIT 1   [ RunTime:0.0055s ]
SQL: SELECT * FROM `fuwu` WHERE `f_id` = 25  [ RunTime:0.0054s ]
INFO: [ view_parse ] --START--
INFO: [ template_filter ] --START--
INFO: Run Behavior\ContentReplaceBehavior [ RunTime:0.000052s ]
INFO: [ template_filter ] --END-- [ RunTime:0.000108s ]
INFO: Run Behavior\ParseTemplateBehavior [ RunTime:0.003369s ]
INFO: [ view_parse ] --END-- [ RunTime:0.003425s ]
INFO: [ view_filter ] --START--
INFO: Run Behavior\WriteHtmlCacheBehavior [ RunTime:0.000039s ]
INFO: [ view_filter ] --END-- [ RunTime:0.000095s ]
INFO: [ app_end ] --START--
INFO: Run Behavior\ShowPageTraceBehavior [ RunTime:0.000035s ]
INFO: [ app_end ] --END-- [ RunTime:0.000080s ]

[ 2017-12-14T16:33:13+08:00 ] 120.204.17.46 /index.php/Home/Index/qyfw/id/20.html
INFO: [ app_init ] --START--
INFO: Run Behavior\BuildLiteBehavior [ RunTime:0.000023s ]
INFO: [ app_init ] --END-- [ RunTime:0.000171s ]
INFO: [ app_begin ] --START--
INFO: Run Behavior\ReadHtmlCacheBehavior [ RunTime:0.000071s ]
INFO: [ app_begin ] --END-- [ RunTime:0.000128s ]
SQL: SHOW COLUMNS FROM `fuwu` [ RunTime:0.0038s ]
SQL: SELECT * FROM `fuwu` WHERE `id` = 20 LIMIT 1   [ RunTime:0.0035s ]
SQL: SELECT `id`,`name`,`f_id`,`img` FROM `fuwu` WHERE `f_id` = 20  [ RunTime:0.0035s ]
INFO: [ view_parse ] --START--
INFO: [ template_filter ] --START--
INFO: Run Behavior\ContentReplaceBehavior [ RunTime:0.000055s ]
INFO: [ template_filter ] --END-- [ RunTime:0.000113s ]
INFO: Run Behavior\ParseTemplateBehavior [ RunTime:0.004615s ]
INFO: [ view_parse ] --END-- [ RunTime:0.004680s ]
INFO: [ view_filter ] --START--
INFO: Run Behavior\WriteHtmlCacheBehavior [ RunTime:0.000045s ]
INFO: [ view_filter ] --END-- [ RunTime:0.000088s ]
INFO: [ app_end ] --START--
INFO: Run Behavior\ShowPageTraceBehavior [ RunTime:0.000051s ]
INFO: [ app_end ] --END-- [ RunTime:0.000097s ]

[ 2017-12-14T16:33:14+08:00 ] 120.204.17.46 /index.php/Home/Index/qyfw2/id/25.html
INFO: [ app_init ] --START--
INFO: Run Behavior\BuildLiteBehavior [ RunTime:0.000018s ]
INFO: [ app_init ] --END-- [ RunTime:0.000114s ]
INFO: [ app_begin ] --START--
INFO: Run Behavior\ReadHtmlCacheBehavior [ RunTime:0.000045s ]
INFO: [ app_begin ] --END-- [ RunTime:0.000104s ]
SQL: SHOW COLUMNS FROM `fuwu` [ RunTime:0.0036s ]
SQL: SELECT * FROM `fuwu` WHERE `f_id` = 25 LIMIT 1   [ RunTime:0.0034s ]
SQL: SELECT * FROM `fuwu` WHERE `f_id` = 25  [ RunTime:0.0035s ]
INFO: [ view_parse ] --START--
INFO: [ template_filter ] --START--
INFO: Run Behavior\ContentReplaceBehavior [ RunTime:0.000060s ]
INFO: [ template_filter ] --END-- [ RunTime:0.000130s ]
INFO: Run Behavior\ParseTemplateBehavior [ RunTime:0.003796s ]
INFO: [ view_parse ] --END-- [ RunTime:0.003874s ]
INFO: [ view_filter ] --START--
INFO: Run Behavior\WriteHtmlCacheBehavior [ RunTime:0.000038s ]
INFO: [ view_filter ] --END-- [ RunTime:0.000082s ]
INFO: [ app_end ] --START--
INFO: Run Behavior\ShowPageTraceBehavior [ RunTime:0.000033s ]
INFO: [ app_end ] --END-- [ RunTime:0.000075s ]

[ 2017-12-14T16:33:20+08:00 ] 101.226.33.221 /index.php/Home/Index/qyfw/id/20.html
INFO: [ app_init ] --START--
INFO: Run Behavior\BuildLiteBehavior [ RunTime:0.000016s ]
INFO: [ app_init ] --END-- [ RunTime:0.000110s ]
INFO: [ app_begin ] --START--
INFO: Run Behavior\ReadHtmlCacheBehavior [ RunTime:0.000041s ]
INFO: [ app_begin ] --END-- [ RunTime:0.000095s ]
SQL: SHOW COLUMNS FROM `fuwu` [ RunTime:0.0035s ]
SQL: SELECT * FROM `fuwu` WHERE `id` = 20 LIMIT 1   [ RunTime:0.0033s ]
SQL: SELECT `id`,`name`,`f_id`,`img` FROM `fuwu` WHERE `f_id` = 20  [ RunTime:0.0033s ]
INFO: [ view_parse ] --START--
INFO: [ template_filter ] --START--
INFO: Run Behavior\ContentReplaceBehavior [ RunTime:0.000059s ]
INFO: [ template_filter ] --END-- [ RunTime:0.000120s ]
INFO: Run Behavior\ParseTemplateBehavior [ RunTime:0.004159s ]
INFO: [ view_parse ] --END-- [ RunTime:0.004222s ]
INFO: [ view_filter ] --START--
INFO: Run Behavior\WriteHtmlCacheBehavior [ RunTime:0.000043s ]
INFO: [ view_filter ] --END-- [ RunTime:0.000108s ]
INFO: [ app_end ] --START--
INFO: Run Behavior\ShowPageTraceBehavior [ RunTime:0.000039s ]
INFO: [ app_end ] --END-- [ RunTime:0.000093s ]

[ 2017-12-14T16:33:44+08:00 ] 115.195.61.46 /index.php/Home/Index/xqym/id/38.html
INFO: [ app_init ] --START--
INFO: Run Behavior\BuildLiteBehavior [ RunTime:0.000021s ]
INFO: [ app_init ] --END-- [ RunTime:0.000132s ]
INFO: [ app_begin ] --START--
INFO: Run Behavior\ReadHtmlCacheBehavior [ RunTime:0.000073s ]
INFO: [ app_begin ] --END-- [ RunTime:0.000151s ]
SQL: SHOW COLUMNS FROM `fuwu` [ RunTime:0.0037s ]
SQL: SELECT * FROM `fuwu` WHERE `id` = 38 LIMIT 1   [ RunTime:0.0034s ]
SQL: SHOW COLUMNS FROM `pingjia` [ RunTime:0.0035s ]
SQL: SELECT * FROM `pingjia` WHERE `f_id` = 38  [ RunTime:0.0032s ]
SQL: SHOW COLUMNS FROM `fuwushang` [ RunTime:0.0036s ]
SQL: SELECT * FROM `fuwushang` WHERE `biaoshi` = 2  [ RunTime:0.0035s ]
INFO: [ view_parse ] --START--
INFO: [ template_filter ] --START--
INFO: Run Behavior\ContentReplaceBehavior [ RunTime:0.000083s ]
INFO: [ template_filter ] --END-- [ RunTime:0.000140s ]
INFO: Run Behavior\ParseTemplateBehavior [ RunTime:0.004545s ]
INFO: [ view_parse ] --END-- [ RunTime:0.004605s ]
INFO: [ view_filter ] --START--
INFO: Run Behavior\WriteHtmlCacheBehavior [ RunTime:0.000046s ]
INFO: [ view_filter ] --END-- [ RunTime:0.000092s ]
INFO: [ app_end ] --START--
INFO: Run Behavior\ShowPageTraceBehavior [ RunTime:0.000044s ]
INFO: [ app_end ] --END-- [ RunTime:0.000090s ]

[ 2017-12-14T16:33:53+08:00 ] 115.195.61.46 /index.php/Home/Index/xqym/id/37.html
INFO: [ app_init ] --START--
INFO: Run Behavior\BuildLiteBehavior [ RunTime:0.000031s ]
INFO: [ app_init ] --END-- [ RunTime:0.000132s ]
INFO: [ app_begin ] --START--
INFO: Run Behavior\ReadHtmlCacheBehavior [ RunTime:0.000064s ]
INFO: [ app_begin ] --END-- [ RunTime:0.000123s ]
SQL: SHOW COLUMNS FROM `fuwu` [ RunTime:0.0037s ]
SQL: SELECT * FROM `fuwu` WHERE `id` = 37 LIMIT 1   [ RunTime:0.0033s ]
SQL: SHOW COLUMNS FROM `pingjia` [ RunTime:0.0035s ]
SQL: SELECT * FROM `pingjia` WHERE `f_id` = 37  [ RunTime:0.0032s ]
SQL: SHOW COLUMNS FROM `fuwushang` [ RunTime:0.0035s ]
SQL: SELECT * FROM `fuwushang` WHERE `biaoshi` = 2  [ RunTime:0.0035s ]
INFO: [ view_parse ] --START--
INFO: [ template_filter ] --START--
INFO: Run Behavior\ContentReplaceBehavior [ RunTime:0.000086s ]
INFO: [ template_filter ] --END-- [ RunTime:0.000144s ]
INFO: Run Behavior\ParseTemplateBehavior [ RunTime:0.004539s ]
INFO: [ view_parse ] --END-- [ RunTime:0.004597s ]
INFO: [ view_filter ] --START--
INFO: Run Behavior\WriteHtmlCacheBehavior [ RunTime:0.000046s ]
INFO: [ view_filter ] --END-- [ RunTime:0.000091s ]
INFO: [ app_end ] --START--
INFO: Run Behavior\ShowPageTraceBehavior [ RunTime:0.000044s ]
INFO: [ app_end ] --END-- [ RunTime:0.000089s ]

[ 2017-12-14T16:33:54+08:00 ] 120.204.17.69 /index.php/Home/Index/xqym/id/38.html
INFO: [ app_init ] --START--
INFO: Run Behavior\BuildLiteBehavior [ RunTime:0.000018s ]
INFO: [ app_init ] --END-- [ RunTime:0.000126s ]
INFO: [ app_begin ] --START--
INFO: Run Behavior\ReadHtmlCacheBehavior [ RunTime:0.000061s ]
INFO: [ app_begin ] --END-- [ RunTime:0.000129s ]
SQL: SHOW COLUMNS FROM `fuwu` [ RunTime:0.0039s ]
SQL: SELECT * FROM `fuwu` WHERE `id` = 38 LIMIT 1   [ RunTime:0.0035s ]
SQL: SHOW COLUMNS FROM `pingjia` [ RunTime:0.0035s ]
SQL: SELECT * FROM `pingjia` WHERE `f_id` = 38  [ RunTime:0.0033s ]
SQL: SHOW COLUMNS FROM `fuwushang` [ RunTime:0.0036s ]
SQL: SELECT * FROM `fuwushang` WHERE `biaoshi` = 2  [ RunTime:0.0037s ]
INFO: [ view_parse ] --START--
INFO: [ template_filter ] --START--
INFO: Run Behavior\ContentReplaceBehavior [ RunTime:0.000075s ]
INFO: [ template_filter ] --END-- [ RunTime:0.000129s ]
INFO: Run Behavior\ParseTemplateBehavior [ RunTime:0.004468s ]
INFO: [ view_parse ] --END-- [ RunTime:0.004532s ]
INFO: [ view_filter ] --START--
INFO: Run Behavior\WriteHtmlCacheBehavior [ RunTime:0.000040s ]
INFO: [ view_filter ] --END-- [ RunTime:0.000083s ]
INFO: [ app_end ] --START--
INFO: Run Behavior\ShowPageTraceBehavior [ RunTime:0.000054s ]
INFO: [ app_end ] --END-- [ RunTime:0.000098s ]

[ 2017-12-14T16:34:00+08:00 ] 61.129.7.217 /index.php/Home/Index/xqym/id/38.html
INFO: [ app_init ] --START--
INFO: Run Behavior\BuildLiteBehavior [ RunTime:0.000017s ]
INFO: [ app_init ] --END-- [ RunTime:0.000116s ]
INFO: [ app_begin ] --START--
INFO: Run Behavior\ReadHtmlCacheBehavior [ RunTime:0.000047s ]
INFO: [ app_begin ] --END-- [ RunTime:0.000106s ]
SQL: SHOW COLUMNS FROM `fuwu` [ RunTime:0.0036s ]
SQL: SELECT * FROM `fuwu` WHERE `id` = 38 LIMIT 1   [ RunTime:0.0035s ]
SQL: SHOW COLUMNS FROM `pingjia` [ RunTime:0.0035s ]
SQL: SELECT * FROM `pingjia` WHERE `f_id` = 38  [ RunTime:0.0033s ]
SQL: SHOW COLUMNS FROM `fuwushang` [ RunTime:0.0037s ]
SQL: SELECT * FROM `fuwushang` WHERE `biaoshi` = 2  [ RunTime:0.0035s ]
INFO: [ view_parse ] --START--
INFO: [ template_filter ] --START--
INFO: Run Behavior\ContentReplaceBehavior [ RunTime:0.000078s ]
INFO: [ template_filter ] --END-- [ RunTime:0.000134s ]
INFO: Run Behavior\ParseTemplateBehavior [ RunTime:0.004352s ]
INFO: [ view_parse ] --END-- [ RunTime:0.004413s ]
INFO: [ view_filter ] --START--
INFO: Run Behavior\WriteHtmlCacheBehavior [ RunTime:0.000046s ]
INFO: [ view_filter ] --END-- [ RunTime:0.000093s ]
INFO: [ app_end ] --START--
INFO: Run Behavior\ShowPageTraceBehavior [ RunTime:0.000042s ]
INFO: [ app_end ] --END-- [ RunTime:0.000089s ]

[ 2017-12-14T16:34:03+08:00 ] 120.204.17.67 /index.php/Home/Index/xqym/id/37.html
INFO: [ app_init ] --START--
INFO: Run Behavior\BuildLiteBehavior [ RunTime:0.000017s ]
INFO: [ app_init ] --END-- [ RunTime:0.000120s ]
INFO: [ app_begin ] --START--
INFO: Run Behavior\ReadHtmlCacheBehavior [ RunTime:0.000067s ]
INFO: [ app_begin ] --END-- [ RunTime:0.000125s ]
SQL: SHOW COLUMNS FROM `fuwu` [ RunTime:0.0038s ]
SQL: SELECT * FROM `fuwu` WHERE `id` = 37 LIMIT 1   [ RunTime:0.0035s ]
SQL: SHOW COLUMNS FROM `pingjia` [ RunTime:0.0036s ]
SQL: SELECT * FROM `pingjia` WHERE `f_id` = 37  [ RunTime:0.0036s ]
SQL: SHOW COLUMNS FROM `fuwushang` [ RunTime:0.0038s ]
SQL: SELECT * FROM `fuwushang` WHERE `biaoshi` = 2  [ RunTime:0.0036s ]
INFO: [ view_parse ] --START--
INFO: [ template_filter ] --START--
INFO: Run Behavior\ContentReplaceBehavior [ RunTime:0.000077s ]
INFO: [ template_filter ] --END-- [ RunTime:0.000132s ]
INFO: Run Behavior\ParseTemplateBehavior [ RunTime:0.004535s ]
INFO: [ view_parse ] --END-- [ RunTime:0.004593s ]
INFO: [ view_filter ] --START--
INFO: Run Behavior\WriteHtmlCacheBehavior [ RunTime:0.000045s ]
INFO: [ view_filter ] --END-- [ RunTime:0.000087s ]
INFO: [ app_end ] --START--
INFO: Run Behavior\ShowPageTraceBehavior [ RunTime:0.000042s ]
INFO: [ app_end ] --END-- [ RunTime:0.000084s ]

[ 2017-12-14T16:34:10+08:00 ] 61.151.178.176 /index.php/Home/Index/xqym/id/37.html
INFO: [ app_init ] --START--
INFO: Run Behavior\BuildLiteBehavior [ RunTime:0.000018s ]
INFO: [ app_init ] --END-- [ RunTime:0.000136s ]
INFO: [ app_begin ] --START--
INFO: Run Behavior\ReadHtmlCacheBehavior [ RunTime:0.000050s ]
INFO: [ app_begin ] --END-- [ RunTime:0.000112s ]
SQL: SHOW COLUMNS FROM `fuwu` [ RunTime:0.0035s ]
SQL: SELECT * FROM `fuwu` WHERE `id` = 37 LIMIT 1   [ RunTime:0.0029s ]
SQL: SHOW COLUMNS FROM `pingjia` [ RunTime:0.0030s ]
SQL: SELECT * FROM `pingjia` WHERE `f_id` = 37  [ RunTime:0.0029s ]
SQL: SHOW COLUMNS FROM `fuwushang` [ RunTime:0.0031s ]
SQL: SELECT * FROM `fuwushang` WHERE `biaoshi` = 2  [ RunTime:0.0030s ]
INFO: [ view_parse ] --START--
INFO: [ template_filter ] --START--
INFO: Run Behavior\ContentReplaceBehavior [ RunTime:0.000072s ]
INFO: [ template_filter ] --END-- [ RunTime:0.000139s ]
INFO: Run Behavior\ParseTemplateBehavior [ RunTime:0.004418s ]
INFO: [ view_parse ] --END-- [ RunTime:0.004488s ]
INFO: [ view_filter ] --START--
INFO: Run Behavior\WriteHtmlCacheBehavior [ RunTime:0.000044s ]
INFO: [ view_filter ] --END-- [ RunTime:0.000090s ]
INFO: [ app_end ] --START--
INFO: Run Behavior\ShowPageTraceBehavior [ RunTime:0.000073s ]
INFO: [ app_end ] --END-- [ RunTime:0.000125s ]

