[ 2017-12-11T04:45:40+08:00 ] 140.205.225.194 /index.php?m=member&c=index&a=register&siteid=1
INFO: [ app_init ] --START--
INFO: Run Behavior\BuildLiteBehavior [ RunTime:0.000016s ]
INFO: [ app_init ] --END-- [ RunTime:0.000453s ]
ERR: 无法加载模块:Member

[ 2017-12-11T04:45:41+08:00 ] 140.205.225.194 /index.php?m=wap&a=index&siteid=1
INFO: [ app_init ] --START--
INFO: Run Behavior\BuildLiteBehavior [ RunTime:0.000024s ]
INFO: [ app_init ] --END-- [ RunTime:0.000182s ]
ERR: 无法加载模块:Wap

[ 2017-12-11T13:43:41+08:00 ] 140.205.201.43 /index.php?m=member&c=index&a=register&siteid=1
INFO: [ app_init ] --START--
INFO: Run Behavior\BuildLiteBehavior [ RunTime:0.000017s ]
INFO: [ app_init ] --END-- [ RunTime:0.000115s ]
ERR: 无法加载模块:Member

[ 2017-12-11T13:43:42+08:00 ] 140.205.201.43 /index.php?m=wap&a=index&siteid=1
INFO: [ app_init ] --START--
INFO: Run Behavior\BuildLiteBehavior [ RunTime:0.000015s ]
INFO: [ app_init ] --END-- [ RunTime:0.000106s ]
ERR: 无法加载模块:Wap

[ 2017-12-11T16:55:58+08:00 ] 115.198.93.21 /Public/admin/uploads/20171117/1cf846b7635293a9c62b343f6cfad33f9248.jpg
INFO: [ app_init ] --START--
INFO: Run Behavior\BuildLiteBehavior [ RunTime:0.000015s ]
INFO: [ app_init ] --END-- [ RunTime:0.000107s ]
ERR: 无法加载模块:Public

[ 2017-12-11T16:56:09+08:00 ] 115.198.93.21 /Public/admin/uploads/20171117/eef48ca524fb72ef944a70c43754f30e5826.jpg
INFO: [ app_init ] --START--
INFO: Run Behavior\BuildLiteBehavior [ RunTime:0.000017s ]
INFO: [ app_init ] --END-- [ RunTime:0.000133s ]
ERR: 无法加载模块:Public

[ 2017-12-11T16:56:09+08:00 ] 115.198.93.21 /Public/admin/uploads/20171117/1cf846b7635293a9c62b343f6cfad33f9248.jpg
INFO: [ app_init ] --START--
INFO: Run Behavior\BuildLiteBehavior [ RunTime:0.000013s ]
INFO: [ app_init ] --END-- [ RunTime:0.000097s ]
ERR: 无法加载模块:Public

[ 2017-12-11T16:56:09+08:00 ] 115.198.93.21 /Public/admin/uploads/20171117/8b6212eb6d839233dd8d400dfc52d97b6100.jpg
INFO: [ app_init ] --START--
INFO: Run Behavior\BuildLiteBehavior [ RunTime:0.000013s ]
INFO: [ app_init ] --END-- [ RunTime:0.000082s ]
ERR: 无法加载模块:Public

[ 2017-12-11T16:56:09+08:00 ] 115.198.93.21 /Public/admin/uploads/20171117/4553911af11c674b2bbe4a7a417712e57052.jpg
INFO: [ app_init ] --START--
INFO: Run Behavior\BuildLiteBehavior [ RunTime:0.000012s ]
INFO: [ app_init ] --END-- [ RunTime:0.000077s ]
ERR: 无法加载模块:Public

[ 2017-12-11T22:41:40+08:00 ] 140.205.201.43 /index.php?m=member&c=index&a=register&siteid=1
INFO: [ app_init ] --START--
INFO: Run Behavior\BuildLiteBehavior [ RunTime:0.000018s ]
INFO: [ app_init ] --END-- [ RunTime:0.000124s ]
ERR: 无法加载模块:Member

[ 2017-12-11T22:41:41+08:00 ] 140.205.201.43 /index.php?m=wap&a=index&siteid=1
INFO: [ app_init ] --START--
INFO: Run Behavior\BuildLiteBehavior [ RunTime:0.000018s ]
INFO: [ app_init ] --END-- [ RunTime:0.000116s ]
ERR: 无法加载模块:Wap

